-------------------------------------------------------------------------------
Test set: com.plm.PlmIntegrationTest
-------------------------------------------------------------------------------
Tests run: 7, Failures: 0, Errors: 7, Skipped: 0, Time elapsed: 0.030 s <<< FAILURE! -- in com.plm.PlmIntegrationTest
com.plm.PlmIntegrationTest.testContentModification -- Time elapsed: 0.004 s <<< ERROR!
org.springframework.jdbc.BadSqlGrammarException: jOOQ; bad SQL grammar [INSERT INTO LIFECYCLE (ID, NAME) VALUES (?, ?)]
	at org.jooq_3.19.6.POSTGRES.debug(Unknown Source)
	at org.springframework.jdbc.support.SQLExceptionSubclassTranslator.doTranslate(SQLExceptionSubclassTranslator.java:103)
	at org.springframework.jdbc.support.AbstractFallbackSQLExceptionTranslator.translate(AbstractFallbackSQLExceptionTranslator.java:107)
	at org.springframework.jdbc.support.AbstractFallbackSQLExceptionTranslator.translate(AbstractFallbackSQLExceptionTranslator.java:116)
	at org.springframework.boot.autoconfigure.jooq.DefaultExceptionTranslatorExecuteListener.handle(DefaultExceptionTranslatorExecuteListener.java:93)
	at org.springframework.boot.autoconfigure.jooq.DefaultExceptionTranslatorExecuteListener.exception(DefaultExceptionTranslatorExecuteListener.java:78)
	at org.jooq.impl.ExecuteListeners.exception(ExecuteListeners.java:304)
	at org.jooq.impl.AbstractQuery.execute(AbstractQuery.java:363)
	at org.jooq.impl.DefaultDSLContext.execute(DefaultDSLContext.java:1115)
	at com.plm.PlmIntegrationTest.setupMetaModel(PlmIntegrationTest.java:76)
	at java.base/java.lang.reflect.Method.invoke(Method.java:580)
	at java.base/java.util.ArrayList.forEach(ArrayList.java:1596)
	at java.base/java.util.ArrayList.forEach(ArrayList.java:1596)
Caused by: org.h2.jdbc.JdbcSQLSyntaxErrorException: Table "lifecycle" not found; SQL statement:
INSERT INTO LIFECYCLE (ID, NAME) VALUES (?, ?) [42102-224]
	at org.h2.message.DbException.getJdbcSQLException(DbException.java:514)
	at org.h2.message.DbException.getJdbcSQLException(DbException.java:489)
	at org.h2.message.DbException.get(DbException.java:223)
	at org.h2.message.DbException.get(DbException.java:199)
	at org.h2.command.Parser.getTableOrViewNotFoundDbException(Parser.java:8064)
	at org.h2.command.Parser.getTableOrViewNotFoundDbException(Parser.java:8035)
	at org.h2.command.Parser.readTableOrView(Parser.java:8024)
	at org.h2.command.Parser.readTableOrView(Parser.java:7990)
	at org.h2.command.Parser.parseInsert(Parser.java:1540)
	at org.h2.command.Parser.parsePrepared(Parser.java:719)
	at org.h2.command.Parser.parse(Parser.java:592)
	at org.h2.command.Parser.parse(Parser.java:564)
	at org.h2.command.Parser.prepareCommand(Parser.java:483)
	at org.h2.engine.SessionLocal.prepareLocal(SessionLocal.java:639)
	at org.h2.engine.SessionLocal.prepareCommand(SessionLocal.java:559)
	at org.h2.jdbc.JdbcConnection.prepareCommand(JdbcConnection.java:1166)
	at org.h2.jdbc.JdbcPreparedStatement.<init>(JdbcPreparedStatement.java:93)
	at org.h2.jdbc.JdbcConnection.prepareStatement(JdbcConnection.java:316)
	at com.zaxxer.hikari.pool.ProxyConnection.prepareStatement(ProxyConnection.java:328)
	at com.zaxxer.hikari.pool.HikariProxyConnection.prepareStatement(HikariProxyConnection.java)
	at java.base/jdk.internal.reflect.DirectMethodHandleAccessor.invoke(DirectMethodHandleAccessor.java:103)
	at java.base/java.lang.reflect.Method.invoke(Method.java:580)
	at org.springframework.jdbc.datasource.TransactionAwareDataSourceProxy$TransactionAwareInvocationHandler.invoke(TransactionAwareDataSourceProxy.java:272)
	at jdk.proxy2/jdk.proxy2.$Proxy170.prepareStatement(Unknown Source)
	at org.jooq.impl.ProviderEnabledConnection.prepareStatement(ProviderEnabledConnection.java:109)
	at org.jooq.impl.SettingsEnabledConnection.prepareStatement(SettingsEnabledConnection.java:91)
	at org.jooq.impl.AbstractQuery.prepare(AbstractQuery.java:431)
	at org.jooq.impl.AbstractQuery.execute(AbstractQuery.java:315)
	... 5 more

com.plm.PlmIntegrationTest.testReviseIncrementsRevision -- Time elapsed: 0.003 s <<< ERROR!
org.springframework.jdbc.BadSqlGrammarException: jOOQ; bad SQL grammar [INSERT INTO LIFECYCLE (ID, NAME) VALUES (?, ?)]
	at org.jooq_3.19.6.POSTGRES.debug(Unknown Source)
	at org.springframework.jdbc.support.SQLExceptionSubclassTranslator.doTranslate(SQLExceptionSubclassTranslator.java:103)
	at org.springframework.jdbc.support.AbstractFallbackSQLExceptionTranslator.translate(AbstractFallbackSQLExceptionTranslator.java:107)
	at org.springframework.jdbc.support.AbstractFallbackSQLExceptionTranslator.translate(AbstractFallbackSQLExceptionTranslator.java:116)
	at org.springframework.boot.autoconfigure.jooq.DefaultExceptionTranslatorExecuteListener.handle(DefaultExceptionTranslatorExecuteListener.java:93)
	at org.springframework.boot.autoconfigure.jooq.DefaultExceptionTranslatorExecuteListener.exception(DefaultExceptionTranslatorExecuteListener.java:78)
	at org.jooq.impl.ExecuteListeners.exception(ExecuteListeners.java:304)
	at org.jooq.impl.AbstractQuery.execute(AbstractQuery.java:363)
	at org.jooq.impl.DefaultDSLContext.execute(DefaultDSLContext.java:1115)
	at com.plm.PlmIntegrationTest.setupMetaModel(PlmIntegrationTest.java:76)
	at java.base/java.lang.reflect.Method.invoke(Method.java:580)
	at java.base/java.util.ArrayList.forEach(ArrayList.java:1596)
	at java.base/java.util.ArrayList.forEach(ArrayList.java:1596)
Caused by: org.h2.jdbc.JdbcSQLSyntaxErrorException: Table "lifecycle" not found; SQL statement:
INSERT INTO LIFECYCLE (ID, NAME) VALUES (?, ?) [42102-224]
	at org.h2.message.DbException.getJdbcSQLException(DbException.java:514)
	at org.h2.message.DbException.getJdbcSQLException(DbException.java:489)
	at org.h2.message.DbException.get(DbException.java:223)
	at org.h2.message.DbException.get(DbException.java:199)
	at org.h2.command.Parser.getTableOrViewNotFoundDbException(Parser.java:8064)
	at org.h2.command.Parser.getTableOrViewNotFoundDbException(Parser.java:8035)
	at org.h2.command.Parser.readTableOrView(Parser.java:8024)
	at org.h2.command.Parser.readTableOrView(Parser.java:7990)
	at org.h2.command.Parser.parseInsert(Parser.java:1540)
	at org.h2.command.Parser.parsePrepared(Parser.java:719)
	at org.h2.command.Parser.parse(Parser.java:592)
	at org.h2.command.Parser.parse(Parser.java:564)
	at org.h2.command.Parser.prepareCommand(Parser.java:483)
	at org.h2.engine.SessionLocal.prepareLocal(SessionLocal.java:639)
	at org.h2.engine.SessionLocal.prepareCommand(SessionLocal.java:559)
	at org.h2.jdbc.JdbcConnection.prepareCommand(JdbcConnection.java:1166)
	at org.h2.jdbc.JdbcPreparedStatement.<init>(JdbcPreparedStatement.java:93)
	at org.h2.jdbc.JdbcConnection.prepareStatement(JdbcConnection.java:316)
	at com.zaxxer.hikari.pool.ProxyConnection.prepareStatement(ProxyConnection.java:328)
	at com.zaxxer.hikari.pool.HikariProxyConnection.prepareStatement(HikariProxyConnection.java)
	at java.base/jdk.internal.reflect.DirectMethodHandleAccessor.invoke(DirectMethodHandleAccessor.java:103)
	at java.base/java.lang.reflect.Method.invoke(Method.java:580)
	at org.springframework.jdbc.datasource.TransactionAwareDataSourceProxy$TransactionAwareInvocationHandler.invoke(TransactionAwareDataSourceProxy.java:272)
	at jdk.proxy2/jdk.proxy2.$Proxy170.prepareStatement(Unknown Source)
	at org.jooq.impl.ProviderEnabledConnection.prepareStatement(ProviderEnabledConnection.java:109)
	at org.jooq.impl.SettingsEnabledConnection.prepareStatement(SettingsEnabledConnection.java:91)
	at org.jooq.impl.AbstractQuery.prepare(AbstractQuery.java:431)
	at org.jooq.impl.AbstractQuery.execute(AbstractQuery.java:315)
	... 5 more

com.plm.PlmIntegrationTest.testObjectDescription -- Time elapsed: 0.003 s <<< ERROR!
org.springframework.jdbc.BadSqlGrammarException: jOOQ; bad SQL grammar [INSERT INTO LIFECYCLE (ID, NAME) VALUES (?, ?)]
	at org.jooq_3.19.6.POSTGRES.debug(Unknown Source)
	at org.springframework.jdbc.support.SQLExceptionSubclassTranslator.doTranslate(SQLExceptionSubclassTranslator.java:103)
	at org.springframework.jdbc.support.AbstractFallbackSQLExceptionTranslator.translate(AbstractFallbackSQLExceptionTranslator.java:107)
	at org.springframework.jdbc.support.AbstractFallbackSQLExceptionTranslator.translate(AbstractFallbackSQLExceptionTranslator.java:116)
	at org.springframework.boot.autoconfigure.jooq.DefaultExceptionTranslatorExecuteListener.handle(DefaultExceptionTranslatorExecuteListener.java:93)
	at org.springframework.boot.autoconfigure.jooq.DefaultExceptionTranslatorExecuteListener.exception(DefaultExceptionTranslatorExecuteListener.java:78)
	at org.jooq.impl.ExecuteListeners.exception(ExecuteListeners.java:304)
	at org.jooq.impl.AbstractQuery.execute(AbstractQuery.java:363)
	at org.jooq.impl.DefaultDSLContext.execute(DefaultDSLContext.java:1115)
	at com.plm.PlmIntegrationTest.setupMetaModel(PlmIntegrationTest.java:76)
	at java.base/java.lang.reflect.Method.invoke(Method.java:580)
	at java.base/java.util.ArrayList.forEach(ArrayList.java:1596)
	at java.base/java.util.ArrayList.forEach(ArrayList.java:1596)
Caused by: org.h2.jdbc.JdbcSQLSyntaxErrorException: Table "lifecycle" not found; SQL statement:
INSERT INTO LIFECYCLE (ID, NAME) VALUES (?, ?) [42102-224]
	at org.h2.message.DbException.getJdbcSQLException(DbException.java:514)
	at org.h2.message.DbException.getJdbcSQLException(DbException.java:489)
	at org.h2.message.DbException.get(DbException.java:223)
	at org.h2.message.DbException.get(DbException.java:199)
	at org.h2.command.Parser.getTableOrViewNotFoundDbException(Parser.java:8064)
	at org.h2.command.Parser.getTableOrViewNotFoundDbException(Parser.java:8035)
	at org.h2.command.Parser.readTableOrView(Parser.java:8024)
	at org.h2.command.Parser.readTableOrView(Parser.java:7990)
	at org.h2.command.Parser.parseInsert(Parser.java:1540)
	at org.h2.command.Parser.parsePrepared(Parser.java:719)
	at org.h2.command.Parser.parse(Parser.java:592)
	at org.h2.command.Parser.parse(Parser.java:564)
	at org.h2.command.Parser.prepareCommand(Parser.java:483)
	at org.h2.engine.SessionLocal.prepareLocal(SessionLocal.java:639)
	at org.h2.engine.SessionLocal.prepareCommand(SessionLocal.java:559)
	at org.h2.jdbc.JdbcConnection.prepareCommand(JdbcConnection.java:1166)
	at org.h2.jdbc.JdbcPreparedStatement.<init>(JdbcPreparedStatement.java:93)
	at org.h2.jdbc.JdbcConnection.prepareStatement(JdbcConnection.java:316)
	at com.zaxxer.hikari.pool.ProxyConnection.prepareStatement(ProxyConnection.java:328)
	at com.zaxxer.hikari.pool.HikariProxyConnection.prepareStatement(HikariProxyConnection.java)
	at java.base/jdk.internal.reflect.DirectMethodHandleAccessor.invoke(DirectMethodHandleAccessor.java:103)
	at java.base/java.lang.reflect.Method.invoke(Method.java:580)
	at org.springframework.jdbc.datasource.TransactionAwareDataSourceProxy$TransactionAwareInvocationHandler.invoke(TransactionAwareDataSourceProxy.java:272)
	at jdk.proxy2/jdk.proxy2.$Proxy170.prepareStatement(Unknown Source)
	at org.jooq.impl.ProviderEnabledConnection.prepareStatement(ProviderEnabledConnection.java:109)
	at org.jooq.impl.SettingsEnabledConnection.prepareStatement(SettingsEnabledConnection.java:91)
	at org.jooq.impl.AbstractQuery.prepare(AbstractQuery.java:431)
	at org.jooq.impl.AbstractQuery.execute(AbstractQuery.java:315)
	... 5 more

com.plm.PlmIntegrationTest.testAuditTrail -- Time elapsed: 0.003 s <<< ERROR!
org.springframework.jdbc.BadSqlGrammarException: jOOQ; bad SQL grammar [INSERT INTO LIFECYCLE (ID, NAME) VALUES (?, ?)]
	at org.jooq_3.19.6.POSTGRES.debug(Unknown Source)
	at org.springframework.jdbc.support.SQLExceptionSubclassTranslator.doTranslate(SQLExceptionSubclassTranslator.java:103)
	at org.springframework.jdbc.support.AbstractFallbackSQLExceptionTranslator.translate(AbstractFallbackSQLExceptionTranslator.java:107)
	at org.springframework.jdbc.support.AbstractFallbackSQLExceptionTranslator.translate(AbstractFallbackSQLExceptionTranslator.java:116)
	at org.springframework.boot.autoconfigure.jooq.DefaultExceptionTranslatorExecuteListener.handle(DefaultExceptionTranslatorExecuteListener.java:93)
	at org.springframework.boot.autoconfigure.jooq.DefaultExceptionTranslatorExecuteListener.exception(DefaultExceptionTranslatorExecuteListener.java:78)
	at org.jooq.impl.ExecuteListeners.exception(ExecuteListeners.java:304)
	at org.jooq.impl.AbstractQuery.execute(AbstractQuery.java:363)
	at org.jooq.impl.DefaultDSLContext.execute(DefaultDSLContext.java:1115)
	at com.plm.PlmIntegrationTest.setupMetaModel(PlmIntegrationTest.java:76)
	at java.base/java.lang.reflect.Method.invoke(Method.java:580)
	at java.base/java.util.ArrayList.forEach(ArrayList.java:1596)
	at java.base/java.util.ArrayList.forEach(ArrayList.java:1596)
Caused by: org.h2.jdbc.JdbcSQLSyntaxErrorException: Table "lifecycle" not found; SQL statement:
INSERT INTO LIFECYCLE (ID, NAME) VALUES (?, ?) [42102-224]
	at org.h2.message.DbException.getJdbcSQLException(DbException.java:514)
	at org.h2.message.DbException.getJdbcSQLException(DbException.java:489)
	at org.h2.message.DbException.get(DbException.java:223)
	at org.h2.message.DbException.get(DbException.java:199)
	at org.h2.command.Parser.getTableOrViewNotFoundDbException(Parser.java:8064)
	at org.h2.command.Parser.getTableOrViewNotFoundDbException(Parser.java:8035)
	at org.h2.command.Parser.readTableOrView(Parser.java:8024)
	at org.h2.command.Parser.readTableOrView(Parser.java:7990)
	at org.h2.command.Parser.parseInsert(Parser.java:1540)
	at org.h2.command.Parser.parsePrepared(Parser.java:719)
	at org.h2.command.Parser.parse(Parser.java:592)
	at org.h2.command.Parser.parse(Parser.java:564)
	at org.h2.command.Parser.prepareCommand(Parser.java:483)
	at org.h2.engine.SessionLocal.prepareLocal(SessionLocal.java:639)
	at org.h2.engine.SessionLocal.prepareCommand(SessionLocal.java:559)
	at org.h2.jdbc.JdbcConnection.prepareCommand(JdbcConnection.java:1166)
	at org.h2.jdbc.JdbcPreparedStatement.<init>(JdbcPreparedStatement.java:93)
	at org.h2.jdbc.JdbcConnection.prepareStatement(JdbcConnection.java:316)
	at com.zaxxer.hikari.pool.ProxyConnection.prepareStatement(ProxyConnection.java:328)
	at com.zaxxer.hikari.pool.HikariProxyConnection.prepareStatement(HikariProxyConnection.java)
	at java.base/jdk.internal.reflect.DirectMethodHandleAccessor.invoke(DirectMethodHandleAccessor.java:103)
	at java.base/java.lang.reflect.Method.invoke(Method.java:580)
	at org.springframework.jdbc.datasource.TransactionAwareDataSourceProxy$TransactionAwareInvocationHandler.invoke(TransactionAwareDataSourceProxy.java:272)
	at jdk.proxy2/jdk.proxy2.$Proxy170.prepareStatement(Unknown Source)
	at org.jooq.impl.ProviderEnabledConnection.prepareStatement(ProviderEnabledConnection.java:109)
	at org.jooq.impl.SettingsEnabledConnection.prepareStatement(SettingsEnabledConnection.java:91)
	at org.jooq.impl.AbstractQuery.prepare(AbstractQuery.java:431)
	at org.jooq.impl.AbstractQuery.execute(AbstractQuery.java:315)
	... 5 more

com.plm.PlmIntegrationTest.testLifecycleChangePreservesIteration -- Time elapsed: 0.003 s <<< ERROR!
org.springframework.jdbc.BadSqlGrammarException: jOOQ; bad SQL grammar [INSERT INTO LIFECYCLE (ID, NAME) VALUES (?, ?)]
	at org.jooq_3.19.6.POSTGRES.debug(Unknown Source)
	at org.springframework.jdbc.support.SQLExceptionSubclassTranslator.doTranslate(SQLExceptionSubclassTranslator.java:103)
	at org.springframework.jdbc.support.AbstractFallbackSQLExceptionTranslator.translate(AbstractFallbackSQLExceptionTranslator.java:107)
	at org.springframework.jdbc.support.AbstractFallbackSQLExceptionTranslator.translate(AbstractFallbackSQLExceptionTranslator.java:116)
	at org.springframework.boot.autoconfigure.jooq.DefaultExceptionTranslatorExecuteListener.handle(DefaultExceptionTranslatorExecuteListener.java:93)
	at org.springframework.boot.autoconfigure.jooq.DefaultExceptionTranslatorExecuteListener.exception(DefaultExceptionTranslatorExecuteListener.java:78)
	at org.jooq.impl.ExecuteListeners.exception(ExecuteListeners.java:304)
	at org.jooq.impl.AbstractQuery.execute(AbstractQuery.java:363)
	at org.jooq.impl.DefaultDSLContext.execute(DefaultDSLContext.java:1115)
	at com.plm.PlmIntegrationTest.setupMetaModel(PlmIntegrationTest.java:76)
	at java.base/java.lang.reflect.Method.invoke(Method.java:580)
	at java.base/java.util.ArrayList.forEach(ArrayList.java:1596)
	at java.base/java.util.ArrayList.forEach(ArrayList.java:1596)
Caused by: org.h2.jdbc.JdbcSQLSyntaxErrorException: Table "lifecycle" not found; SQL statement:
INSERT INTO LIFECYCLE (ID, NAME) VALUES (?, ?) [42102-224]
	at org.h2.message.DbException.getJdbcSQLException(DbException.java:514)
	at org.h2.message.DbException.getJdbcSQLException(DbException.java:489)
	at org.h2.message.DbException.get(DbException.java:223)
	at org.h2.message.DbException.get(DbException.java:199)
	at org.h2.command.Parser.getTableOrViewNotFoundDbException(Parser.java:8064)
	at org.h2.command.Parser.getTableOrViewNotFoundDbException(Parser.java:8035)
	at org.h2.command.Parser.readTableOrView(Parser.java:8024)
	at org.h2.command.Parser.readTableOrView(Parser.java:7990)
	at org.h2.command.Parser.parseInsert(Parser.java:1540)
	at org.h2.command.Parser.parsePrepared(Parser.java:719)
	at org.h2.command.Parser.parse(Parser.java:592)
	at org.h2.command.Parser.parse(Parser.java:564)
	at org.h2.command.Parser.prepareCommand(Parser.java:483)
	at org.h2.engine.SessionLocal.prepareLocal(SessionLocal.java:639)
	at org.h2.engine.SessionLocal.prepareCommand(SessionLocal.java:559)
	at org.h2.jdbc.JdbcConnection.prepareCommand(JdbcConnection.java:1166)
	at org.h2.jdbc.JdbcPreparedStatement.<init>(JdbcPreparedStatement.java:93)
	at org.h2.jdbc.JdbcConnection.prepareStatement(JdbcConnection.java:316)
	at com.zaxxer.hikari.pool.ProxyConnection.prepareStatement(ProxyConnection.java:328)
	at com.zaxxer.hikari.pool.HikariProxyConnection.prepareStatement(HikariProxyConnection.java)
	at java.base/jdk.internal.reflect.DirectMethodHandleAccessor.invoke(DirectMethodHandleAccessor.java:103)
	at java.base/java.lang.reflect.Method.invoke(Method.java:580)
	at org.springframework.jdbc.datasource.TransactionAwareDataSourceProxy$TransactionAwareInvocationHandler.invoke(TransactionAwareDataSourceProxy.java:272)
	at jdk.proxy2/jdk.proxy2.$Proxy170.prepareStatement(Unknown Source)
	at org.jooq.impl.ProviderEnabledConnection.prepareStatement(ProviderEnabledConnection.java:109)
	at org.jooq.impl.SettingsEnabledConnection.prepareStatement(SettingsEnabledConnection.java:91)
	at org.jooq.impl.AbstractQuery.prepare(AbstractQuery.java:431)
	at org.jooq.impl.AbstractQuery.execute(AbstractQuery.java:315)
	... 5 more

com.plm.PlmIntegrationTest.testLockConflict -- Time elapsed: 0.003 s <<< ERROR!
org.springframework.jdbc.BadSqlGrammarException: jOOQ; bad SQL grammar [INSERT INTO LIFECYCLE (ID, NAME) VALUES (?, ?)]
	at org.jooq_3.19.6.POSTGRES.debug(Unknown Source)
	at org.springframework.jdbc.support.SQLExceptionSubclassTranslator.doTranslate(SQLExceptionSubclassTranslator.java:103)
	at org.springframework.jdbc.support.AbstractFallbackSQLExceptionTranslator.translate(AbstractFallbackSQLExceptionTranslator.java:107)
	at org.springframework.jdbc.support.AbstractFallbackSQLExceptionTranslator.translate(AbstractFallbackSQLExceptionTranslator.java:116)
	at org.springframework.boot.autoconfigure.jooq.DefaultExceptionTranslatorExecuteListener.handle(DefaultExceptionTranslatorExecuteListener.java:93)
	at org.springframework.boot.autoconfigure.jooq.DefaultExceptionTranslatorExecuteListener.exception(DefaultExceptionTranslatorExecuteListener.java:78)
	at org.jooq.impl.ExecuteListeners.exception(ExecuteListeners.java:304)
	at org.jooq.impl.AbstractQuery.execute(AbstractQuery.java:363)
	at org.jooq.impl.DefaultDSLContext.execute(DefaultDSLContext.java:1115)
	at com.plm.PlmIntegrationTest.setupMetaModel(PlmIntegrationTest.java:76)
	at java.base/java.lang.reflect.Method.invoke(Method.java:580)
	at java.base/java.util.ArrayList.forEach(ArrayList.java:1596)
	at java.base/java.util.ArrayList.forEach(ArrayList.java:1596)
Caused by: org.h2.jdbc.JdbcSQLSyntaxErrorException: Table "lifecycle" not found; SQL statement:
INSERT INTO LIFECYCLE (ID, NAME) VALUES (?, ?) [42102-224]
	at org.h2.message.DbException.getJdbcSQLException(DbException.java:514)
	at org.h2.message.DbException.getJdbcSQLException(DbException.java:489)
	at org.h2.message.DbException.get(DbException.java:223)
	at org.h2.message.DbException.get(DbException.java:199)
	at org.h2.command.Parser.getTableOrViewNotFoundDbException(Parser.java:8064)
	at org.h2.command.Parser.getTableOrViewNotFoundDbException(Parser.java:8035)
	at org.h2.command.Parser.readTableOrView(Parser.java:8024)
	at org.h2.command.Parser.readTableOrView(Parser.java:7990)
	at org.h2.command.Parser.parseInsert(Parser.java:1540)
	at org.h2.command.Parser.parsePrepared(Parser.java:719)
	at org.h2.command.Parser.parse(Parser.java:592)
	at org.h2.command.Parser.parse(Parser.java:564)
	at org.h2.command.Parser.prepareCommand(Parser.java:483)
	at org.h2.engine.SessionLocal.prepareLocal(SessionLocal.java:639)
	at org.h2.engine.SessionLocal.prepareCommand(SessionLocal.java:559)
	at org.h2.jdbc.JdbcConnection.prepareCommand(JdbcConnection.java:1166)
	at org.h2.jdbc.JdbcPreparedStatement.<init>(JdbcPreparedStatement.java:93)
	at org.h2.jdbc.JdbcConnection.prepareStatement(JdbcConnection.java:316)
	at com.zaxxer.hikari.pool.ProxyConnection.prepareStatement(ProxyConnection.java:328)
	at com.zaxxer.hikari.pool.HikariProxyConnection.prepareStatement(HikariProxyConnection.java)
	at java.base/jdk.internal.reflect.DirectMethodHandleAccessor.invoke(DirectMethodHandleAccessor.java:103)
	at java.base/java.lang.reflect.Method.invoke(Method.java:580)
	at org.springframework.jdbc.datasource.TransactionAwareDataSourceProxy$TransactionAwareInvocationHandler.invoke(TransactionAwareDataSourceProxy.java:272)
	at jdk.proxy2/jdk.proxy2.$Proxy170.prepareStatement(Unknown Source)
	at org.jooq.impl.ProviderEnabledConnection.prepareStatement(ProviderEnabledConnection.java:109)
	at org.jooq.impl.SettingsEnabledConnection.prepareStatement(SettingsEnabledConnection.java:91)
	at org.jooq.impl.AbstractQuery.prepare(AbstractQuery.java:431)
	at org.jooq.impl.AbstractQuery.execute(AbstractQuery.java:315)
	... 5 more

com.plm.PlmIntegrationTest.testNodeCreation -- Time elapsed: 0.003 s <<< ERROR!
org.springframework.jdbc.BadSqlGrammarException: jOOQ; bad SQL grammar [INSERT INTO LIFECYCLE (ID, NAME) VALUES (?, ?)]
	at org.jooq_3.19.6.POSTGRES.debug(Unknown Source)
	at org.springframework.jdbc.support.SQLExceptionSubclassTranslator.doTranslate(SQLExceptionSubclassTranslator.java:103)
	at org.springframework.jdbc.support.AbstractFallbackSQLExceptionTranslator.translate(AbstractFallbackSQLExceptionTranslator.java:107)
	at org.springframework.jdbc.support.AbstractFallbackSQLExceptionTranslator.translate(AbstractFallbackSQLExceptionTranslator.java:116)
	at org.springframework.boot.autoconfigure.jooq.DefaultExceptionTranslatorExecuteListener.handle(DefaultExceptionTranslatorExecuteListener.java:93)
	at org.springframework.boot.autoconfigure.jooq.DefaultExceptionTranslatorExecuteListener.exception(DefaultExceptionTranslatorExecuteListener.java:78)
	at org.jooq.impl.ExecuteListeners.exception(ExecuteListeners.java:304)
	at org.jooq.impl.AbstractQuery.execute(AbstractQuery.java:363)
	at org.jooq.impl.DefaultDSLContext.execute(DefaultDSLContext.java:1115)
	at com.plm.PlmIntegrationTest.setupMetaModel(PlmIntegrationTest.java:76)
	at java.base/java.lang.reflect.Method.invoke(Method.java:580)
	at java.base/java.util.ArrayList.forEach(ArrayList.java:1596)
	at java.base/java.util.ArrayList.forEach(ArrayList.java:1596)
Caused by: org.h2.jdbc.JdbcSQLSyntaxErrorException: Table "lifecycle" not found; SQL statement:
INSERT INTO LIFECYCLE (ID, NAME) VALUES (?, ?) [42102-224]
	at org.h2.message.DbException.getJdbcSQLException(DbException.java:514)
	at org.h2.message.DbException.getJdbcSQLException(DbException.java:489)
	at org.h2.message.DbException.get(DbException.java:223)
	at org.h2.message.DbException.get(DbException.java:199)
	at org.h2.command.Parser.getTableOrViewNotFoundDbException(Parser.java:8064)
	at org.h2.command.Parser.getTableOrViewNotFoundDbException(Parser.java:8035)
	at org.h2.command.Parser.readTableOrView(Parser.java:8024)
	at org.h2.command.Parser.readTableOrView(Parser.java:7990)
	at org.h2.command.Parser.parseInsert(Parser.java:1540)
	at org.h2.command.Parser.parsePrepared(Parser.java:719)
	at org.h2.command.Parser.parse(Parser.java:592)
	at org.h2.command.Parser.parse(Parser.java:564)
	at org.h2.command.Parser.prepareCommand(Parser.java:483)
	at org.h2.engine.SessionLocal.prepareLocal(SessionLocal.java:639)
	at org.h2.engine.SessionLocal.prepareCommand(SessionLocal.java:559)
	at org.h2.jdbc.JdbcConnection.prepareCommand(JdbcConnection.java:1166)
	at org.h2.jdbc.JdbcPreparedStatement.<init>(JdbcPreparedStatement.java:93)
	at org.h2.jdbc.JdbcConnection.prepareStatement(JdbcConnection.java:316)
	at com.zaxxer.hikari.pool.ProxyConnection.prepareStatement(ProxyConnection.java:328)
	at com.zaxxer.hikari.pool.HikariProxyConnection.prepareStatement(HikariProxyConnection.java)
	at java.base/jdk.internal.reflect.DirectMethodHandleAccessor.invoke(DirectMethodHandleAccessor.java:103)
	at java.base/java.lang.reflect.Method.invoke(Method.java:580)
	at org.springframework.jdbc.datasource.TransactionAwareDataSourceProxy$TransactionAwareInvocationHandler.invoke(TransactionAwareDataSourceProxy.java:272)
	at jdk.proxy2/jdk.proxy2.$Proxy170.prepareStatement(Unknown Source)
	at org.jooq.impl.ProviderEnabledConnection.prepareStatement(ProviderEnabledConnection.java:109)
	at org.jooq.impl.SettingsEnabledConnection.prepareStatement(SettingsEnabledConnection.java:91)
	at org.jooq.impl.AbstractQuery.prepare(AbstractQuery.java:431)
	at org.jooq.impl.AbstractQuery.execute(AbstractQuery.java:315)
	... 5 more

