<?xml version="1.0" encoding="UTF-8"?>
<testsuite xmlns:xsi="http://www.w3.org/2001/XMLSchema-instance" xsi:noNamespaceSchemaLocation="https://maven.apache.org/surefire/maven-surefire-plugin/xsd/surefire-test-report.xsd" version="3.0.2" name="com.plm.PlmIntegrationTest" time="0.553" tests="4" errors="0" skipped="0" failures="0">
  <properties>
[...]
</properties>
  <testcase name="testContentModification" classname="com.plm.PlmIntegrationTest" time="0.154">
    <system-out><![CDATA[2026-04-20T20:24:24.602Z  INFO 85 --- [plm-core] [           main] t.c.s.AnnotationConfigContextLoaderUtils : Could not detect default configuration classes for test class [com.plm.PlmIntegrationTest]: PlmIntegrationTest does not declare any static, non-private, non-final, nested classes annotated with @Configuration.
2026-04-20T20:24:24.606Z  INFO 85 --- [plm-core] [           main] .b.t.c.SpringBootTestContextBootstrapper : Found @SpringBootConfiguration com.plm.PlmApplication for test class com.plm.PlmIntegrationTest
2026-04-20T20:24:24.647Z  INFO 85 --- [plm-core] [           main] c.p.n.t.internal.PlmTransactionService   : Transaction opened: id=f34f6707-15b8-48eb-8ea5-034e5207d1d9 owner=alice
2026-04-20T20:24:24.657Z  INFO 85 --- [plm-core] [           main] com.plm.node.NodeService                 : Node created: id=a1b47f4d-841d-440a-bdf0-0c150aa2ecf7 type=6833f7d2-765a-4473-b545-47493f2959d2 user=alice
2026-04-20T20:24:24.668Z  INFO 85 --- [plm-core] [           main] c.p.n.t.internal.PlmTransactionService   : Transaction committed: id=f34f6707-15b8-48eb-8ea5-034e5207d1d9 owner=alice versions=1 deferred=0 continuation=null comment='Initial creation'
2026-04-20T20:24:24.671Z  INFO 85 --- [plm-core] [           main] c.p.n.t.internal.PlmTransactionService   : Transaction opened: id=75c38dbe-2813-4153-8296-ac676e8614d6 owner=alice
2026-04-20T20:24:24.715Z  INFO 85 --- [plm-core] [           main] c.p.n.version.internal.VersionService    : Version created: node=a1b47f4d-841d-440a-bdf0-0c150aa2ecf7 v=2 A.2 type=CONTENT tx=75c38dbe-2813-4153-8296-ac676e8614d6 user=alice
2026-04-20T20:24:24.728Z  INFO 85 --- [plm-core] [           main] c.p.n.t.internal.PlmTransactionService   : Transaction committed: id=75c38dbe-2813-4153-8296-ac676e8614d6 owner=alice versions=1 deferred=0 continuation=null comment='Content update done'
]]></system-out>
  </testcase>
  <testcase name="testReviseIncrementsRevision" classname="com.plm.PlmIntegrationTest" time="0.254">
    <system-out><![CDATA[2026-04-20T20:24:24.801Z  INFO 85 --- [plm-core] [           main] c.p.n.t.internal.PlmTransactionService   : Transaction opened: id=0b5bbb22-22b8-4aac-a80a-974da5af8fab owner=alice
2026-04-20T20:24:24.822Z  INFO 85 --- [plm-core] [           main] com.plm.node.NodeService                 : Node created: id=7763591d-94be-4922-a62a-7c4df5d60aab type=a014b099-e9b8-40b8-8dd4-f2f3008ae6e9 user=alice
2026-04-20T20:24:24.836Z  INFO 85 --- [plm-core] [           main] c.p.n.t.internal.PlmTransactionService   : Transaction committed: id=0b5bbb22-22b8-4aac-a80a-974da5af8fab owner=alice versions=1 deferred=0 continuation=null comment='Initial creation'
2026-04-20T20:24:24.840Z  INFO 85 --- [plm-core] [           main] c.p.n.t.internal.PlmTransactionService   : Transaction opened: id=b8cda58c-9452-4bf8-84a6-0824d9653dce owner=alice
2026-04-20T20:24:24.868Z  INFO 85 --- [plm-core] [           main] c.p.n.version.internal.VersionService    : Version created: node=7763591d-94be-4922-a62a-7c4df5d60aab v=2 A.1 type=LIFECYCLE tx=b8cda58c-9452-4bf8-84a6-0824d9653dce user=alice
2026-04-20T20:24:24.915Z  INFO 85 --- [plm-core] [           main] c.p.n.l.internal.LifecycleService        : Transition: node=7763591d-94be-4922-a62a-7c4df5d60aab 52fb447c-6d46-420d-a084-9b45c1f91c72→fedb1594-abcf-49e6-a29a-4f13a00363e0 tx=b8cda58c-9452-4bf8-84a6-0824d9653dce user=alice
2026-04-20T20:24:24.928Z  INFO 85 --- [plm-core] [           main] c.p.n.t.internal.PlmTransactionService   : Transaction committed: id=b8cda58c-9452-4bf8-84a6-0824d9653dce owner=alice versions=1 deferred=0 continuation=null comment='Submitted'
2026-04-20T20:24:24.933Z  INFO 85 --- [plm-core] [           main] c.p.n.t.internal.PlmTransactionService   : Transaction opened: id=cb48f131-55e0-4eee-896a-14deff6479d6 owner=alice
2026-04-20T20:24:24.954Z  INFO 85 --- [plm-core] [           main] c.p.n.version.internal.VersionService    : Version created: node=7763591d-94be-4922-a62a-7c4df5d60aab v=3 A.1 type=LIFECYCLE tx=cb48f131-55e0-4eee-896a-14deff6479d6 user=alice
2026-04-20T20:24:24.960Z  INFO 85 --- [plm-core] [           main] c.p.n.l.internal.LifecycleService        : Transition: node=7763591d-94be-4922-a62a-7c4df5d60aab fedb1594-abcf-49e6-a29a-4f13a00363e0→eef0e4ba-94c4-4602-8d1c-9ab2222b4bdf tx=cb48f131-55e0-4eee-896a-14deff6479d6 user=alice
2026-04-20T20:24:24.971Z  INFO 85 --- [plm-core] [           main] c.p.n.t.internal.PlmTransactionService   : Transaction committed: id=cb48f131-55e0-4eee-896a-14deff6479d6 owner=alice versions=1 deferred=0 continuation=null comment='Released'
2026-04-20T20:24:24.978Z  INFO 85 --- [plm-core] [           main] c.p.n.t.internal.PlmTransactionService   : Transaction opened: id=1f0cd72a-c844-4f80-8254-fe41b27897d0 owner=alice
2026-04-20T20:24:24.998Z  INFO 85 --- [plm-core] [           main] c.p.n.version.internal.VersionService    : Version created: node=7763591d-94be-4922-a62a-7c4df5d60aab v=4 B.1 type=LIFECYCLE tx=1f0cd72a-c844-4f80-8254-fe41b27897d0 user=alice
2026-04-20T20:24:25.004Z  INFO 85 --- [plm-core] [           main] c.p.n.l.internal.LifecycleService        : Transition: node=7763591d-94be-4922-a62a-7c4df5d60aab eef0e4ba-94c4-4602-8d1c-9ab2222b4bdf→52fb447c-6d46-420d-a084-9b45c1f91c72 tx=1f0cd72a-c844-4f80-8254-fe41b27897d0 user=alice
2026-04-20T20:24:25.014Z  INFO 85 --- [plm-core] [           main] c.p.n.t.internal.PlmTransactionService   : Transaction committed: id=1f0cd72a-c844-4f80-8254-fe41b27897d0 owner=alice versions=1 deferred=0 continuation=null comment='Revising'
]]></system-out>
  </testcase>
  <testcase name="testLifecycleChangePreservesIteration" classname="com.plm.PlmIntegrationTest" time="0.085">
    <system-out><![CDATA[2026-04-20T20:24:25.049Z  INFO 85 --- [plm-core] [           main] c.p.n.t.internal.PlmTransactionService   : Transaction opened: id=bb04a7ff-0792-4f76-87dd-9e5f3c7edb91 owner=alice
2026-04-20T20:24:25.060Z  INFO 85 --- [plm-core] [           main] com.plm.node.NodeService                 : Node created: id=f69caae0-167c-432e-8acb-ec5bedaf3fc3 type=a7e44a27-8c99-4a9c-b5da-a5c3805b781b user=alice
2026-04-20T20:24:25.070Z  INFO 85 --- [plm-core] [           main] c.p.n.t.internal.PlmTransactionService   : Transaction committed: id=bb04a7ff-0792-4f76-87dd-9e5f3c7edb91 owner=alice versions=1 deferred=0 continuation=null comment='Initial creation'
2026-04-20T20:24:25.072Z  INFO 85 --- [plm-core] [           main] c.p.n.t.internal.PlmTransactionService   : Transaction opened: id=5f39e6ea-e743-4043-b5be-4e6879e947e0 owner=alice
2026-04-20T20:24:25.091Z  INFO 85 --- [plm-core] [           main] c.p.n.version.internal.VersionService    : Version created: node=f69caae0-167c-432e-8acb-ec5bedaf3fc3 v=2 A.1 type=LIFECYCLE tx=5f39e6ea-e743-4043-b5be-4e6879e947e0 user=alice
2026-04-20T20:24:25.098Z  INFO 85 --- [plm-core] [           main] c.p.n.l.internal.LifecycleService        : Transition: node=f69caae0-167c-432e-8acb-ec5bedaf3fc3 68738aea-c6c2-4125-9c10-7be09344c68b→519f0a21-e712-4339-ad20-e30f4a76601b tx=5f39e6ea-e743-4043-b5be-4e6879e947e0 user=alice
2026-04-20T20:24:25.106Z  INFO 85 --- [plm-core] [           main] c.p.n.t.internal.PlmTransactionService   : Transaction committed: id=5f39e6ea-e743-4043-b5be-4e6879e947e0 owner=alice versions=1 deferred=0 continuation=null comment='Submitted for review'
]]></system-out>
  </testcase>
  <testcase name="testNodeCreation" classname="com.plm.PlmIntegrationTest" time="0.034">
    <system-out><![CDATA[2026-04-20T20:24:25.132Z  INFO 85 --- [plm-core] [           main] c.p.n.t.internal.PlmTransactionService   : Transaction opened: id=3fa8846f-c693-4f24-a728-1cea56fc8996 owner=alice
2026-04-20T20:24:25.138Z  INFO 85 --- [plm-core] [           main] com.plm.node.NodeService                 : Node created: id=b20835b9-a930-4934-9aa2-b93f4d220e43 type=b402827a-7759-45a8-9b47-bade8a4341e0 user=alice
2026-04-20T20:24:25.144Z  INFO 85 --- [plm-core] [           main] c.p.n.t.internal.PlmTransactionService   : Transaction committed: id=3fa8846f-c693-4f24-a728-1cea56fc8996 owner=alice versions=1 deferred=0 continuation=null comment='Initial creation'
]]></system-out>
  </testcase>
</testsuite>