<?xml version="1.0" encoding="UTF-8"?>
<testsuite xmlns:xsi="http://www.w3.org/2001/XMLSchema-instance" xsi:noNamespaceSchemaLocation="https://maven.apache.org/surefire/maven-surefire-plugin/xsd/surefire-test-report.xsd" version="3.0.2" name="com.plm.PlmAttributeValidationTest" time="20.269" tests="4" errors="0" skipped="0" failures="0">
  <properties>
[...]
</properties>
  <testcase name="updateWithValidAttributes" classname="com.plm.PlmAttributeValidationTest" time="0.575">
    <system-out><![CDATA[16:47:33.484 [main] INFO org.springframework.test.context.support.AnnotationConfigContextLoaderUtils -- Could not detect default configuration classes for test class [com.plm.PlmAttributeValidationTest]: PlmAttributeValidationTest does not declare any static, non-private, non-final, nested classes annotated with @Configuration.
16:47:33.539 [main] INFO org.springframework.boot.test.context.SpringBootTestContextBootstrapper -- Found @SpringBootConfiguration com.plm.PlmApplication for test class com.plm.PlmAttributeValidationTest

  .   ____          _            __ _ _
 /\\ / ___'_ __ _ _(_)_ __  __ _ \ \ \ \
( ( )\___ | '_ | '_| | '_ \/ _` | \ \ \ \
 \\/  ___)| |_)| | | | | || (_| |  ) ) ) )
  '  |____| .__|_| |_|_| |_\__, | / / / /
 =========|_|==============|___/=/_/_/_/

 :: Spring Boot ::                (v3.5.6)

2026-05-04T16:47:33.808Z  INFO 147 --- [           main] [                                                 ] com.plm.PlmAttributeValidationTest       : Starting PlmAttributeValidationTest using Java 21.0.10 with PID 147 (started by root in /work/psm-api)
2026-05-04T16:47:33.809Z  INFO 147 --- [           main] [                                                 ] com.plm.PlmAttributeValidationTest       : No active profile set, falling back to 1 default profile: "default"
2026-05-04T16:47:34.638Z  INFO 147 --- [           main] [                                                 ] o.s.cloud.context.scope.GenericScope     : BeanFactory id=53dcd076-3068-356b-9928-3db7394f2a42
2026-05-04T16:47:34.959Z  INFO 147 --- [           main] [                                                 ] com.zaxxer.hikari.HikariDataSource       : HikariPool-1 - Starting...
2026-05-04T16:47:35.054Z  INFO 147 --- [           main] [                                                 ] com.zaxxer.hikari.pool.HikariPool        : HikariPool-1 - Added connection conn0: url=jdbc:h2:mem:testdb user=SA
2026-05-04T16:47:35.055Z  INFO 147 --- [           main] [                                                 ] com.zaxxer.hikari.HikariDataSource       : HikariPool-1 - Start completed.
2026-05-04T16:47:35.082Z  INFO 147 --- [           main] [                                                 ] org.flywaydb.core.FlywayExecutor         : Database: jdbc:h2:mem:testdb (H2 2.2)
2026-05-04T16:47:35.085Z  WARN 147 --- [           main] [                                                 ] o.f.c.internal.database.base.Database    : Flyway upgrade recommended: H2 2.2.224 is newer than this version of Flyway and support has not been tested. The latest supported version of H2 is 2.2.220.
2026-05-04T16:47:35.095Z  INFO 147 --- [           main] [                                                 ] o.f.c.i.s.JdbcTableSchemaHistory         : Schema history table "public"."flyway_schema_history" does not exist yet
2026-05-04T16:47:35.097Z  INFO 147 --- [           main] [                                                 ] o.f.core.internal.command.DbValidate     : Successfully validated 2 migrations (execution time 00:00.007s)
2026-05-04T16:47:35.100Z  INFO 147 --- [           main] [                                                 ] o.f.c.i.s.JdbcTableSchemaHistory         : Creating Schema History table "public"."flyway_schema_history" ...
2026-05-04T16:47:35.118Z  INFO 147 --- [           main] [                                                 ] o.f.core.internal.command.DbMigrate      : Current version of schema "public": << Empty Schema >>
2026-05-04T16:47:35.125Z  INFO 147 --- [           main] [                                                 ] o.f.core.internal.command.DbMigrate      : Migrating schema "public" to version "1 - schema"
2026-05-04T16:47:35.143Z  INFO 147 --- [           main] [                                                 ] o.f.core.internal.command.DbMigrate      : Migrating schema "public" to version "2 - drop algorithm stats"
2026-05-04T16:47:35.148Z  INFO 147 --- [           main] [                                                 ] o.f.core.internal.command.DbMigrate      : Successfully applied 2 migrations to schema "public", now at version v2 (execution time 00:00.014s)
2026-05-04T16:47:35.517Z  INFO 147 --- [           main] [                                                 ] com.tngtech.archunit.core.PluginLoader   : Detected Java version 21.0.10
2026-05-04T16:47:37.028Z  INFO 147 --- [           main] [                                                 ] c.p.n.t.internal.PlmTransactionService   : PreCommitValidator registered: attribute-validation
2026-05-04T16:47:37.050Z  INFO 147 --- [           main] [                                                 ] org.casbin.jcasbin                       : Model:
2026-05-04T16:47:37.050Z  INFO 147 --- [           main] [                                                 ] org.casbin.jcasbin                       : p.p: sub, project_space, scope, act, object, attrs
2026-05-04T16:47:37.050Z  INFO 147 --- [           main] [                                                 ] org.casbin.jcasbin                       : r.r: sub, project_space, scope, act, object, attrs
2026-05-04T16:47:37.050Z  INFO 147 --- [           main] [                                                 ] org.casbin.jcasbin                       : e.e: some(where (p_eft == allow))
2026-05-04T16:47:37.050Z  INFO 147 --- [           main] [                                                 ] org.casbin.jcasbin                       : m.m: r_sub == p_sub && r_project_space == p_project_space && r_scope == p_scope && r_act == p_act && r_object == p_object && r_attrs == p_attrs
2026-05-04T16:47:37.110Z  INFO 147 --- [           main] [                                                 ] c.p.platform.authz.DynamicPolicyAdapter  : Casbin: loaded 0 policy row(s) from pno-api snapshot
2026-05-04T16:47:37.111Z  INFO 147 --- [           main] [                                                 ] org.casbin.jcasbin                       : Policy:
2026-05-04T16:47:37.111Z  INFO 147 --- [           main] [                                                 ] org.casbin.jcasbin                       : p: sub, project_space, scope, act, object, attrs: []
2026-05-04T16:47:37.424Z  INFO 147 --- [           main] [                                                 ] com.plm.algorithm.AlgorithmRegistry      : AlgorithmRegistry: 32 algorithm beans discovered
2026-05-04T16:47:37.426Z  INFO 147 --- [           main] [                                                 ] c.p.platform.action.ActionScopeRegistry  : ActionScopeRegistry loaded 6 scope(s): [NODE, NODE_TYPE, LIFECYCLE, LINK, TX, GLOBAL]
2026-05-04T16:47:37.431Z  WARN 147 --- [           main] [                                                 ] c.p.a.internal.AlgorithmStatsService     : AlgorithmStatsPublisher bean not available — stats will NOT be published
2026-05-04T16:47:37.445Z  INFO 147 --- [           main] [                                                 ] c.p.p.a.ScopeValueProviderController     : ScopeValueProviderController mounted with 0 provider(s)
2026-05-04T16:47:37.703Z  INFO 147 --- [           main] [                                                 ] o.s.b.a.e.web.EndpointLinksResolver      : Exposing 1 endpoint beneath base path '/actuator'
2026-05-04T16:47:37.853Z  INFO 147 --- [           main] [                                                 ] c.plm.shared.metadata.MetadataRegistry   : MetadataRegistry: discovered 2 known keys across 1 target types
2026-05-04T16:47:37.898Z ERROR 147 --- [           main] [                                                 ] com.plm.action.PlmActionValidator        : PlmActionValidator: 8 unknown @PlmAction code(s):
2026-05-04T16:47:37.898Z ERROR 147 --- [           main] [                                                 ] com.plm.action.PlmActionValidator        :   X checkout (on NodeService.checkout)
2026-05-04T16:47:37.898Z ERROR 147 --- [           main] [                                                 ] com.plm.action.PlmActionValidator        :   X create_node (on NodeService.createNode)
2026-05-04T16:47:37.898Z ERROR 147 --- [           main] [                                                 ] com.plm.action.PlmActionValidator        :   X update_node (on NodeService.modifyNode)
2026-05-04T16:47:37.898Z ERROR 147 --- [           main] [                                                 ] com.plm.action.PlmActionValidator        :   X transition (on LifecycleService.applyTransition)
2026-05-04T16:47:37.898Z ERROR 147 --- [           main] [                                                 ] com.plm.action.PlmActionValidator        :   X delete_link (on LinkService.deleteLink)
2026-05-04T16:47:37.898Z ERROR 147 --- [           main] [                                                 ] com.plm.action.PlmActionValidator        :   X update_link (on LinkService.updateLink)
2026-05-04T16:47:37.898Z ERROR 147 --- [           main] [                                                 ] com.plm.action.PlmActionValidator        :   X create_link (on LinkService.createLink)
2026-05-04T16:47:37.898Z ERROR 147 --- [           main] [                                                 ] com.plm.action.PlmActionValidator        :   X sign (on SignatureService.sign)
2026-05-04T16:47:37.901Z ERROR 147 --- [           main] [                                                 ] c.p.p.authz.PlmPermissionValidator       : PlmPermissionValidator: 3 unknown permission code(s):
2026-05-04T16:47:37.901Z ERROR 147 --- [           main] [                                                 ] c.p.p.authz.PlmPermissionValidator       :   ✗ READ_NODE (on NodeController.getSignatures)
2026-05-04T16:47:37.901Z ERROR 147 --- [           main] [                                                 ] c.p.p.authz.PlmPermissionValidator       :   ✗ MANAGE_BASELINES (on BaselineService.createBaseline)
2026-05-04T16:47:37.901Z ERROR 147 --- [           main] [                                                 ] c.p.p.authz.PlmPermissionValidator       :   ✗ UPDATE (on PlmTransactionService.rollbackTransaction)
2026-05-04T16:47:37.901Z  INFO 147 --- [           main] [                                                 ] c.plm.platform.spe.client.ServiceClient  : Waiting for local registry to be populated...
2026-05-04T16:47:38.082Z  INFO 147 --- [   scheduling-1] [81cc75a9d332893d72bcdc91a6adcacd-9251e3d8eea1aa94] org.jooq.Constants                       : 
                                      
@@@@@@@@@@@@@@@@@@@@@@@@@@@@@@@@@@@@@@
@@@@@@@@@@@@@@@@@@@@@@@@@@@@@@@@@@@@@@
@@@@@@@@@@@@@@@@  @@        @@@@@@@@@@
@@@@@@@@@@@@@@@@@@@@        @@@@@@@@@@
@@@@@@@@@@@@@@@@  @@  @@    @@@@@@@@@@
@@@@@@@@@@  @@@@  @@  @@    @@@@@@@@@@
@@@@@@@@@@        @@        @@@@@@@@@@
@@@@@@@@@@@@@@@@@@@@@@@@@@@@@@@@@@@@@@
@@@@@@@@@@@@@@@@@@@@@@@@@@@@@@@@@@@@@@
@@@@@@@@@@        @@        @@@@@@@@@@
@@@@@@@@@@    @@  @@  @@@@  @@@@@@@@@@
@@@@@@@@@@    @@  @@  @@@@  @@@@@@@@@@
@@@@@@@@@@        @@  @  @  @@@@@@@@@@
@@@@@@@@@@        @@        @@@@@@@@@@
@@@@@@@@@@@@@@@@@@@@@@@  @@@@@@@@@@@@@
@@@@@@@@@@@@@@@@@@@@@@@@@@@@@@@@@@@@@@
@@@@@@@@@@@@@@@@@@@@@@@@@@@@@@@@@@@@@@  Thank you for using jOOQ 3.19.6 (Build date: 2024-03-08T10:59:32Z)
                                      
2026-05-04T16:47:38.083Z  INFO 147 --- [   scheduling-1] [81cc75a9d332893d72bcdc91a6adcacd-9251e3d8eea1aa94] org.jooq.Constants                       : 

jOOQ tip of the day: Want to aggregate multiple values per group? Use the synthetic MULTISET_AGG aggregate function! https://www.jooq.org/doc/latest/manual/sql-building/column-expressions/aggregate-functions/multiset-agg-function/

2026-05-04T16:47:38.112Z  WARN 147 --- [   scheduling-1] [81cc75a9d332893d72bcdc91a6adcacd-9251e3d8eea1aa94] o.j.i.D.logVersionSupport                : Version mismatch         : Database version is older than what dialect POSTGRES supports: 2.2.224 (2023-09-17). Consider https://www.jooq.org/download/support-matrix to see what jOOQ version and edition supports which RDBMS versions.
2026-05-04T16:47:52.902Z  WARN 147 --- [           main] [                                                 ] c.p.p.a.PermissionPolicySnapshotClient   : Failed to reload authorization snapshot: No available instance for service: (registry not yet populated)
2026-05-04T16:47:52.903Z  INFO 147 --- [           main] [                                                 ] com.plm.PlmAttributeValidationTest       : Started PlmAttributeValidationTest in 19.234 seconds (process running for 19.742)
2026-05-04T16:47:53.050Z  WARN 147 --- [           main] [                                                 ] c.p.a.i.AlgorithmStartupValidator        : Algorithm type 'algtype-action-handler' (Action Handler) declared on ActionHandler has no matching algorithms in ConfigCache
2026-05-04T16:47:53.050Z  WARN 147 --- [           main] [                                                 ] c.p.a.i.AlgorithmStartupValidator        : Algorithm type 'algtype-action-guard' (Action Guard) declared on ActionGuard has no matching algorithms in ConfigCache
2026-05-04T16:47:53.050Z  WARN 147 --- [           main] [                                                 ] c.p.a.i.AlgorithmStartupValidator        : Algorithm type 'algtype-state-action' (State Action) declared on StateAction has no matching algorithms in ConfigCache
2026-05-04T16:47:53.050Z  WARN 147 --- [           main] [                                                 ] c.p.a.i.AlgorithmStartupValidator        : Algorithm type 'algtype-lifecycle-guard' (Lifecycle Guard) declared on LifecycleGuard has no matching algorithms in ConfigCache
2026-05-04T16:47:53.050Z  WARN 147 --- [           main] [                                                 ] c.p.a.i.AlgorithmStartupValidator        : Algorithm type 'algtype-source-resolver' (Source Resolver) declared on SourceResolver has no matching algorithms in ConfigCache
2026-05-04T16:47:53.050Z  WARN 147 --- [           main] [                                                 ] c.p.a.i.AlgorithmStartupValidator        : Algorithm type 'algtype-action-wrapper' (Action Wrapper) declared on ActionWrapper has no matching algorithms in ConfigCache
2026-05-04T16:47:53.052Z  WARN 147 --- [           main] [                                                 ] c.p.a.i.AlgorithmStartupValidator        : Algorithm bean 'baseline' (BaselineActionHandler) has no matching entry in ConfigCache — will fail at runtime
2026-05-04T16:47:53.052Z  WARN 147 --- [           main] [                                                 ] c.p.a.i.AlgorithmStartupValidator        : Algorithm bean 'assign_domain' (AssignDomainActionHandler) has no matching entry in ConfigCache — will fail at runtime
2026-05-04T16:47:53.052Z  WARN 147 --- [           main] [                                                 ] c.p.a.i.AlgorithmStartupValidator        : Algorithm bean 'create_node' (CreateNodeActionHandler) has no matching entry in ConfigCache — will fail at runtime
2026-05-04T16:47:53.052Z  WARN 147 --- [           main] [                                                 ] c.p.a.i.AlgorithmStartupValidator        : Algorithm bean 'unassign_domain' (UnassignDomainActionHandler) has no matching entry in ConfigCache — will fail at runtime
2026-05-04T16:47:53.052Z  WARN 147 --- [           main] [                                                 ] c.p.a.i.AlgorithmStartupValidator        : Algorithm bean 'from_state_match' (FromStateMatchGuard) has no matching entry in ConfigCache — will fail at runtime
2026-05-04T16:47:53.052Z  WARN 147 --- [           main] [                                                 ] c.p.a.i.AlgorithmStartupValidator        : Algorithm bean 'not_frozen' (NotFrozenGuard) has no matching entry in ConfigCache — will fail at runtime
2026-05-04T16:47:53.052Z  WARN 147 --- [           main] [                                                 ] c.p.a.i.AlgorithmStartupValidator        : Algorithm bean 'transition_lifecycle_guard' (TransitionLifecycleGuard) has no matching entry in ConfigCache — will fail at runtime
2026-05-04T16:47:53.053Z  WARN 147 --- [           main] [                                                 ] c.p.a.i.AlgorithmStartupValidator        : Algorithm bean 'transition' (TransitionActionHandler) has no matching entry in ConfigCache — will fail at runtime
2026-05-04T16:47:53.053Z  WARN 147 --- [           main] [                                                 ] c.p.a.i.AlgorithmStartupValidator        : Algorithm bean 'collapse_history' (CollapseHistoryAction) has no matching entry in ConfigCache — will fail at runtime
2026-05-04T16:47:53.053Z  WARN 147 --- [           main] [                                                 ] c.p.a.i.AlgorithmStartupValidator        : Algorithm bean 'create_link' (CreateLinkActionHandler) has no matching entry in ConfigCache — will fail at runtime
2026-05-04T16:47:53.053Z  WARN 147 --- [           main] [                                                 ] c.p.a.i.AlgorithmStartupValidator        : Algorithm bean 'delete_link' (DeleteLinkActionHandler) has no matching entry in ConfigCache — will fail at runtime
2026-05-04T16:47:53.053Z  WARN 147 --- [           main] [                                                 ] c.p.a.i.AlgorithmStartupValidator        : Algorithm bean 'update_link' (UpdateLinkActionHandler) has no matching entry in ConfigCache — will fail at runtime
2026-05-04T16:47:53.053Z  WARN 147 --- [           main] [                                                 ] c.p.a.i.AlgorithmStartupValidator        : Algorithm bean 'all_required_filled' (AllRequiredFilledGuard) has no matching entry in ConfigCache — will fail at runtime
2026-05-04T16:47:53.053Z  WARN 147 --- [           main] [                                                 ] c.p.a.i.AlgorithmStartupValidator        : Algorithm bean 'all_signatures_done' (AllSignaturesDoneGuard) has no matching entry in ConfigCache — will fail at runtime
2026-05-04T16:47:53.053Z  WARN 147 --- [           main] [                                                 ] c.p.a.i.AlgorithmStartupValidator        : Algorithm bean 'has_signature_requirement' (HasSignatureRequirementGuard) has no matching entry in ConfigCache — will fail at runtime
2026-05-04T16:47:53.053Z  WARN 147 --- [           main] [                                                 ] c.p.a.i.AlgorithmStartupValidator        : Algorithm bean 'not_already_signed' (NotAlreadySignedGuard) has no matching entry in ConfigCache — will fail at runtime
2026-05-04T16:47:53.053Z  WARN 147 --- [           main] [                                                 ] c.p.a.i.AlgorithmStartupValidator        : Algorithm bean 'signature_rejection_check' (SignatureRejectionGuard) has no matching entry in ConfigCache — will fail at runtime
2026-05-04T16:47:53.054Z  WARN 147 --- [           main] [                                                 ] c.p.a.i.AlgorithmStartupValidator        : Algorithm bean 'sign' (SignActionHandler) has no matching entry in ConfigCache — will fail at runtime
2026-05-04T16:47:53.054Z  WARN 147 --- [           main] [                                                 ] c.p.a.i.AlgorithmStartupValidator        : Algorithm bean 'data_resolver' (DataResolver) has no matching entry in ConfigCache — will fail at runtime
2026-05-04T16:47:53.054Z  WARN 147 --- [           main] [                                                 ] c.p.a.i.AlgorithmStartupValidator        : Algorithm bean 'self_node_resolver' (SelfNodeResolver) has no matching entry in ConfigCache — will fail at runtime
2026-05-04T16:47:53.054Z  WARN 147 --- [           main] [                                                 ] c.p.a.i.AlgorithmStartupValidator        : Algorithm bean 'wrapper-lock' (LockWrapper) has no matching entry in ConfigCache — will fail at runtime
2026-05-04T16:47:53.054Z  WARN 147 --- [           main] [                                                 ] c.p.a.i.AlgorithmStartupValidator        : Algorithm bean 'wrapper-transaction' (TransactionWrapper) has no matching entry in ConfigCache — will fail at runtime
2026-05-04T16:47:53.054Z  WARN 147 --- [           main] [                                                 ] c.p.a.i.AlgorithmStartupValidator        : Algorithm bean 'lock_owner_required' (LockOwnerRequiredGuard) has no matching entry in ConfigCache — will fail at runtime
2026-05-04T16:47:53.054Z  WARN 147 --- [           main] [                                                 ] c.p.a.i.AlgorithmStartupValidator        : Algorithm bean 'not_locked' (NotLockedGuard) has no matching entry in ConfigCache — will fail at runtime
2026-05-04T16:47:53.054Z  WARN 147 --- [           main] [                                                 ] c.p.a.i.AlgorithmStartupValidator        : Algorithm bean 'abort' (AbortActionHandler) has no matching entry in ConfigCache — will fail at runtime
2026-05-04T16:47:53.054Z  WARN 147 --- [           main] [                                                 ] c.p.a.i.AlgorithmStartupValidator        : Algorithm bean 'checkin' (CheckinActionHandler) has no matching entry in ConfigCache — will fail at runtime
2026-05-04T16:47:53.054Z  WARN 147 --- [           main] [                                                 ] c.p.a.i.AlgorithmStartupValidator        : Algorithm bean 'checkout' (CheckoutActionHandler) has no matching entry in ConfigCache — will fail at runtime
2026-05-04T16:47:53.054Z  WARN 147 --- [           main] [                                                 ] c.p.a.i.AlgorithmStartupValidator        : Algorithm bean 'commit' (CommitActionHandler) has no matching entry in ConfigCache — will fail at runtime
2026-05-04T16:47:53.054Z  WARN 147 --- [           main] [                                                 ] c.p.a.i.AlgorithmStartupValidator        : Algorithm bean 'rollback' (RollbackActionHandler) has no matching entry in ConfigCache — will fail at runtime
2026-05-04T16:47:53.055Z  WARN 147 --- [           main] [                                                 ] c.p.a.i.AlgorithmStartupValidator        : Algorithm bean 'fingerprint_unchanged' (FingerprintUnchangedGuard) has no matching entry in ConfigCache — will fail at runtime
2026-05-04T16:47:53.055Z  WARN 147 --- [           main] [                                                 ] c.p.a.i.AlgorithmStartupValidator        : Algorithm bean 'read_node' (ReadNodeActionHandler) has no matching entry in ConfigCache — will fail at runtime
2026-05-04T16:47:53.055Z  WARN 147 --- [           main] [                                                 ] c.p.a.i.AlgorithmStartupValidator        : Algorithm bean 'update_node' (UpdateNodeActionHandler) has no matching entry in ConfigCache — will fail at runtime
2026-05-04T16:47:53.055Z  INFO 147 --- [           main] [                                                 ] c.p.a.i.AlgorithmStartupValidator        : Algorithm validation: 32 beans checked, 32 missing from ConfigCache, 0 total in ConfigCache
2026-05-04T16:47:53.124Z  WARN 147 --- [rm-registration] [                                                 ] c.p.p.e.PlatformRegistrationClient       : platform-api registration attempt 1 failed: I/O error on POST request for "http://localhost:9999/api/platform/internal/environment/register": Connect to http://localhost:9999 failed: Connection refused
2026-05-04T16:47:53.124Z  WARN 147 --- [onfig-bootstrap] [                                                 ] c.p.p.config.ConfigRegistrationClient    : Config snapshot pull attempt 1 failed: I/O error on GET request for "http://localhost:9998/api/psa/internal/config/snapshot": Connect to http://localhost:9998 failed: Connection refused
2026-05-04T16:47:53.124Z  WARN 147 --- [pe-registration] [                                                 ] .p.p.a.PermissionScopeRegistrationClient : pno-api scope registration attempt 1 failed: I/O error on POST request for "http://localhost:9997/api/pno/internal/scopes/register": Connect to http://localhost:9997 failed: Connection refused
2026-05-04T16:47:53.558Z  INFO 147 --- [           main] [                                                 ] c.p.n.t.internal.PlmTransactionService   : Transaction opened: id=35b71067-d603-4f19-9db6-652fcedfbb94 owner=alice
2026-05-04T16:47:53.570Z  INFO 147 --- [           main] [                                                 ] com.plm.node.NodeService                 : Node created: id=9014c9c1-50ef-4e2f-9e25-54b3e45f1a11 type=nt-doc user=alice
2026-05-04T16:47:53.587Z  INFO 147 --- [           main] [                                                 ] c.p.n.version.internal.VersionService    : Version updated in-place: id=96c524e3-2768-4f30-b46d-b7f0fefc77f6
2026-05-04T16:47:53.595Z  INFO 147 --- [           main] [                                                 ] c.p.n.t.internal.PlmTransactionService   : Transaction committed: id=35b71067-d603-4f19-9db6-652fcedfbb94 owner=alice versions=1 deferred=0 continuation=null comment='Initial creation'
2026-05-04T16:47:53.599Z  INFO 147 --- [           main] [                                                 ] c.p.n.t.internal.PlmTransactionService   : Transaction opened: id=9d5d9e37-bbf5-418d-8b0e-b90b7fa06a80 owner=alice
2026-05-04T16:47:53.608Z  INFO 147 --- [           main] [                                                 ] c.p.n.version.internal.VersionService    : Version created: node=9014c9c1-50ef-4e2f-9e25-54b3e45f1a11 v=2 A.2 type=CONTENT tx=9d5d9e37-bbf5-418d-8b0e-b90b7fa06a80 user=alice
]]></system-out>
    <system-err><![CDATA[Mockito is currently self-attaching to enable the inline-mock-maker. This will no longer work in future releases of the JDK. Please add Mockito as an agent to your build as described in Mockito's documentation: https://javadoc.io/doc/org.mockito/mockito-core/latest/org.mockito/org/mockito/Mockito.html#0.3
WARNING: A Java agent has been loaded dynamically (/root/.m2/repository/net/bytebuddy/byte-buddy-agent/1.17.7/byte-buddy-agent-1.17.7.jar)
WARNING: If a serviceability tool is in use, please run with -XX:+EnableDynamicAgentLoading to hide this warning
WARNING: If a serviceability tool is not in use, please run with -Djdk.instrument.traceUsage for more information
WARNING: Dynamic loading of agents will be disallowed by default in a future release
]]></system-err>
  </testcase>
  <testcase name="updateWithUnknownAttributeRejected" classname="com.plm.PlmAttributeValidationTest" time="0.025">
    <system-out><![CDATA[2026-05-04T16:47:53.646Z  INFO 147 --- [           main] [                                                 ] c.p.n.t.internal.PlmTransactionService   : Transaction opened: id=aaf29dcc-d8c5-4b0b-bf5c-1c5f5737e10b owner=alice
2026-05-04T16:47:53.648Z  INFO 147 --- [           main] [                                                 ] com.plm.node.NodeService                 : Node created: id=dfb9fc66-8297-45b5-8560-7659e5c84c0b type=nt-doc user=alice
2026-05-04T16:47:53.653Z  INFO 147 --- [           main] [                                                 ] c.p.n.version.internal.VersionService    : Version updated in-place: id=670fb07b-aa64-4ed0-be0d-fadf220d7ae2
2026-05-04T16:47:53.656Z  INFO 147 --- [           main] [                                                 ] c.p.n.t.internal.PlmTransactionService   : Transaction committed: id=aaf29dcc-d8c5-4b0b-bf5c-1c5f5737e10b owner=alice versions=1 deferred=0 continuation=null comment='Initial creation'
2026-05-04T16:47:53.657Z  INFO 147 --- [           main] [                                                 ] c.p.n.t.internal.PlmTransactionService   : Transaction opened: id=30760ab0-f981-42ad-93a3-54da2debf674 owner=alice
]]></system-out>
  </testcase>
  <testcase name="createWithLogicalIdOnly" classname="com.plm.PlmAttributeValidationTest" time="0.007">
    <system-out><![CDATA[2026-05-04T16:47:53.671Z  INFO 147 --- [           main] [                                                 ] c.p.n.t.internal.PlmTransactionService   : Transaction opened: id=f4dc0e62-8947-41e4-8690-527c2973c1fd owner=alice
2026-05-04T16:47:53.673Z  INFO 147 --- [           main] [                                                 ] com.plm.node.NodeService                 : Node created: id=8323d73a-0d36-415b-abcc-278e659e66bd type=nt-doc user=alice
]]></system-out>
  </testcase>
  <testcase name="updateMixedAttributesRejectsUnknown" classname="com.plm.PlmAttributeValidationTest" time="0.017">
    <system-out><![CDATA[2026-05-04T16:47:53.679Z  INFO 147 --- [           main] [                                                 ] c.p.n.t.internal.PlmTransactionService   : Transaction opened: id=b7f013c1-3d18-4555-a50c-32e7c6ad3f2d owner=alice
2026-05-04T16:47:53.681Z  INFO 147 --- [           main] [                                                 ] com.plm.node.NodeService                 : Node created: id=97c53a66-56da-4949-8ea4-f4ac0bd3f563 type=nt-doc user=alice
2026-05-04T16:47:53.685Z  INFO 147 --- [           main] [                                                 ] c.p.n.version.internal.VersionService    : Version updated in-place: id=efb4531f-b5ff-4e5d-ae2e-df66826ce850
2026-05-04T16:47:53.688Z  INFO 147 --- [           main] [                                                 ] c.p.n.t.internal.PlmTransactionService   : Transaction committed: id=b7f013c1-3d18-4555-a50c-32e7c6ad3f2d owner=alice versions=1 deferred=0 continuation=null comment='Initial creation'
2026-05-04T16:47:53.689Z  INFO 147 --- [           main] [                                                 ] c.p.n.t.internal.PlmTransactionService   : Transaction opened: id=9c8deb7d-ee37-4061-8c17-67d2f8a9c7a7 owner=alice
]]></system-out>
  </testcase>
</testsuite>