<?xml version="1.0" encoding="UTF-8"?>
<testsuite xmlns:xsi="http://www.w3.org/2001/XMLSchema-instance" xsi:noNamespaceSchemaLocation="https://maven.apache.org/surefire/maven-surefire-plugin/xsd/surefire-test-report.xsd" version="3.0.2" name="com.plm.PlmIntegrationTest" time="1.128" tests="7" errors="0" skipped="0" failures="0">
  <properties>
[...]
</properties>
  <testcase name="testContentModification" classname="com.plm.PlmIntegrationTest" time="0.144">
    <system-out><![CDATA[2026-04-13T12:27:51.430Z  INFO 138 --- [plm-core] [           main] t.c.s.AnnotationConfigContextLoaderUtils : Could not detect default configuration classes for test class [com.plm.PlmIntegrationTest]: PlmIntegrationTest does not declare any static, non-private, non-final, nested classes annotated with @Configuration.
2026-04-13T12:27:51.434Z  INFO 138 --- [plm-core] [           main] .b.t.c.SpringBootTestContextBootstrapper : Found @SpringBootConfiguration com.plm.PlmApplication for test class com.plm.PlmIntegrationTest
2026-04-13T12:27:51.449Z DEBUG 138 --- [plm-core] [           main] org.jooq.tools.LoggerListener            : Executing query          : INSERT INTO LIFECYCLE (ID, NAME) VALUES (?, ?)
2026-04-13T12:27:51.449Z DEBUG 138 --- [plm-core] [           main] org.jooq.tools.LoggerListener            : -> with bind values      : INSERT INTO LIFECYCLE (ID, NAME) VALUES ('5d7a0189-01d1-4b0a-b899-61cc1b98da6f', 'Standard')
2026-04-13T12:27:51.450Z DEBUG 138 --- [plm-core] [           main] org.jooq.tools.LoggerListener            : Affected row(s)          : 1
2026-04-13T12:27:51.450Z DEBUG 138 --- [plm-core] [           main] org.jooq.tools.LoggerListener            : Executing query          : INSERT INTO LIFECYCLE_STATE (ID, LIFECYCLE_ID, NAME, IS_INITIAL, IS_FROZEN, IS_RELEASED, DISPLAY_ORDER) VALUES (?,?,?,1,0,0,1)
2026-04-13T12:27:51.451Z DEBUG 138 --- [plm-core] [           main] org.jooq.tools.LoggerListener            : -> with bind values      : INSERT INTO LIFECYCLE_STATE (ID, LIFECYCLE_ID, NAME, IS_INITIAL, IS_FROZEN, IS_RELEASED, DISPLAY_ORDER) VALUES ('a6d23273-7367-473d-8b69-2137592c9d8e','5d7a0189-01d1-4b0a-b899-61cc1b98da6f','Draft',1,0,0,1)
2026-04-13T12:27:51.452Z DEBUG 138 --- [plm-core] [           main] org.jooq.tools.LoggerListener            : Affected row(s)          : 1
2026-04-13T12:27:51.452Z DEBUG 138 --- [plm-core] [           main] org.jooq.tools.LoggerListener            : Executing query          : INSERT INTO LIFECYCLE_STATE (ID, LIFECYCLE_ID, NAME, IS_INITIAL, IS_FROZEN, IS_RELEASED, DISPLAY_ORDER) VALUES (?,?,?,0,0,0,2)
2026-04-13T12:27:51.452Z DEBUG 138 --- [plm-core] [           main] org.jooq.tools.LoggerListener            : -> with bind values      : INSERT INTO LIFECYCLE_STATE (ID, LIFECYCLE_ID, NAME, IS_INITIAL, IS_FROZEN, IS_RELEASED, DISPLAY_ORDER) VALUES ('7b75fb67-f908-4d03-9a4e-494063701a83','5d7a0189-01d1-4b0a-b899-61cc1b98da6f','InReview',0,0,0,2)
2026-04-13T12:27:51.453Z DEBUG 138 --- [plm-core] [           main] org.jooq.tools.LoggerListener            : Affected row(s)          : 1
2026-04-13T12:27:51.453Z DEBUG 138 --- [plm-core] [           main] org.jooq.tools.LoggerListener            : Executing query          : INSERT INTO LIFECYCLE_STATE (ID, LIFECYCLE_ID, NAME, IS_INITIAL, IS_FROZEN, IS_RELEASED, DISPLAY_ORDER) VALUES (?,?,?,0,0,1,3)
2026-04-13T12:27:51.453Z DEBUG 138 --- [plm-core] [           main] org.jooq.tools.LoggerListener            : -> with bind values      : INSERT INTO LIFECYCLE_STATE (ID, LIFECYCLE_ID, NAME, IS_INITIAL, IS_FROZEN, IS_RELEASED, DISPLAY_ORDER) VALUES ('0c340ff0-c3a0-439b-b954-cea7ae18f9fe','5d7a0189-01d1-4b0a-b899-61cc1b98da6f','Released',0,0,1,3)
2026-04-13T12:27:51.453Z DEBUG 138 --- [plm-core] [           main] org.jooq.tools.LoggerListener            : Affected row(s)          : 1
2026-04-13T12:27:51.453Z DEBUG 138 --- [plm-core] [           main] org.jooq.tools.LoggerListener            : Executing query          : INSERT INTO LIFECYCLE_STATE (ID, LIFECYCLE_ID, NAME, IS_INITIAL, IS_FROZEN, IS_RELEASED, DISPLAY_ORDER) VALUES (?,?,?,0,1,0,4)
2026-04-13T12:27:51.454Z DEBUG 138 --- [plm-core] [           main] org.jooq.tools.LoggerListener            : -> with bind values      : INSERT INTO LIFECYCLE_STATE (ID, LIFECYCLE_ID, NAME, IS_INITIAL, IS_FROZEN, IS_RELEASED, DISPLAY_ORDER) VALUES ('0a989620-6d1f-4299-a6f1-db3d66199778','5d7a0189-01d1-4b0a-b899-61cc1b98da6f','Frozen',0,1,0,4)
2026-04-13T12:27:51.454Z DEBUG 138 --- [plm-core] [           main] org.jooq.tools.LoggerListener            : Affected row(s)          : 1
2026-04-13T12:27:51.454Z DEBUG 138 --- [plm-core] [           main] org.jooq.tools.LoggerListener            : Executing query          : INSERT INTO LIFECYCLE_TRANSITION (ID, LIFECYCLE_ID, NAME, FROM_STATE_ID, TO_STATE_ID, GUARD_EXPR) VALUES (?,?,?,?,?,?)
2026-04-13T12:27:51.454Z DEBUG 138 --- [plm-core] [           main] org.jooq.tools.LoggerListener            : -> with bind values      : INSERT INTO LIFECYCLE_TRANSITION (ID, LIFECYCLE_ID, NAME, FROM_STATE_ID, TO_STATE_ID, GUARD_EXPR) VALUES ('f026926a-33e8-4714-b1a5-859b772bec6f','5d7a0189-01d1-4b0a-b899-61cc1b98da6f','Submit for Review','a6d23273-7367-473d-8b69-2137592c9d8e','7b75fb67-f908-4d03-9a4e-494063701a83','all_required_filled')
2026-04-13T12:27:51.455Z DEBUG 138 --- [plm-core] [           main] org.jooq.tools.LoggerListener            : Affected row(s)          : 1
2026-04-13T12:27:51.455Z DEBUG 138 --- [plm-core] [           main] org.jooq.tools.LoggerListener            : Executing query          : INSERT INTO LIFECYCLE_TRANSITION (ID, LIFECYCLE_ID, NAME, FROM_STATE_ID, TO_STATE_ID, VERSION_STRATEGY) VALUES (?,?,?,?,?,?)
2026-04-13T12:27:51.455Z DEBUG 138 --- [plm-core] [           main] org.jooq.tools.LoggerListener            : -> with bind values      : INSERT INTO LIFECYCLE_TRANSITION (ID, LIFECYCLE_ID, NAME, FROM_STATE_ID, TO_STATE_ID, VERSION_STRATEGY) VALUES ('6632c15d-85c9-43a5-ac50-96f803c7affc','5d7a0189-01d1-4b0a-b899-61cc1b98da6f','Release','7b75fb67-f908-4d03-9a4e-494063701a83','0c340ff0-c3a0-439b-b954-cea7ae18f9fe','REVISE')
2026-04-13T12:27:51.455Z DEBUG 138 --- [plm-core] [           main] org.jooq.tools.LoggerListener            : Affected row(s)          : 1
2026-04-13T12:27:51.456Z DEBUG 138 --- [plm-core] [           main] org.jooq.tools.LoggerListener            : Executing query          : INSERT INTO NODE_TYPE (ID, NAME, LIFECYCLE_ID) VALUES (?,?,?)
2026-04-13T12:27:51.456Z DEBUG 138 --- [plm-core] [           main] org.jooq.tools.LoggerListener            : -> with bind values      : INSERT INTO NODE_TYPE (ID, NAME, LIFECYCLE_ID) VALUES ('e9744e28-101c-432e-8f7a-e98565bc4a78','Document','5d7a0189-01d1-4b0a-b899-61cc1b98da6f')
2026-04-13T12:27:51.456Z DEBUG 138 --- [plm-core] [           main] org.jooq.tools.LoggerListener            : Affected row(s)          : 1
2026-04-13T12:27:51.457Z DEBUG 138 --- [plm-core] [           main] org.jooq.tools.LoggerListener            : Executing query          : INSERT INTO node_type_action (id, node_type_id, action_id, status, transition_id, display_order) VALUES (?,?,?,?,?,?)
2026-04-13T12:27:51.457Z DEBUG 138 --- [plm-core] [           main] org.jooq.tools.LoggerListener            : -> with bind values      : INSERT INTO node_type_action (id, node_type_id, action_id, status, transition_id, display_order) VALUES ('nta-tr-f026926a-33e8-4714-b1a5-859b772bec6f-e9744e28-101c-432e-8f7a-e98565bc4a78','e9744e28-101c-432e-8f7a-e98565bc4a78','act-transition','ENABLED','f026926a-33e8-4714-b1a5-859b772bec6f',0)
2026-04-13T12:27:51.458Z DEBUG 138 --- [plm-core] [           main] org.jooq.tools.LoggerListener            : Affected row(s)          : 1
2026-04-13T12:27:51.459Z DEBUG 138 --- [plm-core] [           main] org.jooq.tools.LoggerListener            : Executing query          : INSERT INTO node_type_action (id, node_type_id, action_id, status, transition_id, display_order) VALUES (?,?,?,?,?,?)
2026-04-13T12:27:51.459Z DEBUG 138 --- [plm-core] [           main] org.jooq.tools.LoggerListener            : -> with bind values      : INSERT INTO node_type_action (id, node_type_id, action_id, status, transition_id, display_order) VALUES ('nta-tr-6632c15d-85c9-43a5-ac50-96f803c7affc-e9744e28-101c-432e-8f7a-e98565bc4a78','e9744e28-101c-432e-8f7a-e98565bc4a78','act-transition','ENABLED','6632c15d-85c9-43a5-ac50-96f803c7affc',0)
2026-04-13T12:27:51.459Z DEBUG 138 --- [plm-core] [           main] org.jooq.tools.LoggerListener            : Affected row(s)          : 1
2026-04-13T12:27:51.460Z DEBUG 138 --- [plm-core] [           main] org.jooq.tools.LoggerListener            : Executing query          : INSERT INTO node_type_action (id, node_type_id, action_id, status, display_order) VALUES (?,?,?,?,?)
2026-04-13T12:27:51.460Z DEBUG 138 --- [plm-core] [           main] org.jooq.tools.LoggerListener            : -> with bind values      : INSERT INTO node_type_action (id, node_type_id, action_id, status, display_order) VALUES ('nta-co-e9744e28-101c-432e-8f7a-e98565bc4a78','e9744e28-101c-432e-8f7a-e98565bc4a78','act-checkout','ENABLED',100)
2026-04-13T12:27:51.461Z DEBUG 138 --- [plm-core] [           main] org.jooq.tools.LoggerListener            : Affected row(s)          : 1
2026-04-13T12:27:51.461Z DEBUG 138 --- [plm-core] [           main] org.jooq.tools.LoggerListener            : Executing query          : INSERT INTO node_type_action (id, node_type_id, action_id, status, display_order) VALUES (?,?,?,?,?)
2026-04-13T12:27:51.461Z DEBUG 138 --- [plm-core] [           main] org.jooq.tools.LoggerListener            : -> with bind values      : INSERT INTO node_type_action (id, node_type_id, action_id, status, display_order) VALUES ('nta-sg-e9744e28-101c-432e-8f7a-e98565bc4a78','e9744e28-101c-432e-8f7a-e98565bc4a78','act-sign','ENABLED',200)
2026-04-13T12:27:51.461Z DEBUG 138 --- [plm-core] [           main] org.jooq.tools.LoggerListener            : Affected row(s)          : 1
2026-04-13T12:27:51.462Z DEBUG 138 --- [plm-core] [           main] org.jooq.tools.LoggerListener            : Executing query          : INSERT INTO ATTRIBUTE_DEFINITION (ID, NODE_TYPE_ID, NAME, LABEL, DATA_TYPE, REQUIRED, DISPLAY_ORDER, DISPLAY_SECTION, WIDGET_TYPE) VALUES (?,?,?,?,?,1,1,'General','TEXT')
2026-04-13T12:27:51.462Z DEBUG 138 --- [plm-core] [           main] org.jooq.tools.LoggerListener            : -> with bind values      : INSERT INTO ATTRIBUTE_DEFINITION (ID, NODE_TYPE_ID, NAME, LABEL, DATA_TYPE, REQUIRED, DISPLAY_ORDER, DISPLAY_SECTION, WIDGET_TYPE) VALUES ('bd1a0367-930e-4e0a-9ecd-5ede72627c19','e9744e28-101c-432e-8f7a-e98565bc4a78','name','Name','STRING',1,1,'General','TEXT')
2026-04-13T12:27:51.462Z DEBUG 138 --- [plm-core] [           main] org.jooq.tools.LoggerListener            : Affected row(s)          : 1
2026-04-13T12:27:51.463Z DEBUG 138 --- [plm-core] [           main] org.jooq.tools.LoggerListener            : Executing query          : INSERT INTO ATTRIBUTE_DEFINITION (ID, NODE_TYPE_ID, NAME, LABEL, DATA_TYPE, REQUIRED, DISPLAY_ORDER, DISPLAY_SECTION, WIDGET_TYPE) VALUES (?,?,?,?,?,0,2,'General','TEXT')
2026-04-13T12:27:51.463Z DEBUG 138 --- [plm-core] [           main] org.jooq.tools.LoggerListener            : -> with bind values      : INSERT INTO ATTRIBUTE_DEFINITION (ID, NODE_TYPE_ID, NAME, LABEL, DATA_TYPE, REQUIRED, DISPLAY_ORDER, DISPLAY_SECTION, WIDGET_TYPE) VALUES ('a16877b2-3fd0-47c3-8a8e-dcdf790650eb','e9744e28-101c-432e-8f7a-e98565bc4a78','description','Description','STRING',0,2,'General','TEXT')
2026-04-13T12:27:51.463Z DEBUG 138 --- [plm-core] [           main] org.jooq.tools.LoggerListener            : Affected row(s)          : 1
2026-04-13T12:27:51.464Z DEBUG 138 --- [plm-core] [           main] org.jooq.tools.LoggerListener            : Executing query          : INSERT INTO ATTRIBUTE_STATE_RULE (ID, ATTRIBUTE_DEFINITION_ID, LIFECYCLE_STATE_ID, REQUIRED, EDITABLE) VALUES (?,?,?,1,1)
2026-04-13T12:27:51.464Z DEBUG 138 --- [plm-core] [           main] org.jooq.tools.LoggerListener            : -> with bind values      : INSERT INTO ATTRIBUTE_STATE_RULE (ID, ATTRIBUTE_DEFINITION_ID, LIFECYCLE_STATE_ID, REQUIRED, EDITABLE) VALUES ('9913e3a3-6e29-401c-8629-5220349734ba','bd1a0367-930e-4e0a-9ecd-5ede72627c19','7b75fb67-f908-4d03-9a4e-494063701a83',1,1)
2026-04-13T12:27:51.464Z DEBUG 138 --- [plm-core] [           main] org.jooq.tools.LoggerListener            : Affected row(s)          : 1
2026-04-13T12:27:51.465Z DEBUG 138 --- [plm-core] [           main] org.jooq.tools.LoggerListener            : Executing query          : INSERT INTO ATTRIBUTE_STATE_RULE (ID, ATTRIBUTE_DEFINITION_ID, LIFECYCLE_STATE_ID, REQUIRED, EDITABLE) VALUES (?,?,?,0,0)
2026-04-13T12:27:51.465Z DEBUG 138 --- [plm-core] [           main] org.jooq.tools.LoggerListener            : -> with bind values      : INSERT INTO ATTRIBUTE_STATE_RULE (ID, ATTRIBUTE_DEFINITION_ID, LIFECYCLE_STATE_ID, REQUIRED, EDITABLE) VALUES ('2862dfa4-cecd-4802-a01a-44177e35e42d','bd1a0367-930e-4e0a-9ecd-5ede72627c19','0c340ff0-c3a0-439b-b954-cea7ae18f9fe',0,0)
2026-04-13T12:27:51.466Z DEBUG 138 --- [plm-core] [           main] org.jooq.tools.LoggerListener            : Affected row(s)          : 1
2026-04-13T12:27:51.467Z DEBUG 138 --- [plm-core] [           main] org.jooq.tools.LoggerListener            : Executing query          : select * from node_type where (id = ?)
2026-04-13T12:27:51.467Z DEBUG 138 --- [plm-core] [           main] org.jooq.tools.LoggerListener            : -> with bind values      : select * from node_type where (id = 'e9744e28-101c-432e-8f7a-e98565bc4a78')
2026-04-13T12:27:51.468Z DEBUG 138 --- [plm-core] [           main] org.jooq.tools.LoggerListener            : Fetched result           : +------------------------------------+--------+-----------+------------------------------------+----------------+------------------+----------------+--------------------------+
2026-04-13T12:27:51.468Z DEBUG 138 --- [plm-core] [           main] org.jooq.tools.LoggerListener            :                          : |id                                  |name    |description|lifecycle_id                        |logical_id_label|logical_id_pattern|numbering_scheme|created_at                |
2026-04-13T12:27:51.468Z DEBUG 138 --- [plm-core] [           main] org.jooq.tools.LoggerListener            :                          : +------------------------------------+--------+-----------+------------------------------------+----------------+------------------+----------------+--------------------------+
2026-04-13T12:27:51.468Z DEBUG 138 --- [plm-core] [           main] org.jooq.tools.LoggerListener            :                          : |e9744e28-101c-432e-8f7a-e98565bc4a78|Document|{null}     |5d7a0189-01d1-4b0a-b899-61cc1b98da6f|Identifier      |{null}            |ALPHA_NUMERIC   |2026-04-13 12:27:51.450193|
2026-04-13T12:27:51.468Z DEBUG 138 --- [plm-core] [           main] org.jooq.tools.LoggerListener            :                          : +------------------------------------+--------+-----------+------------------------------------+----------------+------------------+----------------+--------------------------+
2026-04-13T12:27:51.468Z DEBUG 138 --- [plm-core] [           main] org.jooq.tools.LoggerListener            : Fetched row(s)           : 1
2026-04-13T12:27:51.469Z DEBUG 138 --- [plm-core] [           main] org.jooq.tools.LoggerListener            : Executing query          : INSERT INTO node (ID, NODE_TYPE_ID, PROJECT_SPACE_ID, LOGICAL_ID, EXTERNAL_ID, CREATED_AT, CREATED_BY)
VALUES (?,?,?,?,?,?,?)

2026-04-13T12:27:51.469Z DEBUG 138 --- [plm-core] [           main] org.jooq.tools.LoggerListener            : -> with bind values      : INSERT INTO node (ID, NODE_TYPE_ID, PROJECT_SPACE_ID, LOGICAL_ID, EXTERNAL_ID, CREATED_AT, CREATED_BY)
VALUES ('d196db89-69cc-4a5a-bc67-3635a0ef22d2','e9744e28-101c-432e-8f7a-e98565bc4a78','ps-default',null,null,timestamp '2026-04-13 12:27:51.469077273','alice')

2026-04-13T12:27:51.470Z DEBUG 138 --- [plm-core] [           main] org.jooq.tools.LoggerListener            : Affected row(s)          : 1
2026-04-13T12:27:51.470Z DEBUG 138 --- [plm-core] [           main] org.jooq.tools.LoggerListener            : Executing query          : INSERT INTO plm_transaction (ID, OWNER_ID, STATUS, COMMIT_COMMENT, CREATED_AT, COMMITTED_AT)
VALUES (?, ?, 'COMMITTED', 'Initial creation', ?, ?)

2026-04-13T12:27:51.470Z DEBUG 138 --- [plm-core] [           main] org.jooq.tools.LoggerListener            : -> with bind values      : INSERT INTO plm_transaction (ID, OWNER_ID, STATUS, COMMIT_COMMENT, CREATED_AT, COMMITTED_AT)
VALUES ('cc4f6a8a-ad1f-48e8-b82f-4eb7791be54b', 'alice', 'COMMITTED', 'Initial creation', timestamp '2026-04-13 12:27:51.469077273', timestamp '2026-04-13 12:27:51.469077273')

2026-04-13T12:27:51.471Z DEBUG 138 --- [plm-core] [           main] org.jooq.tools.LoggerListener            : Affected row(s)          : 1
2026-04-13T12:27:51.472Z DEBUG 138 --- [plm-core] [           main] org.jooq.tools.LoggerListener            : Executing query          : select * from lifecycle_state where ((lifecycle_id = ?) and (is_initial = 1))
2026-04-13T12:27:51.473Z DEBUG 138 --- [plm-core] [           main] org.jooq.tools.LoggerListener            : -> with bind values      : select * from lifecycle_state where ((lifecycle_id = '5d7a0189-01d1-4b0a-b899-61cc1b98da6f') and (is_initial = 1))
2026-04-13T12:27:51.474Z DEBUG 138 --- [plm-core] [           main] org.jooq.tools.LoggerListener            : Fetched result           : +------------------------------------+------------------------------------+-----+----------+---------+-----------+-------------+------+
2026-04-13T12:27:51.474Z DEBUG 138 --- [plm-core] [           main] org.jooq.tools.LoggerListener            :                          : |id                                  |lifecycle_id                        |name |is_initial|is_frozen|is_released|display_order|color |
2026-04-13T12:27:51.474Z DEBUG 138 --- [plm-core] [           main] org.jooq.tools.LoggerListener            :                          : +------------------------------------+------------------------------------+-----+----------+---------+-----------+-------------+------+
2026-04-13T12:27:51.474Z DEBUG 138 --- [plm-core] [           main] org.jooq.tools.LoggerListener            :                          : |a6d23273-7367-473d-8b69-2137592c9d8e|5d7a0189-01d1-4b0a-b899-61cc1b98da6f|Draft|         1|        0|          0|            1|{null}|
2026-04-13T12:27:51.474Z DEBUG 138 --- [plm-core] [           main] org.jooq.tools.LoggerListener            :                          : +------------------------------------+------------------------------------+-----+----------+---------+-----------+-------------+------+
2026-04-13T12:27:51.474Z DEBUG 138 --- [plm-core] [           main] org.jooq.tools.LoggerListener            : Fetched row(s)           : 1
2026-04-13T12:27:51.474Z DEBUG 138 --- [plm-core] [           main] org.jooq.tools.LoggerListener            : Executing query          : INSERT INTO node_version
  (ID, NODE_ID, VERSION_NUMBER, REVISION, ITERATION, LIFECYCLE_STATE_ID,
   CHANGE_TYPE, CHANGE_DESCRIPTION, TX_ID, VERSION_REASON, CREATED_AT, CREATED_BY)
VALUES (?, ?, 1, 'A', 1, ?, 'CONTENT', 'Initial creation', ?, 'REVISE', ?, ?)

2026-04-13T12:27:51.475Z DEBUG 138 --- [plm-core] [           main] org.jooq.tools.LoggerListener            : -> with bind values      : INSERT INTO node_version
  (ID, NODE_ID, VERSION_NUMBER, REVISION, ITERATION, LIFECYCLE_STATE_ID,
   CHANGE_TYPE, CHANGE_DESCRIPTION, TX_ID, VERSION_REASON, CREATED_AT, CREATED_BY)
VALUES ('1337e718-4d7b-4d7e-bfb1-ce70819f13b2', 'd196db89-69cc-4a5a-bc67-3635a0ef22d2', 1, 'A', 1, 'a6d23273-7367-473d-8b69-2137592c9d8e', 'CONTENT', 'Initial creation', 'cc4f6a8a-ad1f-48e8-b82f-4eb7791be54b', 'REVISE', timestamp '2026-04-13 12:27:51.469077273', 'alice')

2026-04-13T12:27:51.476Z DEBUG 138 --- [plm-core] [           main] org.jooq.tools.LoggerListener            : Affected row(s)          : 1
2026-04-13T12:27:51.476Z DEBUG 138 --- [plm-core] [           main] org.jooq.tools.LoggerListener            : Executing query          : INSERT INTO node_version_attribute (ID, NODE_VERSION_ID, ATTRIBUTE_DEF_ID, VALUE) VALUES (?,?,?,?)
2026-04-13T12:27:51.476Z DEBUG 138 --- [plm-core] [           main] org.jooq.tools.LoggerListener            : -> with bind values      : INSERT INTO node_version_attribute (ID, NODE_VERSION_ID, ATTRIBUTE_DEF_ID, VALUE) VALUES ('4f6929d8-7b99-4949-a2a3-54677a234c95','1337e718-4d7b-4d7e-bfb1-ce70819f13b2','bd1a0367-930e-4e0a-9ecd-5ede72627c19','Doc v1')
2026-04-13T12:27:51.476Z DEBUG 138 --- [plm-core] [           main] org.jooq.tools.LoggerListener            : Affected row(s)          : 1
2026-04-13T12:27:51.477Z DEBUG 138 --- [plm-core] [           main] org.jooq.tools.LoggerListener            : Executing query          : SELECT n.node_type_id, n.logical_id,
       nt.logical_id_pattern, nt.logical_id_label
FROM node n
JOIN node_type nt ON nt.id = n.node_type_id
WHERE n.id = ?

2026-04-13T12:27:51.477Z DEBUG 138 --- [plm-core] [           main] org.jooq.tools.LoggerListener            : -> with bind values      : SELECT n.node_type_id, n.logical_id,
       nt.logical_id_pattern, nt.logical_id_label
FROM node n
JOIN node_type nt ON nt.id = n.node_type_id
WHERE n.id = 'd196db89-69cc-4a5a-bc67-3635a0ef22d2'

2026-04-13T12:27:51.477Z DEBUG 138 --- [plm-core] [           main] org.jooq.tools.LoggerListener            : Fetched result           : +------------------------------------+----------+------------------+----------------+
2026-04-13T12:27:51.478Z DEBUG 138 --- [plm-core] [           main] org.jooq.tools.LoggerListener            :                          : |node_type_id                        |logical_id|logical_id_pattern|logical_id_label|
2026-04-13T12:27:51.478Z DEBUG 138 --- [plm-core] [           main] org.jooq.tools.LoggerListener            :                          : +------------------------------------+----------+------------------+----------------+
2026-04-13T12:27:51.478Z DEBUG 138 --- [plm-core] [           main] org.jooq.tools.LoggerListener            :                          : |e9744e28-101c-432e-8f7a-e98565bc4a78|{null}    |{null}            |Identifier      |
2026-04-13T12:27:51.478Z DEBUG 138 --- [plm-core] [           main] org.jooq.tools.LoggerListener            :                          : +------------------------------------+----------+------------------+----------------+
2026-04-13T12:27:51.478Z DEBUG 138 --- [plm-core] [           main] org.jooq.tools.LoggerListener            : Fetched row(s)           : 1
2026-04-13T12:27:51.478Z DEBUG 138 --- [plm-core] [           main] org.jooq.tools.LoggerListener            : Executing query          : select * from attribute_definition ad where (ad.node_type_id = ?)
2026-04-13T12:27:51.478Z DEBUG 138 --- [plm-core] [           main] org.jooq.tools.LoggerListener            : -> with bind values      : select * from attribute_definition ad where (ad.node_type_id = 'e9744e28-101c-432e-8f7a-e98565bc4a78')
2026-04-13T12:27:51.480Z DEBUG 138 --- [plm-core] [           main] org.jooq.tools.LoggerListener            : Fetched result           : +------------------------------------+------------------------------------+-----------+-----------+---------+--------+-------------+------------+--------------+-----------+-------------+---------------+-------+--------------------------+
2026-04-13T12:27:51.480Z DEBUG 138 --- [plm-core] [           main] org.jooq.tools.LoggerListener            :                          : |id                                  |node_type_id                        |name       |label      |data_type|required|default_value|naming_regex|allowed_values|widget_type|display_order|display_section|tooltip|created_at                |
2026-04-13T12:27:51.480Z DEBUG 138 --- [plm-core] [           main] org.jooq.tools.LoggerListener            :                          : +------------------------------------+------------------------------------+-----------+-----------+---------+--------+-------------+------------+--------------+-----------+-------------+---------------+-------+--------------------------+
2026-04-13T12:27:51.480Z DEBUG 138 --- [plm-core] [           main] org.jooq.tools.LoggerListener            :                          : |bd1a0367-930e-4e0a-9ecd-5ede72627c19|e9744e28-101c-432e-8f7a-e98565bc4a78|name       |Name       |STRING   |       1|{null}       |{null}      |{null}        |TEXT       |            1|General        |{null} |2026-04-13 12:27:51.450193|
2026-04-13T12:27:51.480Z DEBUG 138 --- [plm-core] [           main] org.jooq.tools.LoggerListener            :                          : |a16877b2-3fd0-47c3-8a8e-dcdf790650eb|e9744e28-101c-432e-8f7a-e98565bc4a78|description|Description|STRING   |       0|{null}       |{null}      |{null}        |TEXT       |            2|General        |{null} |2026-04-13 12:27:51.450193|
2026-04-13T12:27:51.480Z DEBUG 138 --- [plm-core] [           main] org.jooq.tools.LoggerListener            :                          : +------------------------------------+------------------------------------+-----------+-----------+---------+--------+-------------+------------+--------------+-----------+-------------+---------------+-------+--------------------------+
2026-04-13T12:27:51.480Z DEBUG 138 --- [plm-core] [           main] org.jooq.tools.LoggerListener            : Fetched row(s)           : 2
2026-04-13T12:27:51.481Z DEBUG 138 --- [plm-core] [           main] org.jooq.tools.LoggerListener            : Executing query          : select * from attribute_state_rule where ((attribute_definition_id = ?) and (lifecycle_state_id = ?))
2026-04-13T12:27:51.481Z DEBUG 138 --- [plm-core] [           main] org.jooq.tools.LoggerListener            : -> with bind values      : select * from attribute_state_rule where ((attribute_definition_id = 'bd1a0367-930e-4e0a-9ecd-5ede72627c19') and (lifecycle_state_id = 'a6d23273-7367-473d-8b69-2137592c9d8e'))
2026-04-13T12:27:51.482Z DEBUG 138 --- [plm-core] [           main] org.jooq.tools.LoggerListener            : Fetched result           : +----+-----------------------+------------------+--------+--------+-------+
2026-04-13T12:27:51.482Z DEBUG 138 --- [plm-core] [           main] org.jooq.tools.LoggerListener            :                          : |id  |attribute_definition_id|lifecycle_state_id|required|editable|visible|
2026-04-13T12:27:51.482Z DEBUG 138 --- [plm-core] [           main] org.jooq.tools.LoggerListener            :                          : +----+-----------------------+------------------+--------+--------+-------+
2026-04-13T12:27:51.482Z DEBUG 138 --- [plm-core] [           main] org.jooq.tools.LoggerListener            : Fetched row(s)           : 0
2026-04-13T12:27:51.483Z DEBUG 138 --- [plm-core] [           main] org.jooq.tools.LoggerListener            : Executing query          : select * from attribute_state_rule where ((attribute_definition_id = ?) and (lifecycle_state_id = ?))
2026-04-13T12:27:51.483Z DEBUG 138 --- [plm-core] [           main] org.jooq.tools.LoggerListener            : -> with bind values      : select * from attribute_state_rule where ((attribute_definition_id = 'a16877b2-3fd0-47c3-8a8e-dcdf790650eb') and (lifecycle_state_id = 'a6d23273-7367-473d-8b69-2137592c9d8e'))
2026-04-13T12:27:51.483Z DEBUG 138 --- [plm-core] [           main] org.jooq.tools.LoggerListener            : Fetched result           : +----+-----------------------+------------------+--------+--------+-------+
2026-04-13T12:27:51.484Z DEBUG 138 --- [plm-core] [           main] org.jooq.tools.LoggerListener            :                          : |id  |attribute_definition_id|lifecycle_state_id|required|editable|visible|
2026-04-13T12:27:51.484Z DEBUG 138 --- [plm-core] [           main] org.jooq.tools.LoggerListener            :                          : +----+-----------------------+------------------+--------+--------+-------+
2026-04-13T12:27:51.484Z DEBUG 138 --- [plm-core] [           main] org.jooq.tools.LoggerListener            : Fetched row(s)           : 0
2026-04-13T12:27:51.484Z DEBUG 138 --- [plm-core] [           main] org.jooq.tools.LoggerListener            : Executing query          : select * from node_version where (id = ?)
2026-04-13T12:27:51.484Z DEBUG 138 --- [plm-core] [           main] org.jooq.tools.LoggerListener            : -> with bind values      : select * from node_version where (id = '1337e718-4d7b-4d7e-bfb1-ce70819f13b2')
2026-04-13T12:27:51.485Z DEBUG 138 --- [plm-core] [           main] org.jooq.tools.LoggerListener            : Fetched result           : +------------------------------------+------------------------------------+--------------+--------+---------+------------------------------------+-----------+------------------+------------------------------------+-------------------+--------------+-----------+--------------------------+----------+
2026-04-13T12:27:51.485Z DEBUG 138 --- [plm-core] [           main] org.jooq.tools.LoggerListener            :                          : |id                                  |node_id                             |version_number|revision|iteration|lifecycle_state_id                  |change_type|change_description|tx_id                               |previous_version_id|version_reason|fingerprint|created_at                |created_by|
2026-04-13T12:27:51.485Z DEBUG 138 --- [plm-core] [           main] org.jooq.tools.LoggerListener            :                          : +------------------------------------+------------------------------------+--------------+--------+---------+------------------------------------+-----------+------------------+------------------------------------+-------------------+--------------+-----------+--------------------------+----------+
2026-04-13T12:27:51.485Z DEBUG 138 --- [plm-core] [           main] org.jooq.tools.LoggerListener            :                          : |1337e718-4d7b-4d7e-bfb1-ce70819f13b2|d196db89-69cc-4a5a-bc67-3635a0ef22d2|             1|A       |        1|a6d23273-7367-473d-8b69-2137592c9d8e|CONTENT    |Initial creation  |cc4f6a8a-ad1f-48e8-b82f-4eb7791be54b|{null}             |REVISE        |{null}     |2026-04-13 12:27:51.469077|alice     |
2026-04-13T12:27:51.485Z DEBUG 138 --- [plm-core] [           main] org.jooq.tools.LoggerListener            :                          : +------------------------------------+------------------------------------+--------------+--------+---------+------------------------------------+-----------+------------------+------------------------------------+-------------------+--------------+-----------+--------------------------+----------+
2026-04-13T12:27:51.486Z DEBUG 138 --- [plm-core] [           main] org.jooq.tools.LoggerListener            : Fetched row(s)           : 1
2026-04-13T12:27:51.486Z DEBUG 138 --- [plm-core] [           main] org.jooq.tools.LoggerListener            : Executing query          : select * from node_version_attribute where (node_version_id = ?) order by attribute_def_id asc
2026-04-13T12:27:51.487Z DEBUG 138 --- [plm-core] [           main] org.jooq.tools.LoggerListener            : -> with bind values      : select * from node_version_attribute where (node_version_id = '1337e718-4d7b-4d7e-bfb1-ce70819f13b2') order by attribute_def_id asc
2026-04-13T12:27:51.488Z DEBUG 138 --- [plm-core] [           main] org.jooq.tools.LoggerListener            : Fetched result           : +------------------------------------+------------------------------------+------------------------------------+------+
2026-04-13T12:27:51.488Z DEBUG 138 --- [plm-core] [           main] org.jooq.tools.LoggerListener            :                          : |id                                  |node_version_id                     |attribute_def_id                    |value |
2026-04-13T12:27:51.488Z DEBUG 138 --- [plm-core] [           main] org.jooq.tools.LoggerListener            :                          : +------------------------------------+------------------------------------+------------------------------------+------+
2026-04-13T12:27:51.488Z DEBUG 138 --- [plm-core] [           main] org.jooq.tools.LoggerListener            :                          : |4f6929d8-7b99-4949-a2a3-54677a234c95|1337e718-4d7b-4d7e-bfb1-ce70819f13b2|bd1a0367-930e-4e0a-9ecd-5ede72627c19|Doc v1|
2026-04-13T12:27:51.488Z DEBUG 138 --- [plm-core] [           main] org.jooq.tools.LoggerListener            :                          : +------------------------------------+------------------------------------+------------------------------------+------+
2026-04-13T12:27:51.488Z DEBUG 138 --- [plm-core] [           main] org.jooq.tools.LoggerListener            : Fetched row(s)           : 1
2026-04-13T12:27:51.489Z DEBUG 138 --- [plm-core] [           main] org.jooq.tools.LoggerListener            : Executing query          : select * from node_signature where (node_version_id = ?) order by signed_by asc, meaning asc
2026-04-13T12:27:51.489Z DEBUG 138 --- [plm-core] [           main] org.jooq.tools.LoggerListener            : -> with bind values      : select * from node_signature where (node_version_id = '1337e718-4d7b-4d7e-bfb1-ce70819f13b2') order by signed_by asc, meaning asc
2026-04-13T12:27:51.490Z DEBUG 138 --- [plm-core] [           main] org.jooq.tools.LoggerListener            : Fetched result           : +----+-------+---------------+---------+---------+-------+-------+
2026-04-13T12:27:51.490Z DEBUG 138 --- [plm-core] [           main] org.jooq.tools.LoggerListener            :                          : |id  |node_id|node_version_id|signed_by|signed_at|meaning|comment|
2026-04-13T12:27:51.490Z DEBUG 138 --- [plm-core] [           main] org.jooq.tools.LoggerListener            :                          : +----+-------+---------------+---------+---------+-------+-------+
2026-04-13T12:27:51.490Z DEBUG 138 --- [plm-core] [           main] org.jooq.tools.LoggerListener            : Fetched row(s)           : 0
2026-04-13T12:27:51.490Z DEBUG 138 --- [plm-core] [           main] org.jooq.tools.LoggerListener            : Executing query          : SELECT nl.link_type_id, nl.target_node_id, nl.pinned_version_id
FROM node_version_link nl
JOIN node_version nv_src    ON nv_src.id  = nl.source_node_version_id
JOIN plm_transaction pt_src ON pt_src.id  = nv_src.tx_id
WHERE nv_src.node_id = ?
  AND (pt_src.status = 'COMMITTED' OR nv_src.id = ?)
  AND nv_src.version_number <= (
    SELECT version_number FROM node_version WHERE id = ?)
ORDER BY nl.link_type_id ASC, nl.target_node_id ASC

2026-04-13T12:27:51.490Z DEBUG 138 --- [plm-core] [           main] org.jooq.tools.LoggerListener            : -> with bind values      : SELECT nl.link_type_id, nl.target_node_id, nl.pinned_version_id
FROM node_version_link nl
JOIN node_version nv_src    ON nv_src.id  = nl.source_node_version_id
JOIN plm_transaction pt_src ON pt_src.id  = nv_src.tx_id
WHERE nv_src.node_id = 'd196db89-69cc-4a5a-bc67-3635a0ef22d2'
  AND (pt_src.status = 'COMMITTED' OR nv_src.id = '1337e718-4d7b-4d7e-bfb1-ce70819f13b2')
  AND nv_src.version_number <= (
    SELECT version_number FROM node_version WHERE id = '1337e718-4d7b-4d7e-bfb1-ce70819f13b2')
ORDER BY nl.link_type_id ASC, nl.target_node_id ASC

2026-04-13T12:27:51.492Z DEBUG 138 --- [plm-core] [           main] org.jooq.tools.LoggerListener            : Fetched result           : +------------+--------------+-----------------+
2026-04-13T12:27:51.492Z DEBUG 138 --- [plm-core] [           main] org.jooq.tools.LoggerListener            :                          : |link_type_id|target_node_id|pinned_version_id|
2026-04-13T12:27:51.492Z DEBUG 138 --- [plm-core] [           main] org.jooq.tools.LoggerListener            :                          : +------------+--------------+-----------------+
2026-04-13T12:27:51.492Z DEBUG 138 --- [plm-core] [           main] org.jooq.tools.LoggerListener            : Fetched row(s)           : 0
2026-04-13T12:27:51.493Z DEBUG 138 --- [plm-core] [           main] org.jooq.tools.LoggerListener            : Executing query          : UPDATE node_version SET fingerprint = ? WHERE id = ?
2026-04-13T12:27:51.493Z DEBUG 138 --- [plm-core] [           main] org.jooq.tools.LoggerListener            : -> with bind values      : UPDATE node_version SET fingerprint = '6fe378a2dd72da078f33dd4f451fbd39722a36db70170738a5e651f47db46046' WHERE id = '1337e718-4d7b-4d7e-bfb1-ce70819f13b2'
2026-04-13T12:27:51.494Z DEBUG 138 --- [plm-core] [           main] org.jooq.tools.LoggerListener            : Affected row(s)          : 1
2026-04-13T12:27:51.495Z  INFO 138 --- [plm-core] [           main] com.plm.domain.service.NodeService       : Node created: id=d196db89-69cc-4a5a-bc67-3635a0ef22d2 type=e9744e28-101c-432e-8f7a-e98565bc4a78 user=alice
2026-04-13T12:27:51.495Z DEBUG 138 --- [plm-core] [           main] org.jooq.tools.LoggerListener            : Executing query          : select * from plm_transaction where ((owner_id = ?) and (status = 'OPEN'))
2026-04-13T12:27:51.496Z DEBUG 138 --- [plm-core] [           main] org.jooq.tools.LoggerListener            : -> with bind values      : select * from plm_transaction where ((owner_id = 'alice') and (status = 'OPEN'))
2026-04-13T12:27:51.497Z DEBUG 138 --- [plm-core] [           main] org.jooq.tools.LoggerListener            : Fetched result           : +----+--------+------+--------------+----------+------------+
2026-04-13T12:27:51.497Z DEBUG 138 --- [plm-core] [           main] org.jooq.tools.LoggerListener            :                          : |id  |owner_id|status|commit_comment|created_at|committed_at|
2026-04-13T12:27:51.497Z DEBUG 138 --- [plm-core] [           main] org.jooq.tools.LoggerListener            :                          : +----+--------+------+--------------+----------+------------+
2026-04-13T12:27:51.497Z DEBUG 138 --- [plm-core] [           main] org.jooq.tools.LoggerListener            : Fetched row(s)           : 0
2026-04-13T12:27:51.497Z DEBUG 138 --- [plm-core] [           main] org.jooq.tools.LoggerListener            : Executing query          : INSERT INTO plm_transaction (ID, OWNER_ID, STATUS, CREATED_AT) VALUES (?,?,?,?)
2026-04-13T12:27:51.497Z DEBUG 138 --- [plm-core] [           main] org.jooq.tools.LoggerListener            : -> with bind values      : INSERT INTO plm_transaction (ID, OWNER_ID, STATUS, CREATED_AT) VALUES ('fdd60ea5-98af-4bd6-9274-7e4c84f16180','alice','OPEN',timestamp '2026-04-13 12:27:51.497405591')
2026-04-13T12:27:51.498Z DEBUG 138 --- [plm-core] [           main] org.jooq.tools.LoggerListener            : Affected row(s)          : 1
2026-04-13T12:27:51.498Z  INFO 138 --- [plm-core] [           main] c.p.d.service.PlmTransactionService      : Transaction opened: id=fdd60ea5-98af-4bd6-9274-7e4c84f16180 owner=alice
2026-04-13T12:27:51.500Z DEBUG 138 --- [plm-core] [           main] org.jooq.tools.LoggerListener            : Executing query          : select * from node_version where ((node_id = ?) and exists (select 1 as "one" from plm_transaction where ((id = node_version.tx_id) and (status = 'COMMITTED')))) order by version_number desc fetch next ? rows only
2026-04-13T12:27:51.502Z DEBUG 138 --- [plm-core] [           main] org.jooq.tools.LoggerListener            : -> with bind values      : select * from node_version where ((node_id = 'd196db89-69cc-4a5a-bc67-3635a0ef22d2') and exists (select 1 as "one" from plm_transaction where ((id = node_version.tx_id) and (status = 'COMMITTED')))) order by version_number desc fetch next 1 rows only
2026-04-13T12:27:51.505Z DEBUG 138 --- [plm-core] [           main] org.jooq.tools.LoggerListener            : Fetched result           : +------------------------------------+------------------------------------+--------------+--------+---------+------------------------------------+-----------+------------------+------------------------------------+-------------------+--------------+--------------------------------------------------+--------------------------+----------+
2026-04-13T12:27:51.505Z DEBUG 138 --- [plm-core] [           main] org.jooq.tools.LoggerListener            :                          : |id                                  |node_id                             |version_number|revision|iteration|lifecycle_state_id                  |change_type|change_description|tx_id                               |previous_version_id|version_reason|fingerprint                                       |created_at                |created_by|
2026-04-13T12:27:51.505Z DEBUG 138 --- [plm-core] [           main] org.jooq.tools.LoggerListener            :                          : +------------------------------------+------------------------------------+--------------+--------+---------+------------------------------------+-----------+------------------+------------------------------------+-------------------+--------------+--------------------------------------------------+--------------------------+----------+
2026-04-13T12:27:51.505Z DEBUG 138 --- [plm-core] [           main] org.jooq.tools.LoggerListener            :                          : |1337e718-4d7b-4d7e-bfb1-ce70819f13b2|d196db89-69cc-4a5a-bc67-3635a0ef22d2|             1|A       |        1|a6d23273-7367-473d-8b69-2137592c9d8e|CONTENT    |Initial creation  |cc4f6a8a-ad1f-48e8-b82f-4eb7791be54b|{null}             |REVISE        |6fe378a2dd72da078f33dd4f451fbd39722a36db7017073...|2026-04-13 12:27:51.469077|alice     |
2026-04-13T12:27:51.505Z DEBUG 138 --- [plm-core] [           main] org.jooq.tools.LoggerListener            :                          : +------------------------------------+------------------------------------+--------------+--------+---------+------------------------------------+-----------+------------------+------------------------------------+-------------------+--------------+--------------------------------------------------+--------------------------+----------+
2026-04-13T12:27:51.505Z DEBUG 138 --- [plm-core] [           main] org.jooq.tools.LoggerListener            : Fetched row(s)           : 1
2026-04-13T12:27:51.506Z DEBUG 138 --- [plm-core] [           main] org.jooq.tools.LoggerListener            : Executing query          : select * from lifecycle_state where (id = ?)
2026-04-13T12:27:51.507Z DEBUG 138 --- [plm-core] [           main] org.jooq.tools.LoggerListener            : -> with bind values      : select * from lifecycle_state where (id = 'a6d23273-7367-473d-8b69-2137592c9d8e')
2026-04-13T12:27:51.508Z DEBUG 138 --- [plm-core] [           main] org.jooq.tools.LoggerListener            : Fetched result           : +------------------------------------+------------------------------------+-----+----------+---------+-----------+-------------+------+
2026-04-13T12:27:51.508Z DEBUG 138 --- [plm-core] [           main] org.jooq.tools.LoggerListener            :                          : |id                                  |lifecycle_id                        |name |is_initial|is_frozen|is_released|display_order|color |
2026-04-13T12:27:51.508Z DEBUG 138 --- [plm-core] [           main] org.jooq.tools.LoggerListener            :                          : +------------------------------------+------------------------------------+-----+----------+---------+-----------+-------------+------+
2026-04-13T12:27:51.508Z DEBUG 138 --- [plm-core] [           main] org.jooq.tools.LoggerListener            :                          : |a6d23273-7367-473d-8b69-2137592c9d8e|5d7a0189-01d1-4b0a-b899-61cc1b98da6f|Draft|         1|        0|          0|            1|{null}|
2026-04-13T12:27:51.508Z DEBUG 138 --- [plm-core] [           main] org.jooq.tools.LoggerListener            :                          : +------------------------------------+------------------------------------+-----+----------+---------+-----------+-------------+------+
2026-04-13T12:27:51.508Z DEBUG 138 --- [plm-core] [           main] org.jooq.tools.LoggerListener            : Fetched row(s)           : 1
2026-04-13T12:27:51.508Z DEBUG 138 --- [plm-core] [           main] org.jooq.tools.LoggerListener            : Executing query          : SELECT locked_by FROM node WHERE id = ? FOR UPDATE
2026-04-13T12:27:51.508Z DEBUG 138 --- [plm-core] [           main] org.jooq.tools.LoggerListener            : -> with bind values      : SELECT locked_by FROM node WHERE id = 'd196db89-69cc-4a5a-bc67-3635a0ef22d2' FOR UPDATE
2026-04-13T12:27:51.510Z DEBUG 138 --- [plm-core] [           main] org.jooq.tools.LoggerListener            : Fetched result           : +---------+
2026-04-13T12:27:51.510Z DEBUG 138 --- [plm-core] [           main] org.jooq.tools.LoggerListener            :                          : |locked_by|
2026-04-13T12:27:51.510Z DEBUG 138 --- [plm-core] [           main] org.jooq.tools.LoggerListener            :                          : +---------+
2026-04-13T12:27:51.510Z DEBUG 138 --- [plm-core] [           main] org.jooq.tools.LoggerListener            :                          : |{null}   |
2026-04-13T12:27:51.510Z DEBUG 138 --- [plm-core] [           main] org.jooq.tools.LoggerListener            :                          : +---------+
2026-04-13T12:27:51.510Z DEBUG 138 --- [plm-core] [           main] org.jooq.tools.LoggerListener            : Fetched row(s)           : 1
2026-04-13T12:27:51.510Z DEBUG 138 --- [plm-core] [           main] org.jooq.tools.LoggerListener            : Executing query          : UPDATE node SET locked_by = ?, locked_at = ? WHERE id = ?
2026-04-13T12:27:51.510Z DEBUG 138 --- [plm-core] [           main] org.jooq.tools.LoggerListener            : -> with bind values      : UPDATE node SET locked_by = 'alice', locked_at = timestamp '2026-04-13 12:27:51.510419629' WHERE id = 'd196db89-69cc-4a5a-bc67-3635a0ef22d2'
2026-04-13T12:27:51.511Z DEBUG 138 --- [plm-core] [           main] org.jooq.tools.LoggerListener            : Affected row(s)          : 1
2026-04-13T12:27:51.511Z DEBUG 138 --- [plm-core] [           main] org.jooq.tools.LoggerListener            : Executing query          : select * from node_version where ((node_id = ?) and (tx_id = ?)) order by version_number desc fetch next ? rows only
2026-04-13T12:27:51.512Z DEBUG 138 --- [plm-core] [           main] org.jooq.tools.LoggerListener            : -> with bind values      : select * from node_version where ((node_id = 'd196db89-69cc-4a5a-bc67-3635a0ef22d2') and (tx_id = 'fdd60ea5-98af-4bd6-9274-7e4c84f16180')) order by version_number desc fetch next 1 rows only
2026-04-13T12:27:51.513Z DEBUG 138 --- [plm-core] [           main] org.jooq.tools.LoggerListener            : Fetched result           : +----+-------+--------------+--------+---------+------------------+-----------+------------------+-----+-------------------+--------------+-----------+----------+----------+
2026-04-13T12:27:51.513Z DEBUG 138 --- [plm-core] [           main] org.jooq.tools.LoggerListener            :                          : |id  |node_id|version_number|revision|iteration|lifecycle_state_id|change_type|change_description|tx_id|previous_version_id|version_reason|fingerprint|created_at|created_by|
2026-04-13T12:27:51.513Z DEBUG 138 --- [plm-core] [           main] org.jooq.tools.LoggerListener            :                          : +----+-------+--------------+--------+---------+------------------+-----------+------------------+-----+-------------------+--------------+-----------+----------+----------+
2026-04-13T12:27:51.513Z DEBUG 138 --- [plm-core] [           main] org.jooq.tools.LoggerListener            : Fetched row(s)           : 0
2026-04-13T12:27:51.514Z DEBUG 138 --- [plm-core] [           main] org.jooq.tools.LoggerListener            : Executing query          : select * from plm_transaction where (id = ?)
2026-04-13T12:27:51.514Z DEBUG 138 --- [plm-core] [           main] org.jooq.tools.LoggerListener            : -> with bind values      : select * from plm_transaction where (id = 'fdd60ea5-98af-4bd6-9274-7e4c84f16180')
2026-04-13T12:27:51.515Z DEBUG 138 --- [plm-core] [           main] org.jooq.tools.LoggerListener            : Fetched result           : +------------------------------------+--------+------+--------------+--------------------------+------------+
2026-04-13T12:27:51.515Z DEBUG 138 --- [plm-core] [           main] org.jooq.tools.LoggerListener            :                          : |id                                  |owner_id|status|commit_comment|created_at                |committed_at|
2026-04-13T12:27:51.515Z DEBUG 138 --- [plm-core] [           main] org.jooq.tools.LoggerListener            :                          : +------------------------------------+--------+------+--------------+--------------------------+------------+
2026-04-13T12:27:51.515Z DEBUG 138 --- [plm-core] [           main] org.jooq.tools.LoggerListener            :                          : |fdd60ea5-98af-4bd6-9274-7e4c84f16180|alice   |OPEN  |{null}        |2026-04-13 12:27:51.497406|{null}      |
2026-04-13T12:27:51.515Z DEBUG 138 --- [plm-core] [           main] org.jooq.tools.LoggerListener            :                          : +------------------------------------+--------+------+--------------+--------------------------+------------+
2026-04-13T12:27:51.515Z DEBUG 138 --- [plm-core] [           main] org.jooq.tools.LoggerListener            : Fetched row(s)           : 1
2026-04-13T12:27:51.516Z DEBUG 138 --- [plm-core] [           main] org.jooq.tools.LoggerListener            : Executing query          : select * from node_version where ((node_id = ?) and (tx_id = ?)) order by version_number desc fetch next ? rows only
2026-04-13T12:27:51.516Z DEBUG 138 --- [plm-core] [           main] org.jooq.tools.LoggerListener            : -> with bind values      : select * from node_version where ((node_id = 'd196db89-69cc-4a5a-bc67-3635a0ef22d2') and (tx_id = 'fdd60ea5-98af-4bd6-9274-7e4c84f16180')) order by version_number desc fetch next 1 rows only
2026-04-13T12:27:51.518Z DEBUG 138 --- [plm-core] [           main] org.jooq.tools.LoggerListener            : Fetched result           : +----+-------+--------------+--------+---------+------------------+-----------+------------------+-----+-------------------+--------------+-----------+----------+----------+
2026-04-13T12:27:51.518Z DEBUG 138 --- [plm-core] [           main] org.jooq.tools.LoggerListener            :                          : |id  |node_id|version_number|revision|iteration|lifecycle_state_id|change_type|change_description|tx_id|previous_version_id|version_reason|fingerprint|created_at|created_by|
2026-04-13T12:27:51.518Z DEBUG 138 --- [plm-core] [           main] org.jooq.tools.LoggerListener            :                          : +----+-------+--------------+--------+---------+------------------+-----------+------------------+-----+-------------------+--------------+-----------+----------+----------+
2026-04-13T12:27:51.518Z DEBUG 138 --- [plm-core] [           main] org.jooq.tools.LoggerListener            : Fetched row(s)           : 0
2026-04-13T12:27:51.520Z DEBUG 138 --- [plm-core] [           main] org.jooq.tools.LoggerListener            : Executing query          : select * from node_version where ((node_id = ?) and exists (select 1 as "one" from plm_transaction where ((id = node_version.tx_id) and (status = 'COMMITTED')))) order by version_number desc fetch next ? rows only
2026-04-13T12:27:51.521Z DEBUG 138 --- [plm-core] [           main] org.jooq.tools.LoggerListener            : -> with bind values      : select * from node_version where ((node_id = 'd196db89-69cc-4a5a-bc67-3635a0ef22d2') and exists (select 1 as "one" from plm_transaction where ((id = node_version.tx_id) and (status = 'COMMITTED')))) order by version_number desc fetch next 1 rows only
2026-04-13T12:27:51.522Z DEBUG 138 --- [plm-core] [           main] org.jooq.tools.LoggerListener            : Fetched result           : +------------------------------------+------------------------------------+--------------+--------+---------+------------------------------------+-----------+------------------+------------------------------------+-------------------+--------------+--------------------------------------------------+--------------------------+----------+
2026-04-13T12:27:51.525Z DEBUG 138 --- [plm-core] [           main] org.jooq.tools.LoggerListener            :                          : |id                                  |node_id                             |version_number|revision|iteration|lifecycle_state_id                  |change_type|change_description|tx_id                               |previous_version_id|version_reason|fingerprint                                       |created_at                |created_by|
2026-04-13T12:27:51.525Z DEBUG 138 --- [plm-core] [           main] org.jooq.tools.LoggerListener            :                          : +------------------------------------+------------------------------------+--------------+--------+---------+------------------------------------+-----------+------------------+------------------------------------+-------------------+--------------+--------------------------------------------------+--------------------------+----------+
2026-04-13T12:27:51.525Z DEBUG 138 --- [plm-core] [           main] org.jooq.tools.LoggerListener            :                          : |1337e718-4d7b-4d7e-bfb1-ce70819f13b2|d196db89-69cc-4a5a-bc67-3635a0ef22d2|             1|A       |        1|a6d23273-7367-473d-8b69-2137592c9d8e|CONTENT    |Initial creation  |cc4f6a8a-ad1f-48e8-b82f-4eb7791be54b|{null}             |REVISE        |6fe378a2dd72da078f33dd4f451fbd39722a36db7017073...|2026-04-13 12:27:51.469077|alice     |
2026-04-13T12:27:51.525Z DEBUG 138 --- [plm-core] [           main] org.jooq.tools.LoggerListener            :                          : +------------------------------------+------------------------------------+--------------+--------+---------+------------------------------------+-----------+------------------+------------------------------------+-------------------+--------------+--------------------------------------------------+--------------------------+----------+
2026-04-13T12:27:51.525Z DEBUG 138 --- [plm-core] [           main] org.jooq.tools.LoggerListener            : Fetched row(s)           : 1
2026-04-13T12:27:51.525Z DEBUG 138 --- [plm-core] [           main] org.jooq.tools.LoggerListener            : Executing query          : SELECT nt.numbering_scheme
FROM node n
JOIN node_type nt ON nt.id = n.node_type_id
WHERE n.id = ?

2026-04-13T12:27:51.525Z DEBUG 138 --- [plm-core] [           main] org.jooq.tools.LoggerListener            : -> with bind values      : SELECT nt.numbering_scheme
FROM node n
JOIN node_type nt ON nt.id = n.node_type_id
WHERE n.id = 'd196db89-69cc-4a5a-bc67-3635a0ef22d2'

2026-04-13T12:27:51.526Z DEBUG 138 --- [plm-core] [           main] org.jooq.tools.LoggerListener            : Fetched result           : +----------------+
2026-04-13T12:27:51.526Z DEBUG 138 --- [plm-core] [           main] org.jooq.tools.LoggerListener            :                          : |numbering_scheme|
2026-04-13T12:27:51.526Z DEBUG 138 --- [plm-core] [           main] org.jooq.tools.LoggerListener            :                          : +----------------+
2026-04-13T12:27:51.526Z DEBUG 138 --- [plm-core] [           main] org.jooq.tools.LoggerListener            :                          : |ALPHA_NUMERIC   |
2026-04-13T12:27:51.526Z DEBUG 138 --- [plm-core] [           main] org.jooq.tools.LoggerListener            :                          : +----------------+
2026-04-13T12:27:51.526Z DEBUG 138 --- [plm-core] [           main] org.jooq.tools.LoggerListener            : Fetched row(s)           : 1
2026-04-13T12:27:51.526Z DEBUG 138 --- [plm-core] [           main] org.jooq.tools.LoggerListener            : Executing query          : select * from node_version_attribute where (node_version_id = ?)
2026-04-13T12:27:51.527Z DEBUG 138 --- [plm-core] [           main] org.jooq.tools.LoggerListener            : -> with bind values      : select * from node_version_attribute where (node_version_id = '1337e718-4d7b-4d7e-bfb1-ce70819f13b2')
2026-04-13T12:27:51.528Z DEBUG 138 --- [plm-core] [           main] org.jooq.tools.LoggerListener            : Fetched result           : +------------------------------------+------------------------------------+------------------------------------+------+
2026-04-13T12:27:51.528Z DEBUG 138 --- [plm-core] [           main] org.jooq.tools.LoggerListener            :                          : |id                                  |node_version_id                     |attribute_def_id                    |value |
2026-04-13T12:27:51.528Z DEBUG 138 --- [plm-core] [           main] org.jooq.tools.LoggerListener            :                          : +------------------------------------+------------------------------------+------------------------------------+------+
2026-04-13T12:27:51.528Z DEBUG 138 --- [plm-core] [           main] org.jooq.tools.LoggerListener            :                          : |4f6929d8-7b99-4949-a2a3-54677a234c95|1337e718-4d7b-4d7e-bfb1-ce70819f13b2|bd1a0367-930e-4e0a-9ecd-5ede72627c19|Doc v1|
2026-04-13T12:27:51.528Z DEBUG 138 --- [plm-core] [           main] org.jooq.tools.LoggerListener            :                          : +------------------------------------+------------------------------------+------------------------------------+------+
2026-04-13T12:27:51.528Z DEBUG 138 --- [plm-core] [           main] org.jooq.tools.LoggerListener            : Fetched row(s)           : 1
2026-04-13T12:27:51.528Z DEBUG 138 --- [plm-core] [           main] org.jooq.tools.LoggerListener            : Executing query          : INSERT INTO node_version
  (ID, NODE_ID, VERSION_NUMBER, REVISION, ITERATION,
   LIFECYCLE_STATE_ID, CHANGE_TYPE, CHANGE_DESCRIPTION,
   TX_ID, PREVIOUS_VERSION_ID, VERSION_REASON,
   CREATED_AT, CREATED_BY)
VALUES (?, ?, ?, ?, ?, ?, ?, ?, ?, ?, 'REVISE', ?, ?)

2026-04-13T12:27:51.528Z DEBUG 138 --- [plm-core] [           main] org.jooq.tools.LoggerListener            : -> with bind values      : INSERT INTO node_version
  (ID, NODE_ID, VERSION_NUMBER, REVISION, ITERATION,
   LIFECYCLE_STATE_ID, CHANGE_TYPE, CHANGE_DESCRIPTION,
   TX_ID, PREVIOUS_VERSION_ID, VERSION_REASON,
   CREATED_AT, CREATED_BY)
VALUES ('b223e2ae-8131-4886-b103-1bee10ecdbf6', 'd196db89-69cc-4a5a-bc67-3635a0ef22d2', 2, 'A', 2, 'a6d23273-7367-473d-8b69-2137592c9d8e', 'CONTENT', 'Update name', 'fdd60ea5-98af-4bd6-9274-7e4c84f16180', '1337e718-4d7b-4d7e-bfb1-ce70819f13b2', 'REVISE', timestamp '2026-04-13 12:27:51.528408133', 'alice')

2026-04-13T12:27:51.529Z DEBUG 138 --- [plm-core] [           main] org.jooq.tools.LoggerListener            : Affected row(s)          : 1
2026-04-13T12:27:51.531Z DEBUG 138 --- [plm-core] [           main] org.jooq.tools.LoggerListener            : Executing query          : INSERT INTO node_version_attribute (ID, NODE_VERSION_ID, ATTRIBUTE_DEF_ID, VALUE) VALUES (?,?,?,?)
2026-04-13T12:27:51.531Z DEBUG 138 --- [plm-core] [           main] org.jooq.tools.LoggerListener            : -> with bind values      : INSERT INTO node_version_attribute (ID, NODE_VERSION_ID, ATTRIBUTE_DEF_ID, VALUE) VALUES ('4e2de7bc-bfed-4674-bcf6-478853a688b1','b223e2ae-8131-4886-b103-1bee10ecdbf6','bd1a0367-930e-4e0a-9ecd-5ede72627c19','Doc v2')
2026-04-13T12:27:51.531Z DEBUG 138 --- [plm-core] [           main] org.jooq.tools.LoggerListener            : Affected row(s)          : 1
2026-04-13T12:27:51.532Z  INFO 138 --- [plm-core] [           main] com.plm.domain.service.VersionService    : Version created: node=d196db89-69cc-4a5a-bc67-3635a0ef22d2 v=2 A.2 type=CONTENT tx=fdd60ea5-98af-4bd6-9274-7e4c84f16180 user=alice
2026-04-13T12:27:51.532Z DEBUG 138 --- [plm-core] [           main] org.jooq.tools.LoggerListener            : Executing query          : select * from plm_transaction where (id = ?)
2026-04-13T12:27:51.533Z DEBUG 138 --- [plm-core] [           main] org.jooq.tools.LoggerListener            : -> with bind values      : select * from plm_transaction where (id = 'fdd60ea5-98af-4bd6-9274-7e4c84f16180')
2026-04-13T12:27:51.533Z DEBUG 138 --- [plm-core] [           main] org.jooq.tools.LoggerListener            : Fetched result           : +------------------------------------+--------+------+--------------+--------------------------+------------+
2026-04-13T12:27:51.533Z DEBUG 138 --- [plm-core] [           main] org.jooq.tools.LoggerListener            :                          : |id                                  |owner_id|status|commit_comment|created_at                |committed_at|
2026-04-13T12:27:51.533Z DEBUG 138 --- [plm-core] [           main] org.jooq.tools.LoggerListener            :                          : +------------------------------------+--------+------+--------------+--------------------------+------------+
2026-04-13T12:27:51.533Z DEBUG 138 --- [plm-core] [           main] org.jooq.tools.LoggerListener            :                          : |fdd60ea5-98af-4bd6-9274-7e4c84f16180|alice   |OPEN  |{null}        |2026-04-13 12:27:51.497406|{null}      |
2026-04-13T12:27:51.533Z DEBUG 138 --- [plm-core] [           main] org.jooq.tools.LoggerListener            :                          : +------------------------------------+--------+------+--------------+--------------------------+------------+
2026-04-13T12:27:51.534Z DEBUG 138 --- [plm-core] [           main] org.jooq.tools.LoggerListener            : Fetched row(s)           : 1
2026-04-13T12:27:51.534Z DEBUG 138 --- [plm-core] [           main] org.jooq.tools.LoggerListener            : Executing query          : select * from node_version where (tx_id = ?)
2026-04-13T12:27:51.534Z DEBUG 138 --- [plm-core] [           main] org.jooq.tools.LoggerListener            : -> with bind values      : select * from node_version where (tx_id = 'fdd60ea5-98af-4bd6-9274-7e4c84f16180')
2026-04-13T12:27:51.537Z DEBUG 138 --- [plm-core] [           main] org.jooq.tools.LoggerListener            : Fetched result           : +------------------------------------+------------------------------------+--------------+--------+---------+------------------------------------+-----------+------------------+------------------------------------+------------------------------------+--------------+-----------+--------------------------+----------+
2026-04-13T12:27:51.537Z DEBUG 138 --- [plm-core] [           main] org.jooq.tools.LoggerListener            :                          : |id                                  |node_id                             |version_number|revision|iteration|lifecycle_state_id                  |change_type|change_description|tx_id                               |previous_version_id                 |version_reason|fingerprint|created_at                |created_by|
2026-04-13T12:27:51.537Z DEBUG 138 --- [plm-core] [           main] org.jooq.tools.LoggerListener            :                          : +------------------------------------+------------------------------------+--------------+--------+---------+------------------------------------+-----------+------------------+------------------------------------+------------------------------------+--------------+-----------+--------------------------+----------+
2026-04-13T12:27:51.537Z DEBUG 138 --- [plm-core] [           main] org.jooq.tools.LoggerListener            :                          : |b223e2ae-8131-4886-b103-1bee10ecdbf6|d196db89-69cc-4a5a-bc67-3635a0ef22d2|             2|A       |        2|a6d23273-7367-473d-8b69-2137592c9d8e|CONTENT    |Update name       |fdd60ea5-98af-4bd6-9274-7e4c84f16180|1337e718-4d7b-4d7e-bfb1-ce70819f13b2|REVISE        |{null}     |2026-04-13 12:27:51.528408|alice     |
2026-04-13T12:27:51.537Z DEBUG 138 --- [plm-core] [           main] org.jooq.tools.LoggerListener            :                          : +------------------------------------+------------------------------------+--------------+--------+---------+------------------------------------+-----------+------------------+------------------------------------+------------------------------------+--------------+-----------+--------------------------+----------+
2026-04-13T12:27:51.537Z DEBUG 138 --- [plm-core] [           main] org.jooq.tools.LoggerListener            : Fetched row(s)           : 1
2026-04-13T12:27:51.537Z DEBUG 138 --- [plm-core] [           main] org.jooq.tools.LoggerListener            : Executing query          : select * from node_version where (tx_id = ?)
2026-04-13T12:27:51.537Z DEBUG 138 --- [plm-core] [           main] org.jooq.tools.LoggerListener            : -> with bind values      : select * from node_version where (tx_id = 'fdd60ea5-98af-4bd6-9274-7e4c84f16180')
2026-04-13T12:27:51.538Z DEBUG 138 --- [plm-core] [           main] org.jooq.tools.LoggerListener            : Fetched result           : +------------------------------------+------------------------------------+--------------+--------+---------+------------------------------------+-----------+------------------+------------------------------------+------------------------------------+--------------+-----------+--------------------------+----------+
2026-04-13T12:27:51.538Z DEBUG 138 --- [plm-core] [           main] org.jooq.tools.LoggerListener            :                          : |id                                  |node_id                             |version_number|revision|iteration|lifecycle_state_id                  |change_type|change_description|tx_id                               |previous_version_id                 |version_reason|fingerprint|created_at                |created_by|
2026-04-13T12:27:51.538Z DEBUG 138 --- [plm-core] [           main] org.jooq.tools.LoggerListener            :                          : +------------------------------------+------------------------------------+--------------+--------+---------+------------------------------------+-----------+------------------+------------------------------------+------------------------------------+--------------+-----------+--------------------------+----------+
2026-04-13T12:27:51.538Z DEBUG 138 --- [plm-core] [           main] org.jooq.tools.LoggerListener            :                          : |b223e2ae-8131-4886-b103-1bee10ecdbf6|d196db89-69cc-4a5a-bc67-3635a0ef22d2|             2|A       |        2|a6d23273-7367-473d-8b69-2137592c9d8e|CONTENT    |Update name       |fdd60ea5-98af-4bd6-9274-7e4c84f16180|1337e718-4d7b-4d7e-bfb1-ce70819f13b2|REVISE        |{null}     |2026-04-13 12:27:51.528408|alice     |
2026-04-13T12:27:51.538Z DEBUG 138 --- [plm-core] [           main] org.jooq.tools.LoggerListener            :                          : +------------------------------------+------------------------------------+--------------+--------+---------+------------------------------------+-----------+------------------+------------------------------------+------------------------------------+--------------+-----------+--------------------------+----------+
2026-04-13T12:27:51.538Z DEBUG 138 --- [plm-core] [           main] org.jooq.tools.LoggerListener            : Fetched row(s)           : 1
2026-04-13T12:27:51.539Z DEBUG 138 --- [plm-core] [           main] org.jooq.tools.LoggerListener            : Executing query          : select * from node_version where (id = ?)
2026-04-13T12:27:51.539Z DEBUG 138 --- [plm-core] [           main] org.jooq.tools.LoggerListener            : -> with bind values      : select * from node_version where (id = 'b223e2ae-8131-4886-b103-1bee10ecdbf6')
2026-04-13T12:27:51.540Z DEBUG 138 --- [plm-core] [           main] org.jooq.tools.LoggerListener            : Fetched result           : +------------------------------------+------------------------------------+--------------+--------+---------+------------------------------------+-----------+------------------+------------------------------------+------------------------------------+--------------+-----------+--------------------------+----------+
2026-04-13T12:27:51.540Z DEBUG 138 --- [plm-core] [           main] org.jooq.tools.LoggerListener            :                          : |id                                  |node_id                             |version_number|revision|iteration|lifecycle_state_id                  |change_type|change_description|tx_id                               |previous_version_id                 |version_reason|fingerprint|created_at                |created_by|
2026-04-13T12:27:51.540Z DEBUG 138 --- [plm-core] [           main] org.jooq.tools.LoggerListener            :                          : +------------------------------------+------------------------------------+--------------+--------+---------+------------------------------------+-----------+------------------+------------------------------------+------------------------------------+--------------+-----------+--------------------------+----------+
2026-04-13T12:27:51.540Z DEBUG 138 --- [plm-core] [           main] org.jooq.tools.LoggerListener            :                          : |b223e2ae-8131-4886-b103-1bee10ecdbf6|d196db89-69cc-4a5a-bc67-3635a0ef22d2|             2|A       |        2|a6d23273-7367-473d-8b69-2137592c9d8e|CONTENT    |Update name       |fdd60ea5-98af-4bd6-9274-7e4c84f16180|1337e718-4d7b-4d7e-bfb1-ce70819f13b2|REVISE        |{null}     |2026-04-13 12:27:51.528408|alice     |
2026-04-13T12:27:51.540Z DEBUG 138 --- [plm-core] [           main] org.jooq.tools.LoggerListener            :                          : +------------------------------------+------------------------------------+--------------+--------+---------+------------------------------------+-----------+------------------+------------------------------------+------------------------------------+--------------+-----------+--------------------------+----------+
2026-04-13T12:27:51.540Z DEBUG 138 --- [plm-core] [           main] org.jooq.tools.LoggerListener            : Fetched row(s)           : 1
2026-04-13T12:27:51.540Z DEBUG 138 --- [plm-core] [           main] org.jooq.tools.LoggerListener            : Executing query          : select * from node_version_attribute where (node_version_id = ?) order by attribute_def_id asc
2026-04-13T12:27:51.540Z DEBUG 138 --- [plm-core] [           main] org.jooq.tools.LoggerListener            : -> with bind values      : select * from node_version_attribute where (node_version_id = 'b223e2ae-8131-4886-b103-1bee10ecdbf6') order by attribute_def_id asc
2026-04-13T12:27:51.541Z DEBUG 138 --- [plm-core] [           main] org.jooq.tools.LoggerListener            : Fetched result           : +------------------------------------+------------------------------------+------------------------------------+------+
2026-04-13T12:27:51.541Z DEBUG 138 --- [plm-core] [           main] org.jooq.tools.LoggerListener            :                          : |id                                  |node_version_id                     |attribute_def_id                    |value |
2026-04-13T12:27:51.541Z DEBUG 138 --- [plm-core] [           main] org.jooq.tools.LoggerListener            :                          : +------------------------------------+------------------------------------+------------------------------------+------+
2026-04-13T12:27:51.541Z DEBUG 138 --- [plm-core] [           main] org.jooq.tools.LoggerListener            :                          : |4e2de7bc-bfed-4674-bcf6-478853a688b1|b223e2ae-8131-4886-b103-1bee10ecdbf6|bd1a0367-930e-4e0a-9ecd-5ede72627c19|Doc v2|
2026-04-13T12:27:51.541Z DEBUG 138 --- [plm-core] [           main] org.jooq.tools.LoggerListener            :                          : +------------------------------------+------------------------------------+------------------------------------+------+
2026-04-13T12:27:51.541Z DEBUG 138 --- [plm-core] [           main] org.jooq.tools.LoggerListener            : Fetched row(s)           : 1
2026-04-13T12:27:51.542Z DEBUG 138 --- [plm-core] [           main] org.jooq.tools.LoggerListener            : Executing query          : select * from node_signature where (node_version_id = ?) order by signed_by asc, meaning asc
2026-04-13T12:27:51.542Z DEBUG 138 --- [plm-core] [           main] org.jooq.tools.LoggerListener            : -> with bind values      : select * from node_signature where (node_version_id = 'b223e2ae-8131-4886-b103-1bee10ecdbf6') order by signed_by asc, meaning asc
2026-04-13T12:27:51.543Z DEBUG 138 --- [plm-core] [           main] org.jooq.tools.LoggerListener            : Fetched result           : +----+-------+---------------+---------+---------+-------+-------+
2026-04-13T12:27:51.543Z DEBUG 138 --- [plm-core] [           main] org.jooq.tools.LoggerListener            :                          : |id  |node_id|node_version_id|signed_by|signed_at|meaning|comment|
2026-04-13T12:27:51.543Z DEBUG 138 --- [plm-core] [           main] org.jooq.tools.LoggerListener            :                          : +----+-------+---------------+---------+---------+-------+-------+
2026-04-13T12:27:51.543Z DEBUG 138 --- [plm-core] [           main] org.jooq.tools.LoggerListener            : Fetched row(s)           : 0
2026-04-13T12:27:51.543Z DEBUG 138 --- [plm-core] [           main] org.jooq.tools.LoggerListener            : Executing query          : SELECT nl.link_type_id, nl.target_node_id, nl.pinned_version_id
FROM node_version_link nl
JOIN node_version nv_src    ON nv_src.id  = nl.source_node_version_id
JOIN plm_transaction pt_src ON pt_src.id  = nv_src.tx_id
WHERE nv_src.node_id = ?
  AND (pt_src.status = 'COMMITTED' OR nv_src.id = ?)
  AND nv_src.version_number <= (
    SELECT version_number FROM node_version WHERE id = ?)
ORDER BY nl.link_type_id ASC, nl.target_node_id ASC

2026-04-13T12:27:51.543Z DEBUG 138 --- [plm-core] [           main] org.jooq.tools.LoggerListener            : -> with bind values      : SELECT nl.link_type_id, nl.target_node_id, nl.pinned_version_id
FROM node_version_link nl
JOIN node_version nv_src    ON nv_src.id  = nl.source_node_version_id
JOIN plm_transaction pt_src ON pt_src.id  = nv_src.tx_id
WHERE nv_src.node_id = 'd196db89-69cc-4a5a-bc67-3635a0ef22d2'
  AND (pt_src.status = 'COMMITTED' OR nv_src.id = 'b223e2ae-8131-4886-b103-1bee10ecdbf6')
  AND nv_src.version_number <= (
    SELECT version_number FROM node_version WHERE id = 'b223e2ae-8131-4886-b103-1bee10ecdbf6')
ORDER BY nl.link_type_id ASC, nl.target_node_id ASC

2026-04-13T12:27:51.545Z DEBUG 138 --- [plm-core] [           main] org.jooq.tools.LoggerListener            : Fetched result           : +------------+--------------+-----------------+
2026-04-13T12:27:51.545Z DEBUG 138 --- [plm-core] [           main] org.jooq.tools.LoggerListener            :                          : |link_type_id|target_node_id|pinned_version_id|
2026-04-13T12:27:51.545Z DEBUG 138 --- [plm-core] [           main] org.jooq.tools.LoggerListener            :                          : +------------+--------------+-----------------+
2026-04-13T12:27:51.545Z DEBUG 138 --- [plm-core] [           main] org.jooq.tools.LoggerListener            : Fetched row(s)           : 0
2026-04-13T12:27:51.546Z DEBUG 138 --- [plm-core] [           main] org.jooq.tools.LoggerListener            : Executing query          : select * from node_version where (id = ?)
2026-04-13T12:27:51.546Z DEBUG 138 --- [plm-core] [           main] org.jooq.tools.LoggerListener            : -> with bind values      : select * from node_version where (id = '1337e718-4d7b-4d7e-bfb1-ce70819f13b2')
2026-04-13T12:27:51.547Z DEBUG 138 --- [plm-core] [           main] org.jooq.tools.LoggerListener            : Fetched result           : +------------------------------------+------------------------------------+--------------+--------+---------+------------------------------------+-----------+------------------+------------------------------------+-------------------+--------------+--------------------------------------------------+--------------------------+----------+
2026-04-13T12:27:51.547Z DEBUG 138 --- [plm-core] [           main] org.jooq.tools.LoggerListener            :                          : |id                                  |node_id                             |version_number|revision|iteration|lifecycle_state_id                  |change_type|change_description|tx_id                               |previous_version_id|version_reason|fingerprint                                       |created_at                |created_by|
2026-04-13T12:27:51.547Z DEBUG 138 --- [plm-core] [           main] org.jooq.tools.LoggerListener            :                          : +------------------------------------+------------------------------------+--------------+--------+---------+------------------------------------+-----------+------------------+------------------------------------+-------------------+--------------+--------------------------------------------------+--------------------------+----------+
2026-04-13T12:27:51.547Z DEBUG 138 --- [plm-core] [           main] org.jooq.tools.LoggerListener            :                          : |1337e718-4d7b-4d7e-bfb1-ce70819f13b2|d196db89-69cc-4a5a-bc67-3635a0ef22d2|             1|A       |        1|a6d23273-7367-473d-8b69-2137592c9d8e|CONTENT    |Initial creation  |cc4f6a8a-ad1f-48e8-b82f-4eb7791be54b|{null}             |REVISE        |6fe378a2dd72da078f33dd4f451fbd39722a36db7017073...|2026-04-13 12:27:51.469077|alice     |
2026-04-13T12:27:51.547Z DEBUG 138 --- [plm-core] [           main] org.jooq.tools.LoggerListener            :                          : +------------------------------------+------------------------------------+--------------+--------+---------+------------------------------------+-----------+------------------+------------------------------------+-------------------+--------------+--------------------------------------------------+--------------------------+----------+
2026-04-13T12:27:51.547Z DEBUG 138 --- [plm-core] [           main] org.jooq.tools.LoggerListener            : Fetched row(s)           : 1
2026-04-13T12:27:51.547Z DEBUG 138 --- [plm-core] [           main] org.jooq.tools.LoggerListener            : Executing query          : select * from node where (id = ?)
2026-04-13T12:27:51.547Z DEBUG 138 --- [plm-core] [           main] org.jooq.tools.LoggerListener            : -> with bind values      : select * from node where (id = 'd196db89-69cc-4a5a-bc67-3635a0ef22d2')
2026-04-13T12:27:51.548Z DEBUG 138 --- [plm-core] [           main] org.jooq.tools.LoggerListener            : Fetched result           : +------------------------------------+------------------------------------+----------------+----------+-----------+---------+-------------------------+--------------------------+----------+
2026-04-13T12:27:51.548Z DEBUG 138 --- [plm-core] [           main] org.jooq.tools.LoggerListener            :                          : |id                                  |node_type_id                        |project_space_id|logical_id|external_id|locked_by|locked_at                |created_at                |created_by|
2026-04-13T12:27:51.548Z DEBUG 138 --- [plm-core] [           main] org.jooq.tools.LoggerListener            :                          : +------------------------------------+------------------------------------+----------------+----------+-----------+---------+-------------------------+--------------------------+----------+
2026-04-13T12:27:51.548Z DEBUG 138 --- [plm-core] [           main] org.jooq.tools.LoggerListener            :                          : |d196db89-69cc-4a5a-bc67-3635a0ef22d2|e9744e28-101c-432e-8f7a-e98565bc4a78|ps-default      |{null}    |{null}     |alice    |2026-04-13 12:27:51.51042|2026-04-13 12:27:51.469077|alice     |
[...]
2026-04-13T12:27:52.532Z DEBUG 138 --- [plm-core] [           main] org.jooq.tools.LoggerListener            : -> with bind values      : INSERT INTO node_version_attribute (ID, NODE_VERSION_ID, ATTRIBUTE_DEF_ID, VALUE) VALUES ('fa8da903-56af-44f2-8183-f33c9bcdbce5','6c47b7fe-0681-4dfb-b641-02a5de528d37','cdcae33e-b381-45e0-8fbe-e3d633cb9a1e','Mon Document')
2026-04-13T12:27:52.532Z DEBUG 138 --- [plm-core] [           main] org.jooq.tools.LoggerListener            : Affected row(s)          : 1
2026-04-13T12:27:52.532Z DEBUG 138 --- [plm-core] [           main] org.jooq.tools.LoggerListener            : Executing query          : SELECT n.node_type_id, n.logical_id,
       nt.logical_id_pattern, nt.logical_id_label
FROM node n
JOIN node_type nt ON nt.id = n.node_type_id
WHERE n.id = ?

2026-04-13T12:27:52.532Z DEBUG 138 --- [plm-core] [           main] org.jooq.tools.LoggerListener            : -> with bind values      : SELECT n.node_type_id, n.logical_id,
       nt.logical_id_pattern, nt.logical_id_label
FROM node n
JOIN node_type nt ON nt.id = n.node_type_id
WHERE n.id = 'fbbb7015-463d-4133-b0b7-45f7fcdfcf23'

2026-04-13T12:27:52.533Z DEBUG 138 --- [plm-core] [           main] org.jooq.tools.LoggerListener            : Fetched result           : +------------------------------------+----------+------------------+----------------+
2026-04-13T12:27:52.533Z DEBUG 138 --- [plm-core] [           main] org.jooq.tools.LoggerListener            :                          : |node_type_id                        |logical_id|logical_id_pattern|logical_id_label|
2026-04-13T12:27:52.533Z DEBUG 138 --- [plm-core] [           main] org.jooq.tools.LoggerListener            :                          : +------------------------------------+----------+------------------+----------------+
2026-04-13T12:27:52.533Z DEBUG 138 --- [plm-core] [           main] org.jooq.tools.LoggerListener            :                          : |4e762222-8601-4eb6-91e0-36d3b40bf5f9|{null}    |{null}            |Identifier      |
2026-04-13T12:27:52.533Z DEBUG 138 --- [plm-core] [           main] org.jooq.tools.LoggerListener            :                          : +------------------------------------+----------+------------------+----------------+
2026-04-13T12:27:52.533Z DEBUG 138 --- [plm-core] [           main] org.jooq.tools.LoggerListener            : Fetched row(s)           : 1
2026-04-13T12:27:52.533Z DEBUG 138 --- [plm-core] [           main] org.jooq.tools.LoggerListener            : Executing query          : select * from attribute_definition ad where (ad.node_type_id = ?)
2026-04-13T12:27:52.533Z DEBUG 138 --- [plm-core] [           main] org.jooq.tools.LoggerListener            : -> with bind values      : select * from attribute_definition ad where (ad.node_type_id = '4e762222-8601-4eb6-91e0-36d3b40bf5f9')
2026-04-13T12:27:52.534Z DEBUG 138 --- [plm-core] [           main] org.jooq.tools.LoggerListener            : Fetched result           : +------------------------------------+------------------------------------+-----------+-----------+---------+--------+-------------+------------+--------------+-----------+-------------+---------------+-------+--------------------------+
2026-04-13T12:27:52.534Z DEBUG 138 --- [plm-core] [           main] org.jooq.tools.LoggerListener            :                          : |id                                  |node_type_id                        |name       |label      |data_type|required|default_value|naming_regex|allowed_values|widget_type|display_order|display_section|tooltip|created_at                |
2026-04-13T12:27:52.534Z DEBUG 138 --- [plm-core] [           main] org.jooq.tools.LoggerListener            :                          : +------------------------------------+------------------------------------+-----------+-----------+---------+--------+-------------+------------+--------------+-----------+-------------+---------------+-------+--------------------------+
2026-04-13T12:27:52.534Z DEBUG 138 --- [plm-core] [           main] org.jooq.tools.LoggerListener            :                          : |cdcae33e-b381-45e0-8fbe-e3d633cb9a1e|4e762222-8601-4eb6-91e0-36d3b40bf5f9|name       |Name       |STRING   |       1|{null}       |{null}      |{null}        |TEXT       |            1|General        |{null} |2026-04-13 12:27:52.517387|
2026-04-13T12:27:52.534Z DEBUG 138 --- [plm-core] [           main] org.jooq.tools.LoggerListener            :                          : |7a279b3e-f582-41fa-a5e9-577248fd3d05|4e762222-8601-4eb6-91e0-36d3b40bf5f9|description|Description|STRING   |       0|{null}       |{null}      |{null}        |TEXT       |            2|General        |{null} |2026-04-13 12:27:52.517387|
2026-04-13T12:27:52.535Z DEBUG 138 --- [plm-core] [           main] org.jooq.tools.LoggerListener            :                          : +------------------------------------+------------------------------------+-----------+-----------+---------+--------+-------------+------------+--------------+-----------+-------------+---------------+-------+--------------------------+
2026-04-13T12:27:52.535Z DEBUG 138 --- [plm-core] [           main] org.jooq.tools.LoggerListener            : Fetched row(s)           : 2
2026-04-13T12:27:52.535Z DEBUG 138 --- [plm-core] [           main] org.jooq.tools.LoggerListener            : Executing query          : select * from attribute_state_rule where ((attribute_definition_id = ?) and (lifecycle_state_id = ?))
2026-04-13T12:27:52.535Z DEBUG 138 --- [plm-core] [           main] org.jooq.tools.LoggerListener            : -> with bind values      : select * from attribute_state_rule where ((attribute_definition_id = 'cdcae33e-b381-45e0-8fbe-e3d633cb9a1e') and (lifecycle_state_id = 'a22937c4-1193-42bc-8090-969de7859bb0'))
2026-04-13T12:27:52.536Z DEBUG 138 --- [plm-core] [           main] org.jooq.tools.LoggerListener            : Fetched result           : +----+-----------------------+------------------+--------+--------+-------+
2026-04-13T12:27:52.536Z DEBUG 138 --- [plm-core] [           main] org.jooq.tools.LoggerListener            :                          : |id  |attribute_definition_id|lifecycle_state_id|required|editable|visible|
2026-04-13T12:27:52.536Z DEBUG 138 --- [plm-core] [           main] org.jooq.tools.LoggerListener            :                          : +----+-----------------------+------------------+--------+--------+-------+
2026-04-13T12:27:52.536Z DEBUG 138 --- [plm-core] [           main] org.jooq.tools.LoggerListener            : Fetched row(s)           : 0
2026-04-13T12:27:52.536Z DEBUG 138 --- [plm-core] [           main] org.jooq.tools.LoggerListener            : Executing query          : select * from attribute_state_rule where ((attribute_definition_id = ?) and (lifecycle_state_id = ?))
2026-04-13T12:27:52.536Z DEBUG 138 --- [plm-core] [           main] org.jooq.tools.LoggerListener            : -> with bind values      : select * from attribute_state_rule where ((attribute_definition_id = '7a279b3e-f582-41fa-a5e9-577248fd3d05') and (lifecycle_state_id = 'a22937c4-1193-42bc-8090-969de7859bb0'))
2026-04-13T12:27:52.536Z DEBUG 138 --- [plm-core] [           main] org.jooq.tools.LoggerListener            : Fetched result           : +----+-----------------------+------------------+--------+--------+-------+
2026-04-13T12:27:52.536Z DEBUG 138 --- [plm-core] [           main] org.jooq.tools.LoggerListener            :                          : |id  |attribute_definition_id|lifecycle_state_id|required|editable|visible|
2026-04-13T12:27:52.537Z DEBUG 138 --- [plm-core] [           main] org.jooq.tools.LoggerListener            :                          : +----+-----------------------+------------------+--------+--------+-------+
2026-04-13T12:27:52.537Z DEBUG 138 --- [plm-core] [           main] org.jooq.tools.LoggerListener            : Fetched row(s)           : 0
2026-04-13T12:27:52.537Z DEBUG 138 --- [plm-core] [           main] org.jooq.tools.LoggerListener            : Executing query          : select * from node_version where (id = ?)
2026-04-13T12:27:52.537Z DEBUG 138 --- [plm-core] [           main] org.jooq.tools.LoggerListener            : -> with bind values      : select * from node_version where (id = '6c47b7fe-0681-4dfb-b641-02a5de528d37')
2026-04-13T12:27:52.538Z DEBUG 138 --- [plm-core] [           main] org.jooq.tools.LoggerListener            : Fetched result           : +------------------------------------+------------------------------------+--------------+--------+---------+------------------------------------+-----------+------------------+------------------------------------+-------------------+--------------+-----------+-------------------------+----------+
2026-04-13T12:27:52.538Z DEBUG 138 --- [plm-core] [           main] org.jooq.tools.LoggerListener            :                          : |id                                  |node_id                             |version_number|revision|iteration|lifecycle_state_id                  |change_type|change_description|tx_id                               |previous_version_id|version_reason|fingerprint|created_at               |created_by|
2026-04-13T12:27:52.538Z DEBUG 138 --- [plm-core] [           main] org.jooq.tools.LoggerListener            :                          : +------------------------------------+------------------------------------+--------------+--------+---------+------------------------------------+-----------+------------------+------------------------------------+-------------------+--------------+-----------+-------------------------+----------+
2026-04-13T12:27:52.538Z DEBUG 138 --- [plm-core] [           main] org.jooq.tools.LoggerListener            :                          : |6c47b7fe-0681-4dfb-b641-02a5de528d37|fbbb7015-463d-4133-b0b7-45f7fcdfcf23|             1|A       |        1|a22937c4-1193-42bc-8090-969de7859bb0|CONTENT    |Initial creation  |f964a317-ba26-4e33-9180-ebf66d72a232|{null}             |REVISE        |{null}     |2026-04-13 12:27:52.52789|alice     |
2026-04-13T12:27:52.538Z DEBUG 138 --- [plm-core] [           main] org.jooq.tools.LoggerListener            :                          : +------------------------------------+------------------------------------+--------------+--------+---------+------------------------------------+-----------+------------------+------------------------------------+-------------------+--------------+-----------+-------------------------+----------+
2026-04-13T12:27:52.538Z DEBUG 138 --- [plm-core] [           main] org.jooq.tools.LoggerListener            : Fetched row(s)           : 1
2026-04-13T12:27:52.538Z DEBUG 138 --- [plm-core] [           main] org.jooq.tools.LoggerListener            : Executing query          : select * from node_version_attribute where (node_version_id = ?) order by attribute_def_id asc
2026-04-13T12:27:52.538Z DEBUG 138 --- [plm-core] [           main] org.jooq.tools.LoggerListener            : -> with bind values      : select * from node_version_attribute where (node_version_id = '6c47b7fe-0681-4dfb-b641-02a5de528d37') order by attribute_def_id asc
2026-04-13T12:27:52.539Z DEBUG 138 --- [plm-core] [           main] org.jooq.tools.LoggerListener            : Fetched result           : +------------------------------------+------------------------------------+------------------------------------+------------+
2026-04-13T12:27:52.539Z DEBUG 138 --- [plm-core] [           main] org.jooq.tools.LoggerListener            :                          : |id                                  |node_version_id                     |attribute_def_id                    |value       |
2026-04-13T12:27:52.539Z DEBUG 138 --- [plm-core] [           main] org.jooq.tools.LoggerListener            :                          : +------------------------------------+------------------------------------+------------------------------------+------------+
2026-04-13T12:27:52.539Z DEBUG 138 --- [plm-core] [           main] org.jooq.tools.LoggerListener            :                          : |fa8da903-56af-44f2-8183-f33c9bcdbce5|6c47b7fe-0681-4dfb-b641-02a5de528d37|cdcae33e-b381-45e0-8fbe-e3d633cb9a1e|Mon Document|
2026-04-13T12:27:52.539Z DEBUG 138 --- [plm-core] [           main] org.jooq.tools.LoggerListener            :                          : +------------------------------------+------------------------------------+------------------------------------+------------+
2026-04-13T12:27:52.539Z DEBUG 138 --- [plm-core] [           main] org.jooq.tools.LoggerListener            : Fetched row(s)           : 1
2026-04-13T12:27:52.539Z DEBUG 138 --- [plm-core] [           main] org.jooq.tools.LoggerListener            : Executing query          : select * from node_signature where (node_version_id = ?) order by signed_by asc, meaning asc
2026-04-13T12:27:52.539Z DEBUG 138 --- [plm-core] [           main] org.jooq.tools.LoggerListener            : -> with bind values      : select * from node_signature where (node_version_id = '6c47b7fe-0681-4dfb-b641-02a5de528d37') order by signed_by asc, meaning asc
2026-04-13T12:27:52.540Z DEBUG 138 --- [plm-core] [           main] org.jooq.tools.LoggerListener            : Fetched result           : +----+-------+---------------+---------+---------+-------+-------+
2026-04-13T12:27:52.540Z DEBUG 138 --- [plm-core] [           main] org.jooq.tools.LoggerListener            :                          : |id  |node_id|node_version_id|signed_by|signed_at|meaning|comment|
2026-04-13T12:27:52.540Z DEBUG 138 --- [plm-core] [           main] org.jooq.tools.LoggerListener            :                          : +----+-------+---------------+---------+---------+-------+-------+
2026-04-13T12:27:52.540Z DEBUG 138 --- [plm-core] [           main] org.jooq.tools.LoggerListener            : Fetched row(s)           : 0
2026-04-13T12:27:52.540Z DEBUG 138 --- [plm-core] [           main] org.jooq.tools.LoggerListener            : Executing query          : SELECT nl.link_type_id, nl.target_node_id, nl.pinned_version_id
FROM node_version_link nl
JOIN node_version nv_src    ON nv_src.id  = nl.source_node_version_id
JOIN plm_transaction pt_src ON pt_src.id  = nv_src.tx_id
WHERE nv_src.node_id = ?
  AND (pt_src.status = 'COMMITTED' OR nv_src.id = ?)
  AND nv_src.version_number <= (
    SELECT version_number FROM node_version WHERE id = ?)
ORDER BY nl.link_type_id ASC, nl.target_node_id ASC

2026-04-13T12:27:52.540Z DEBUG 138 --- [plm-core] [           main] org.jooq.tools.LoggerListener            : -> with bind values      : SELECT nl.link_type_id, nl.target_node_id, nl.pinned_version_id
FROM node_version_link nl
JOIN node_version nv_src    ON nv_src.id  = nl.source_node_version_id
JOIN plm_transaction pt_src ON pt_src.id  = nv_src.tx_id
WHERE nv_src.node_id = 'fbbb7015-463d-4133-b0b7-45f7fcdfcf23'
  AND (pt_src.status = 'COMMITTED' OR nv_src.id = '6c47b7fe-0681-4dfb-b641-02a5de528d37')
  AND nv_src.version_number <= (
    SELECT version_number FROM node_version WHERE id = '6c47b7fe-0681-4dfb-b641-02a5de528d37')
ORDER BY nl.link_type_id ASC, nl.target_node_id ASC

2026-04-13T12:27:52.541Z DEBUG 138 --- [plm-core] [           main] org.jooq.tools.LoggerListener            : Fetched result           : +------------+--------------+-----------------+
2026-04-13T12:27:52.542Z DEBUG 138 --- [plm-core] [           main] org.jooq.tools.LoggerListener            :                          : |link_type_id|target_node_id|pinned_version_id|
2026-04-13T12:27:52.542Z DEBUG 138 --- [plm-core] [           main] org.jooq.tools.LoggerListener            :                          : +------------+--------------+-----------------+
2026-04-13T12:27:52.542Z DEBUG 138 --- [plm-core] [           main] org.jooq.tools.LoggerListener            : Fetched row(s)           : 0
2026-04-13T12:27:52.542Z DEBUG 138 --- [plm-core] [           main] org.jooq.tools.LoggerListener            : Executing query          : UPDATE node_version SET fingerprint = ? WHERE id = ?
2026-04-13T12:27:52.542Z DEBUG 138 --- [plm-core] [           main] org.jooq.tools.LoggerListener            : -> with bind values      : UPDATE node_version SET fingerprint = '69eb5e33666b32b0b803c969495e27c43e2c513faee103669fa85673d33ff8a2' WHERE id = '6c47b7fe-0681-4dfb-b641-02a5de528d37'
2026-04-13T12:27:52.543Z DEBUG 138 --- [plm-core] [           main] org.jooq.tools.LoggerListener            : Affected row(s)          : 1
2026-04-13T12:27:52.543Z  INFO 138 --- [plm-core] [           main] com.plm.domain.service.NodeService       : Node created: id=fbbb7015-463d-4133-b0b7-45f7fcdfcf23 type=4e762222-8601-4eb6-91e0-36d3b40bf5f9 user=alice
2026-04-13T12:27:52.544Z DEBUG 138 --- [plm-core] [           main] org.jooq.tools.LoggerListener            : Executing query          : select * from node_version where ((node_id = ?) and exists (select 1 as "one" from plm_transaction where ((id = node_version.tx_id) and (status = 'COMMITTED')))) order by version_number desc fetch next ? rows only
2026-04-13T12:27:52.544Z DEBUG 138 --- [plm-core] [           main] org.jooq.tools.LoggerListener            : -> with bind values      : select * from node_version where ((node_id = 'fbbb7015-463d-4133-b0b7-45f7fcdfcf23') and exists (select 1 as "one" from plm_transaction where ((id = node_version.tx_id) and (status = 'COMMITTED')))) order by version_number desc fetch next 1 rows only
2026-04-13T12:27:52.545Z DEBUG 138 --- [plm-core] [           main] org.jooq.tools.LoggerListener            : Fetched result           : +------------------------------------+------------------------------------+--------------+--------+---------+------------------------------------+-----------+------------------+------------------------------------+-------------------+--------------+--------------------------------------------------+-------------------------+----------+
2026-04-13T12:27:52.545Z DEBUG 138 --- [plm-core] [           main] org.jooq.tools.LoggerListener            :                          : |id                                  |node_id                             |version_number|revision|iteration|lifecycle_state_id                  |change_type|change_description|tx_id                               |previous_version_id|version_reason|fingerprint                                       |created_at               |created_by|
2026-04-13T12:27:52.545Z DEBUG 138 --- [plm-core] [           main] org.jooq.tools.LoggerListener            :                          : +------------------------------------+------------------------------------+--------------+--------+---------+------------------------------------+-----------+------------------+------------------------------------+-------------------+--------------+--------------------------------------------------+-------------------------+----------+
2026-04-13T12:27:52.546Z DEBUG 138 --- [plm-core] [           main] org.jooq.tools.LoggerListener            :                          : |6c47b7fe-0681-4dfb-b641-02a5de528d37|fbbb7015-463d-4133-b0b7-45f7fcdfcf23|             1|A       |        1|a22937c4-1193-42bc-8090-969de7859bb0|CONTENT    |Initial creation  |f964a317-ba26-4e33-9180-ebf66d72a232|{null}             |REVISE        |69eb5e33666b32b0b803c969495e27c43e2c513faee1036...|2026-04-13 12:27:52.52789|alice     |
2026-04-13T12:27:52.546Z DEBUG 138 --- [plm-core] [           main] org.jooq.tools.LoggerListener            :                          : +------------------------------------+------------------------------------+--------------+--------+---------+------------------------------------+-----------+------------------+------------------------------------+-------------------+--------------+--------------------------------------------------+-------------------------+----------+
2026-04-13T12:27:52.546Z DEBUG 138 --- [plm-core] [           main] org.jooq.tools.LoggerListener            : Fetched row(s)           : 1
]]></system-out>
  </testcase>
</testsuite>