<?xml version="1.0" encoding="UTF-8"?>
<testsuite xmlns:xsi="http://www.w3.org/2001/XMLSchema-instance" xsi:noNamespaceSchemaLocation="https://maven.apache.org/surefire/maven-surefire-plugin/xsd/surefire-test-report.xsd" version="3.0.2" name="com.plm.PlmTransactionTest" time="1.188" tests="19" errors="0" skipped="0" failures="2">
  <properties>
[...]
</properties>
  <testcase name="testCurrentVisibleVersionForOtherUser" classname="com.plm.PlmTransactionTest" time="0.087">
    <failure message="&#10;expected: &quot;COMMITTED&quot;&#10; but was: &quot;OPEN&quot;" type="org.opentest4j.AssertionFailedError"><![CDATA[org.opentest4j.AssertionFailedError: 

expected: "COMMITTED"
 but was: "OPEN"
	at com.plm.PlmTransactionTest.testCurrentVisibleVersionForOtherUser(PlmTransactionTest.java:218)
	at java.base/java.lang.reflect.Method.invoke(Method.java:580)
	at java.base/java.util.ArrayList.forEach(ArrayList.java:1596)
	at java.base/java.util.ArrayList.forEach(ArrayList.java:1596)
]]></failure>
    <system-out><![CDATA[2026-04-21T14:22:23.364Z  INFO 85 --- [plm-core] [           main] t.c.s.AnnotationConfigContextLoaderUtils : Could not detect default configuration classes for test class [com.plm.PlmTransactionTest]: PlmTransactionTest does not declare any static, non-private, non-final, nested classes annotated with @Configuration.
2026-04-21T14:22:23.367Z  INFO 85 --- [plm-core] [           main] .b.t.c.SpringBootTestContextBootstrapper : Found @SpringBootConfiguration com.plm.PlmApplication for test class com.plm.PlmTransactionTest
2026-04-21T14:22:23.376Z  INFO 85 --- [plm-core] [           main] org.casbin.jcasbin                       : Request: [role-designer, ps-default, CREATE_NODE, nt-document, *] ---> true
2026-04-21T14:22:23.376Z  INFO 85 --- [plm-core] [           main] org.casbin.jcasbin                       : Hit Policy: [role-designer, ps-default, CREATE_NODE, nt-document, *]
2026-04-21T14:22:23.377Z  INFO 85 --- [plm-core] [           main] org.casbin.jcasbin                       : Request: [role-designer, ps-default, UPDATE, *, *] ---> true
2026-04-21T14:22:23.377Z  INFO 85 --- [plm-core] [           main] org.casbin.jcasbin                       : Hit Policy: [role-designer, ps-default, UPDATE, *, *]
2026-04-21T14:22:23.380Z  INFO 85 --- [plm-core] [           main] org.casbin.jcasbin                       : Request: [role-designer, ps-default, UPDATE, *, *] ---> true
2026-04-21T14:22:23.380Z  INFO 85 --- [plm-core] [           main] org.casbin.jcasbin                       : Hit Policy: [role-designer, ps-default, UPDATE, *, *]
2026-04-21T14:22:23.381Z  INFO 85 --- [plm-core] [           main] c.p.n.t.internal.PlmTransactionService   : Transaction opened: id=0a7479bc-7b7f-4ed6-a4a2-3d8eb2d4ab9c owner=user-alice
2026-04-21T14:22:23.399Z  INFO 85 --- [plm-core] [           main] com.plm.node.NodeService                 : Node created: id=e055da69-58d3-489c-a21e-488125b81268 type=nt-document user=user-alice
2026-04-21T14:22:23.400Z  INFO 85 --- [plm-core] [           main] org.casbin.jcasbin                       : Request: [role-designer, ps-default, UPDATE, *, *] ---> true
2026-04-21T14:22:23.401Z  INFO 85 --- [plm-core] [           main] org.casbin.jcasbin                       : Hit Policy: [role-designer, ps-default, UPDATE, *, *]
2026-04-21T14:22:23.413Z  INFO 85 --- [plm-core] [           main] c.p.n.t.internal.PlmTransactionService   : Transaction committed: id=0a7479bc-7b7f-4ed6-a4a2-3d8eb2d4ab9c owner=user-alice versions=1 deferred=0 continuation=null comment='Initial creation'
2026-04-21T14:22:23.420Z  INFO 85 --- [plm-core] [           main] org.casbin.jcasbin                       : Request: [role-designer, ps-default, UPDATE, *, *] ---> true
2026-04-21T14:22:23.420Z  INFO 85 --- [plm-core] [           main] org.casbin.jcasbin                       : Hit Policy: [role-designer, ps-default, UPDATE, *, *]
2026-04-21T14:22:23.421Z  INFO 85 --- [plm-core] [           main] c.p.n.t.internal.PlmTransactionService   : Transaction opened: id=d15c48cb-435d-4519-b78f-d32669d77e36 owner=user-alice
2026-04-21T14:22:23.425Z  INFO 85 --- [plm-core] [           main] org.casbin.jcasbin                       : Request: [role-designer, ps-default, UPDATE_NODE, nt-document, *] ---> true
2026-04-21T14:22:23.425Z  INFO 85 --- [plm-core] [           main] org.casbin.jcasbin                       : Hit Policy: [role-designer, ps-default, UPDATE_NODE, nt-document, *]
2026-04-21T14:22:23.443Z  INFO 85 --- [plm-core] [           main] c.p.n.version.internal.VersionService    : Version created: node=e055da69-58d3-489c-a21e-488125b81268 v=2 A.2 type=CONTENT tx=d15c48cb-435d-4519-b78f-d32669d77e36 user=user-alice
]]></system-out>
  </testcase>
  <testcase name="testListTransactionsAdmin" classname="com.plm.PlmTransactionTest" time="0.014">
    <system-out><![CDATA[2026-04-21T14:22:23.465Z  INFO 85 --- [plm-core] [           main] org.casbin.jcasbin                       : Request: [role-designer, ps-default, UPDATE, *, *] ---> true
2026-04-21T14:22:23.466Z  INFO 85 --- [plm-core] [           main] org.casbin.jcasbin                       : Hit Policy: [role-designer, ps-default, UPDATE, *, *]
2026-04-21T14:22:23.466Z  INFO 85 --- [plm-core] [           main] c.p.n.t.internal.PlmTransactionService   : Transaction opened: id=75c6c9dc-3fa1-4dd5-ab30-fcad297a9d54 owner=user-alice
]]></system-out>
  </testcase>
  <testcase name="testRollbackRestoresLastCommittedState" classname="com.plm.PlmTransactionTest" time="0.085">
    <system-out><![CDATA[2026-04-21T14:22:23.481Z  INFO 85 --- [plm-core] [           main] org.casbin.jcasbin                       : Request: [role-designer, ps-default, CREATE_NODE, nt-document, *] ---> true
2026-04-21T14:22:23.481Z  INFO 85 --- [plm-core] [           main] org.casbin.jcasbin                       : Hit Policy: [role-designer, ps-default, CREATE_NODE, nt-document, *]
2026-04-21T14:22:23.481Z  INFO 85 --- [plm-core] [           main] org.casbin.jcasbin                       : Request: [role-designer, ps-default, UPDATE, *, *] ---> true
2026-04-21T14:22:23.481Z  INFO 85 --- [plm-core] [           main] org.casbin.jcasbin                       : Hit Policy: [role-designer, ps-default, UPDATE, *, *]
2026-04-21T14:22:23.485Z  INFO 85 --- [plm-core] [           main] org.casbin.jcasbin                       : Request: [role-designer, ps-default, UPDATE, *, *] ---> true
2026-04-21T14:22:23.486Z  INFO 85 --- [plm-core] [           main] org.casbin.jcasbin                       : Hit Policy: [role-designer, ps-default, UPDATE, *, *]
2026-04-21T14:22:23.487Z  INFO 85 --- [plm-core] [           main] c.p.n.t.internal.PlmTransactionService   : Transaction opened: id=115b2e78-bcfb-449e-8572-e7376a81fc30 owner=user-alice
2026-04-21T14:22:23.498Z  INFO 85 --- [plm-core] [           main] com.plm.node.NodeService                 : Node created: id=c6ad03dc-3101-4230-a9e7-16075f881336 type=nt-document user=user-alice
2026-04-21T14:22:23.499Z  INFO 85 --- [plm-core] [           main] org.casbin.jcasbin                       : Request: [role-designer, ps-default, UPDATE, *, *] ---> true
2026-04-21T14:22:23.500Z  INFO 85 --- [plm-core] [           main] org.casbin.jcasbin                       : Hit Policy: [role-designer, ps-default, UPDATE, *, *]
2026-04-21T14:22:23.511Z  INFO 85 --- [plm-core] [           main] c.p.n.t.internal.PlmTransactionService   : Transaction committed: id=115b2e78-bcfb-449e-8572-e7376a81fc30 owner=user-alice versions=1 deferred=0 continuation=null comment='Initial creation'
2026-04-21T14:22:23.514Z  INFO 85 --- [plm-core] [           main] org.casbin.jcasbin                       : Request: [role-designer, ps-default, UPDATE, *, *] ---> true
2026-04-21T14:22:23.514Z  INFO 85 --- [plm-core] [           main] org.casbin.jcasbin                       : Hit Policy: [role-designer, ps-default, UPDATE, *, *]
2026-04-21T14:22:23.514Z  INFO 85 --- [plm-core] [           main] c.p.n.t.internal.PlmTransactionService   : Transaction opened: id=d8f3ef5e-2aaf-4312-955c-a44c1088b834 owner=user-alice
2026-04-21T14:22:23.518Z  INFO 85 --- [plm-core] [           main] org.casbin.jcasbin                       : Request: [role-designer, ps-default, UPDATE_NODE, nt-document, *] ---> true
2026-04-21T14:22:23.518Z  INFO 85 --- [plm-core] [           main] org.casbin.jcasbin                       : Hit Policy: [role-designer, ps-default, UPDATE_NODE, nt-document, *]
2026-04-21T14:22:23.530Z  INFO 85 --- [plm-core] [           main] c.p.n.version.internal.VersionService    : Version created: node=c6ad03dc-3101-4230-a9e7-16075f881336 v=2 A.2 type=CONTENT tx=d8f3ef5e-2aaf-4312-955c-a44c1088b834 user=user-alice
2026-04-21T14:22:23.534Z  INFO 85 --- [plm-core] [           main] org.casbin.jcasbin                       : Request: [role-designer, ps-default, UPDATE, *, *] ---> true
2026-04-21T14:22:23.535Z  INFO 85 --- [plm-core] [           main] org.casbin.jcasbin                       : Hit Policy: [role-designer, ps-default, UPDATE, *, *]
2026-04-21T14:22:23.545Z  INFO 85 --- [plm-core] [           main] c.p.n.t.internal.PlmTransactionService   : Transaction rolled back and deleted: id=d8f3ef5e-2aaf-4312-955c-a44c1088b834 owner=user-alice versions=1 attrs=3
]]></system-out>
  </testcase>
  <testcase name="testRollbackDeletesVersionsPhysically" classname="com.plm.PlmTransactionTest" time="0.077">
    <system-out><![CDATA[2026-04-21T14:22:23.568Z  INFO 85 --- [plm-core] [           main] org.casbin.jcasbin                       : Request: [role-designer, ps-default, CREATE_NODE, nt-document, *] ---> true
2026-04-21T14:22:23.568Z  INFO 85 --- [plm-core] [           main] org.casbin.jcasbin                       : Hit Policy: [role-designer, ps-default, CREATE_NODE, nt-document, *]
2026-04-21T14:22:23.569Z  INFO 85 --- [plm-core] [           main] org.casbin.jcasbin                       : Request: [role-designer, ps-default, UPDATE, *, *] ---> true
2026-04-21T14:22:23.569Z  INFO 85 --- [plm-core] [           main] org.casbin.jcasbin                       : Hit Policy: [role-designer, ps-default, UPDATE, *, *]
2026-04-21T14:22:23.572Z  INFO 85 --- [plm-core] [           main] org.casbin.jcasbin                       : Request: [role-designer, ps-default, UPDATE, *, *] ---> true
2026-04-21T14:22:23.572Z  INFO 85 --- [plm-core] [           main] org.casbin.jcasbin                       : Hit Policy: [role-designer, ps-default, UPDATE, *, *]
2026-04-21T14:22:23.572Z  INFO 85 --- [plm-core] [           main] c.p.n.t.internal.PlmTransactionService   : Transaction opened: id=85062e56-b716-4fd1-bd9f-124d1fcdb4f2 owner=user-alice
2026-04-21T14:22:23.584Z  INFO 85 --- [plm-core] [           main] com.plm.node.NodeService                 : Node created: id=659e0376-6f46-4c06-824c-b4ffe8e0289e type=nt-document user=user-alice
2026-04-21T14:22:23.586Z  INFO 85 --- [plm-core] [           main] org.casbin.jcasbin                       : Request: [role-designer, ps-default, UPDATE, *, *] ---> true
2026-04-21T14:22:23.586Z  INFO 85 --- [plm-core] [           main] org.casbin.jcasbin                       : Hit Policy: [role-designer, ps-default, UPDATE, *, *]
2026-04-21T14:22:23.597Z  INFO 85 --- [plm-core] [           main] c.p.n.t.internal.PlmTransactionService   : Transaction committed: id=85062e56-b716-4fd1-bd9f-124d1fcdb4f2 owner=user-alice versions=1 deferred=0 continuation=null comment='Initial creation'
2026-04-21T14:22:23.601Z  INFO 85 --- [plm-core] [           main] org.casbin.jcasbin                       : Request: [role-designer, ps-default, UPDATE, *, *] ---> true
2026-04-21T14:22:23.601Z  INFO 85 --- [plm-core] [           main] org.casbin.jcasbin                       : Hit Policy: [role-designer, ps-default, UPDATE, *, *]
2026-04-21T14:22:23.602Z  INFO 85 --- [plm-core] [           main] c.p.n.t.internal.PlmTransactionService   : Transaction opened: id=8add4ef2-8c4b-415f-88b3-27ba785884c5 owner=user-alice
2026-04-21T14:22:23.604Z  INFO 85 --- [plm-core] [           main] org.casbin.jcasbin                       : Request: [role-designer, ps-default, UPDATE_NODE, nt-document, *] ---> true
2026-04-21T14:22:23.605Z  INFO 85 --- [plm-core] [           main] org.casbin.jcasbin                       : Hit Policy: [role-designer, ps-default, UPDATE_NODE, nt-document, *]
2026-04-21T14:22:23.620Z  INFO 85 --- [plm-core] [           main] c.p.n.version.internal.VersionService    : Version created: node=659e0376-6f46-4c06-824c-b4ffe8e0289e v=2 A.2 type=CONTENT tx=8add4ef2-8c4b-415f-88b3-27ba785884c5 user=user-alice
2026-04-21T14:22:23.624Z  INFO 85 --- [plm-core] [           main] org.casbin.jcasbin                       : Request: [role-designer, ps-default, UPDATE, *, *] ---> true
2026-04-21T14:22:23.624Z  INFO 85 --- [plm-core] [           main] org.casbin.jcasbin                       : Hit Policy: [role-designer, ps-default, UPDATE, *, *]
2026-04-21T14:22:23.633Z  INFO 85 --- [plm-core] [           main] c.p.n.t.internal.PlmTransactionService   : Transaction rolled back and deleted: id=8add4ef2-8c4b-415f-88b3-27ba785884c5 owner=user-alice versions=1 attrs=3
]]></system-out>
  </testcase>
  <testcase name="testCommitByNonOwner" classname="com.plm.PlmTransactionTest" time="0.011">
    <system-out><![CDATA[2026-04-21T14:22:23.646Z  INFO 85 --- [plm-core] [           main] org.casbin.jcasbin                       : Request: [role-designer, ps-default, UPDATE, *, *] ---> true
2026-04-21T14:22:23.646Z  INFO 85 --- [plm-core] [           main] org.casbin.jcasbin                       : Hit Policy: [role-designer, ps-default, UPDATE, *, *]
2026-04-21T14:22:23.647Z  INFO 85 --- [plm-core] [           main] c.p.n.t.internal.PlmTransactionService   : Transaction opened: id=1c227b8a-5be4-4689-b56f-8eb673aaf2d8 owner=user-alice
2026-04-21T14:22:23.648Z  INFO 85 --- [plm-core] [           main] org.casbin.jcasbin                       : Request: [role-reviewer, ps-default, UPDATE, *, *] ---> true
2026-04-21T14:22:23.648Z  INFO 85 --- [plm-core] [           main] org.casbin.jcasbin                       : Hit Policy: [role-reviewer, ps-default, UPDATE, *, *]
]]></system-out>
  </testcase>
  <testcase name="testDoubleCommitFails" classname="com.plm.PlmTransactionTest" time="0.088">
    <system-out><![CDATA[2026-04-21T14:22:23.659Z  INFO 85 --- [plm-core] [           main] org.casbin.jcasbin                       : Request: [role-designer, ps-default, CREATE_NODE, nt-document, *] ---> true
2026-04-21T14:22:23.659Z  INFO 85 --- [plm-core] [           main] org.casbin.jcasbin                       : Hit Policy: [role-designer, ps-default, CREATE_NODE, nt-document, *]
2026-04-21T14:22:23.660Z  INFO 85 --- [plm-core] [           main] org.casbin.jcasbin                       : Request: [role-designer, ps-default, UPDATE, *, *] ---> true
2026-04-21T14:22:23.660Z  INFO 85 --- [plm-core] [           main] org.casbin.jcasbin                       : Hit Policy: [role-designer, ps-default, UPDATE, *, *]
2026-04-21T14:22:23.664Z  INFO 85 --- [plm-core] [           main] org.casbin.jcasbin                       : Request: [role-designer, ps-default, UPDATE, *, *] ---> true
2026-04-21T14:22:23.665Z  INFO 85 --- [plm-core] [           main] org.casbin.jcasbin                       : Hit Policy: [role-designer, ps-default, UPDATE, *, *]
2026-04-21T14:22:23.666Z  INFO 85 --- [plm-core] [           main] c.p.n.t.internal.PlmTransactionService   : Transaction opened: id=295fb86f-189f-4661-a1a4-df772c1c0338 owner=user-alice
2026-04-21T14:22:23.679Z  INFO 85 --- [plm-core] [           main] com.plm.node.NodeService                 : Node created: id=6092efe1-ab5a-446b-9b8a-c5400a8894d7 type=nt-document user=user-alice
2026-04-21T14:22:23.680Z  INFO 85 --- [plm-core] [           main] org.casbin.jcasbin                       : Request: [role-designer, ps-default, UPDATE, *, *] ---> true
2026-04-21T14:22:23.680Z  INFO 85 --- [plm-core] [           main] org.casbin.jcasbin                       : Hit Policy: [role-designer, ps-default, UPDATE, *, *]
2026-04-21T14:22:23.689Z  INFO 85 --- [plm-core] [           main] c.p.n.t.internal.PlmTransactionService   : Transaction committed: id=295fb86f-189f-4661-a1a4-df772c1c0338 owner=user-alice versions=1 deferred=0 continuation=null comment='Initial creation'
2026-04-21T14:22:23.691Z  INFO 85 --- [plm-core] [           main] org.casbin.jcasbin                       : Request: [role-designer, ps-default, UPDATE, *, *] ---> true
2026-04-21T14:22:23.692Z  INFO 85 --- [plm-core] [           main] org.casbin.jcasbin                       : Hit Policy: [role-designer, ps-default, UPDATE, *, *]
2026-04-21T14:22:23.692Z  INFO 85 --- [plm-core] [           main] c.p.n.t.internal.PlmTransactionService   : Transaction opened: id=0724e5a3-b8e1-44eb-8ef4-98aa81ed39ac owner=user-alice
2026-04-21T14:22:23.698Z  INFO 85 --- [plm-core] [           main] org.casbin.jcasbin                       : Request: [role-designer, ps-default, UPDATE_NODE, nt-document, *] ---> true
2026-04-21T14:22:23.698Z  INFO 85 --- [plm-core] [           main] org.casbin.jcasbin                       : Hit Policy: [role-designer, ps-default, UPDATE_NODE, nt-document, *]
2026-04-21T14:22:23.718Z  INFO 85 --- [plm-core] [           main] c.p.n.version.internal.VersionService    : Version created: node=6092efe1-ab5a-446b-9b8a-c5400a8894d7 v=2 A.2 type=CONTENT tx=0724e5a3-b8e1-44eb-8ef4-98aa81ed39ac user=user-alice
2026-04-21T14:22:23.720Z  INFO 85 --- [plm-core] [           main] org.casbin.jcasbin                       : Request: [role-designer, ps-default, UPDATE, *, *] ---> true
2026-04-21T14:22:23.720Z  INFO 85 --- [plm-core] [           main] org.casbin.jcasbin                       : Hit Policy: [role-designer, ps-default, UPDATE, *, *]
2026-04-21T14:22:23.731Z  INFO 85 --- [plm-core] [           main] c.p.n.t.internal.PlmTransactionService   : Transaction committed: id=0724e5a3-b8e1-44eb-8ef4-98aa81ed39ac owner=user-alice versions=1 deferred=0 continuation=null comment='Done'
2026-04-21T14:22:23.734Z  INFO 85 --- [plm-core] [           main] org.casbin.jcasbin                       : Request: [role-designer, ps-default, UPDATE, *, *] ---> true
2026-04-21T14:22:23.734Z  INFO 85 --- [plm-core] [           main] org.casbin.jcasbin                       : Hit Policy: [role-designer, ps-default, UPDATE, *, *]
]]></system-out>
  </testcase>
  <testcase name="testDifferentUsersCanHaveOpenTx" classname="com.plm.PlmTransactionTest" time="0.016">
    <system-out><![CDATA[2026-04-21T14:22:23.751Z  INFO 85 --- [plm-core] [           main] org.casbin.jcasbin                       : Request: [role-designer, ps-default, UPDATE, *, *] ---> true
2026-04-21T14:22:23.751Z  INFO 85 --- [plm-core] [           main] org.casbin.jcasbin                       : Hit Policy: [role-designer, ps-default, UPDATE, *, *]
2026-04-21T14:22:23.752Z  INFO 85 --- [plm-core] [           main] c.p.n.t.internal.PlmTransactionService   : Transaction opened: id=a445b37e-d3f0-45d2-83f6-b317240d5f9d owner=user-alice
2026-04-21T14:22:23.753Z  INFO 85 --- [plm-core] [           main] org.casbin.jcasbin                       : Request: [role-reviewer, ps-default, UPDATE, *, *] ---> true
2026-04-21T14:22:23.753Z  INFO 85 --- [plm-core] [           main] org.casbin.jcasbin                       : Hit Policy: [role-reviewer, ps-default, UPDATE, *, *]
2026-04-21T14:22:23.753Z  INFO 85 --- [plm-core] [           main] c.p.n.t.internal.PlmTransactionService   : Transaction opened: id=13cb050b-46df-4b2b-a8fe-c17438fa519a owner=user-bob
]]></system-out>
  </testcase>
  <testcase name="testOpenTransaction" classname="com.plm.PlmTransactionTest" time="0.011">
    <system-out><![CDATA[2026-04-21T14:22:23.765Z  INFO 85 --- [plm-core] [           main] org.casbin.jcasbin                       : Request: [role-designer, ps-default, UPDATE, *, *] ---> true
2026-04-21T14:22:23.765Z  INFO 85 --- [plm-core] [           main] org.casbin.jcasbin                       : Hit Policy: [role-designer, ps-default, UPDATE, *, *]
2026-04-21T14:22:23.766Z  INFO 85 --- [plm-core] [           main] c.p.n.t.internal.PlmTransactionService   : Transaction opened: id=f6902077-e875-4a07-ba13-b9bc29ebec77 owner=user-alice
]]></system-out>
  </testcase>
  <testcase name="testCheckoutAcquiresLock" classname="com.plm.PlmTransactionTest" time="0.066">
    <system-out><![CDATA[2026-04-21T14:22:23.778Z  INFO 85 --- [plm-core] [           main] org.casbin.jcasbin                       : Request: [role-designer, ps-default, CREATE_NODE, nt-document, *] ---> true
2026-04-21T14:22:23.778Z  INFO 85 --- [plm-core] [           main] org.casbin.jcasbin                       : Hit Policy: [role-designer, ps-default, CREATE_NODE, nt-document, *]
2026-04-21T14:22:23.778Z  INFO 85 --- [plm-core] [           main] org.casbin.jcasbin                       : Request: [role-designer, ps-default, UPDATE, *, *] ---> true
2026-04-21T14:22:23.778Z  INFO 85 --- [plm-core] [           main] org.casbin.jcasbin                       : Hit Policy: [role-designer, ps-default, UPDATE, *, *]
2026-04-21T14:22:23.781Z  INFO 85 --- [plm-core] [           main] org.casbin.jcasbin                       : Request: [role-designer, ps-default, UPDATE, *, *] ---> true
2026-04-21T14:22:23.781Z  INFO 85 --- [plm-core] [           main] org.casbin.jcasbin                       : Hit Policy: [role-designer, ps-default, UPDATE, *, *]
2026-04-21T14:22:23.782Z  INFO 85 --- [plm-core] [           main] c.p.n.t.internal.PlmTransactionService   : Transaction opened: id=5ea7349a-49a1-40e3-9d13-c4246d8dd708 owner=user-alice
2026-04-21T14:22:23.797Z  INFO 85 --- [plm-core] [           main] com.plm.node.NodeService                 : Node created: id=0d827b6a-22a6-4c63-a9d4-842ee7228dab type=nt-document user=user-alice
2026-04-21T14:22:23.799Z  INFO 85 --- [plm-core] [           main] org.casbin.jcasbin                       : Request: [role-designer, ps-default, UPDATE, *, *] ---> true
2026-04-21T14:22:23.799Z  INFO 85 --- [plm-core] [           main] org.casbin.jcasbin                       : Hit Policy: [role-designer, ps-default, UPDATE, *, *]
2026-04-21T14:22:23.811Z  INFO 85 --- [plm-core] [           main] c.p.n.t.internal.PlmTransactionService   : Transaction committed: id=5ea7349a-49a1-40e3-9d13-c4246d8dd708 owner=user-alice versions=1 deferred=0 continuation=null comment='Initial creation'
2026-04-21T14:22:23.813Z  INFO 85 --- [plm-core] [           main] org.casbin.jcasbin                       : Request: [role-designer, ps-default, UPDATE, *, *] ---> true
2026-04-21T14:22:23.813Z  INFO 85 --- [plm-core] [           main] org.casbin.jcasbin                       : Hit Policy: [role-designer, ps-default, UPDATE, *, *]
2026-04-21T14:22:23.814Z  INFO 85 --- [plm-core] [           main] c.p.n.t.internal.PlmTransactionService   : Transaction opened: id=25d81f2d-2fd4-4f00-967f-756b52a4ee91 owner=user-alice
2026-04-21T14:22:23.816Z  INFO 85 --- [plm-core] [           main] org.casbin.jcasbin                       : Request: [role-designer, ps-default, UPDATE_NODE, nt-document, *] ---> true
2026-04-21T14:22:23.816Z  INFO 85 --- [plm-core] [           main] org.casbin.jcasbin                       : Hit Policy: [role-designer, ps-default, UPDATE_NODE, nt-document, *]
2026-04-21T14:22:23.829Z  INFO 85 --- [plm-core] [           main] c.p.n.version.internal.VersionService    : Version created: node=0d827b6a-22a6-4c63-a9d4-842ee7228dab v=2 A.2 type=CONTENT tx=25d81f2d-2fd4-4f00-967f-756b52a4ee91 user=user-alice
]]></system-out>
  </testcase>
  <testcase name="testOpenVersionVisibility" classname="com.plm.PlmTransactionTest" time="0.069">
    <system-out><![CDATA[2026-04-21T14:22:23.847Z  INFO 85 --- [plm-core] [           main] org.casbin.jcasbin                       : Request: [role-designer, ps-default, CREATE_NODE, nt-document, *] ---> true
2026-04-21T14:22:23.848Z  INFO 85 --- [plm-core] [           main] org.casbin.jcasbin                       : Hit Policy: [role-designer, ps-default, CREATE_NODE, nt-document, *]
2026-04-21T14:22:23.848Z  INFO 85 --- [plm-core] [           main] org.casbin.jcasbin                       : Request: [role-designer, ps-default, UPDATE, *, *] ---> true
2026-04-21T14:22:23.848Z  INFO 85 --- [plm-core] [           main] org.casbin.jcasbin                       : Hit Policy: [role-designer, ps-default, UPDATE, *, *]
2026-04-21T14:22:23.853Z  INFO 85 --- [plm-core] [           main] org.casbin.jcasbin                       : Request: [role-designer, ps-default, UPDATE, *, *] ---> true
2026-04-21T14:22:23.853Z  INFO 85 --- [plm-core] [           main] org.casbin.jcasbin                       : Hit Policy: [role-designer, ps-default, UPDATE, *, *]
2026-04-21T14:22:23.854Z  INFO 85 --- [plm-core] [           main] c.p.n.t.internal.PlmTransactionService   : Transaction opened: id=65bbd465-f9b9-4c50-a992-f8ec68c5cb72 owner=user-alice
2026-04-21T14:22:23.866Z  INFO 85 --- [plm-core] [           main] com.plm.node.NodeService                 : Node created: id=88b1eb0c-c7b6-4ab1-8ae6-bd87480eefbb type=nt-document user=user-alice
2026-04-21T14:22:23.868Z  INFO 85 --- [plm-core] [           main] org.casbin.jcasbin                       : Request: [role-designer, ps-default, UPDATE, *, *] ---> true
2026-04-21T14:22:23.869Z  INFO 85 --- [plm-core] [           main] org.casbin.jcasbin                       : Hit Policy: [role-designer, ps-default, UPDATE, *, *]
2026-04-21T14:22:23.881Z  INFO 85 --- [plm-core] [           main] c.p.n.t.internal.PlmTransactionService   : Transaction committed: id=65bbd465-f9b9-4c50-a992-f8ec68c5cb72 owner=user-alice versions=1 deferred=0 continuation=null comment='Initial creation'
2026-04-21T14:22:23.883Z  INFO 85 --- [plm-core] [           main] org.casbin.jcasbin                       : Request: [role-designer, ps-default, UPDATE, *, *] ---> true
2026-04-21T14:22:23.883Z  INFO 85 --- [plm-core] [           main] org.casbin.jcasbin                       : Hit Policy: [role-designer, ps-default, UPDATE, *, *]
2026-04-21T14:22:23.884Z  INFO 85 --- [plm-core] [           main] c.p.n.t.internal.PlmTransactionService   : Transaction opened: id=9618c100-1c2f-496e-a34c-ce6ad1695c7d owner=user-alice
2026-04-21T14:22:23.887Z  INFO 85 --- [plm-core] [           main] org.casbin.jcasbin                       : Request: [role-designer, ps-default, UPDATE_NODE, nt-document, *] ---> true
2026-04-21T14:22:23.887Z  INFO 85 --- [plm-core] [           main] org.casbin.jcasbin                       : Hit Policy: [role-designer, ps-default, UPDATE_NODE, nt-document, *]
2026-04-21T14:22:23.900Z  INFO 85 --- [plm-core] [           main] c.p.n.version.internal.VersionService    : Version created: node=88b1eb0c-c7b6-4ab1-8ae6-bd87480eefbb v=2 A.2 type=CONTENT tx=9618c100-1c2f-496e-a34c-ce6ad1695c7d user=user-alice
]]></system-out>
  </testcase>
  <testcase name="testOnlyOneOpenTxPerUser" classname="com.plm.PlmTransactionTest" time="0.013">
    <failure message="&#10;Expecting code to raise a throwable." type="java.lang.AssertionError"><![CDATA[java.lang.AssertionError: 

Expecting code to raise a throwable.
	at com.plm.PlmTransactionTest.testOnlyOneOpenTxPerUser(PlmTransactionTest.java:96)
	at java.base/java.lang.reflect.Method.invoke(Method.java:580)
	at java.base/java.util.ArrayList.forEach(ArrayList.java:1596)
	at java.base/java.util.ArrayList.forEach(ArrayList.java:1596)
]]></failure>
    <system-out><![CDATA[2026-04-21T14:22:23.917Z  INFO 85 --- [plm-core] [           main] org.casbin.jcasbin                       : Request: [role-designer, ps-default, UPDATE, *, *] ---> true
2026-04-21T14:22:23.917Z  INFO 85 --- [plm-core] [           main] org.casbin.jcasbin                       : Hit Policy: [role-designer, ps-default, UPDATE, *, *]
2026-04-21T14:22:23.917Z  INFO 85 --- [plm-core] [           main] c.p.n.t.internal.PlmTransactionService   : Transaction opened: id=a4e1cccb-4d6b-4afa-90a5-9ebe219a352a owner=user-alice
2026-04-21T14:22:23.918Z  INFO 85 --- [plm-core] [           main] org.casbin.jcasbin                       : Request: [role-designer, ps-default, UPDATE, *, *] ---> true
2026-04-21T14:22:23.918Z  INFO 85 --- [plm-core] [           main] org.casbin.jcasbin                       : Hit Policy: [role-designer, ps-default, UPDATE, *, *]
2026-04-21T14:22:23.919Z  INFO 85 --- [plm-core] [           main] c.p.n.t.internal.PlmTransactionService   : Transaction opened: id=de11062b-5f56-4dad-9ead-e199f30ab938 owner=user-alice
]]></system-out>
  </testcase>
  <testcase name="testRollback" classname="com.plm.PlmTransactionTest" time="0.067">
    <system-out><![CDATA[2026-04-21T14:22:23.933Z  INFO 85 --- [plm-core] [           main] org.casbin.jcasbin                       : Request: [role-designer, ps-default, CREATE_NODE, nt-document, *] ---> true
2026-04-21T14:22:23.933Z  INFO 85 --- [plm-core] [           main] org.casbin.jcasbin                       : Hit Policy: [role-designer, ps-default, CREATE_NODE, nt-document, *]
2026-04-21T14:22:23.933Z  INFO 85 --- [plm-core] [           main] org.casbin.jcasbin                       : Request: [role-designer, ps-default, UPDATE, *, *] ---> true
2026-04-21T14:22:23.933Z  INFO 85 --- [plm-core] [           main] org.casbin.jcasbin                       : Hit Policy: [role-designer, ps-default, UPDATE, *, *]
2026-04-21T14:22:23.936Z  INFO 85 --- [plm-core] [           main] org.casbin.jcasbin                       : Request: [role-designer, ps-default, UPDATE, *, *] ---> true
2026-04-21T14:22:23.936Z  INFO 85 --- [plm-core] [           main] org.casbin.jcasbin                       : Hit Policy: [role-designer, ps-default, UPDATE, *, *]
2026-04-21T14:22:23.937Z  INFO 85 --- [plm-core] [           main] c.p.n.t.internal.PlmTransactionService   : Transaction opened: id=b67f2be0-1c62-41b9-9d05-2f4bd63a4848 owner=user-alice
2026-04-21T14:22:23.950Z  INFO 85 --- [plm-core] [           main] com.plm.node.NodeService                 : Node created: id=29b75d83-7b4a-4006-9656-20c0e804b4ed type=nt-document user=user-alice
2026-04-21T14:22:23.952Z  INFO 85 --- [plm-core] [           main] org.casbin.jcasbin                       : Request: [role-designer, ps-default, UPDATE, *, *] ---> true
2026-04-21T14:22:23.952Z  INFO 85 --- [plm-core] [           main] org.casbin.jcasbin                       : Hit Policy: [role-designer, ps-default, UPDATE, *, *]
2026-04-21T14:22:23.962Z  INFO 85 --- [plm-core] [           main] c.p.n.t.internal.PlmTransactionService   : Transaction committed: id=b67f2be0-1c62-41b9-9d05-2f4bd63a4848 owner=user-alice versions=1 deferred=0 continuation=null comment='Initial creation'
2026-04-21T14:22:23.964Z  INFO 85 --- [plm-core] [           main] org.casbin.jcasbin                       : Request: [role-designer, ps-default, UPDATE, *, *] ---> true
2026-04-21T14:22:23.964Z  INFO 85 --- [plm-core] [           main] org.casbin.jcasbin                       : Hit Policy: [role-designer, ps-default, UPDATE, *, *]
2026-04-21T14:22:23.965Z  INFO 85 --- [plm-core] [           main] c.p.n.t.internal.PlmTransactionService   : Transaction opened: id=167a6fc1-06af-4d45-8de3-e9329b98d339 owner=user-alice
2026-04-21T14:22:23.967Z  INFO 85 --- [plm-core] [           main] org.casbin.jcasbin                       : Request: [role-designer, ps-default, UPDATE_NODE, nt-document, *] ---> true
2026-04-21T14:22:23.967Z  INFO 85 --- [plm-core] [           main] org.casbin.jcasbin                       : Hit Policy: [role-designer, ps-default, UPDATE_NODE, nt-document, *]
2026-04-21T14:22:23.978Z  INFO 85 --- [plm-core] [           main] c.p.n.version.internal.VersionService    : Version created: node=29b75d83-7b4a-4006-9656-20c0e804b4ed v=2 A.2 type=CONTENT tx=167a6fc1-06af-4d45-8de3-e9329b98d339 user=user-alice
2026-04-21T14:22:23.978Z  INFO 85 --- [plm-core] [           main] org.casbin.jcasbin                       : Request: [role-designer, ps-default, UPDATE, *, *] ---> true
2026-04-21T14:22:23.978Z  INFO 85 --- [plm-core] [           main] org.casbin.jcasbin                       : Hit Policy: [role-designer, ps-default, UPDATE, *, *]
2026-04-21T14:22:23.984Z  INFO 85 --- [plm-core] [           main] c.p.n.t.internal.PlmTransactionService   : Transaction rolled back and deleted: id=167a6fc1-06af-4d45-8de3-e9329b98d339 owner=user-alice versions=1 attrs=3
]]></system-out>
  </testcase>
  <testcase name="testMultipleCheckoutsInSameTx" classname="com.plm.PlmTransactionTest" time="0.137">
    <system-out><![CDATA[2026-04-21T14:22:24.001Z  INFO 85 --- [plm-core] [           main] org.casbin.jcasbin                       : Request: [role-designer, ps-default, CREATE_NODE, nt-document, *] ---> true
2026-04-21T14:22:24.001Z  INFO 85 --- [plm-core] [           main] org.casbin.jcasbin                       : Hit Policy: [role-designer, ps-default, CREATE_NODE, nt-document, *]
2026-04-21T14:22:24.001Z  INFO 85 --- [plm-core] [           main] org.casbin.jcasbin                       : Request: [role-designer, ps-default, UPDATE, *, *] ---> true
2026-04-21T14:22:24.001Z  INFO 85 --- [plm-core] [           main] org.casbin.jcasbin                       : Hit Policy: [role-designer, ps-default, UPDATE, *, *]
2026-04-21T14:22:24.005Z  INFO 85 --- [plm-core] [           main] org.casbin.jcasbin                       : Request: [role-designer, ps-default, UPDATE, *, *] ---> true
2026-04-21T14:22:24.006Z  INFO 85 --- [plm-core] [           main] org.casbin.jcasbin                       : Hit Policy: [role-designer, ps-default, UPDATE, *, *]
2026-04-21T14:22:24.006Z  INFO 85 --- [plm-core] [           main] c.p.n.t.internal.PlmTransactionService   : Transaction opened: id=e21490eb-5e85-4ff0-a69d-49800a62c5be owner=user-alice
2026-04-21T14:22:24.021Z  INFO 85 --- [plm-core] [           main] com.plm.node.NodeService                 : Node created: id=7e5b1c03-aff9-4f80-83a8-8272924e2db1 type=nt-document user=user-alice
2026-04-21T14:22:24.023Z  INFO 85 --- [plm-core] [           main] org.casbin.jcasbin                       : Request: [role-designer, ps-default, UPDATE, *, *] ---> true
2026-04-21T14:22:24.023Z  INFO 85 --- [plm-core] [           main] org.casbin.jcasbin                       : Hit Policy: [role-designer, ps-default, UPDATE, *, *]
2026-04-21T14:22:24.034Z  INFO 85 --- [plm-core] [           main] c.p.n.t.internal.PlmTransactionService   : Transaction committed: id=e21490eb-5e85-4ff0-a69d-49800a62c5be owner=user-alice versions=1 deferred=0 continuation=null comment='Initial creation'
2026-04-21T14:22:24.038Z  INFO 85 --- [plm-core] [           main] org.casbin.jcasbin                       : Request: [role-designer, ps-default, CREATE_NODE, nt-document, *] ---> true
2026-04-21T14:22:24.038Z  INFO 85 --- [plm-core] [           main] org.casbin.jcasbin                       : Hit Policy: [role-designer, ps-default, CREATE_NODE, nt-document, *]
2026-04-21T14:22:24.039Z  INFO 85 --- [plm-core] [           main] org.casbin.jcasbin                       : Request: [role-designer, ps-default, UPDATE, *, *] ---> true
2026-04-21T14:22:24.039Z  INFO 85 --- [plm-core] [           main] org.casbin.jcasbin                       : Hit Policy: [role-designer, ps-default, UPDATE, *, *]
2026-04-21T14:22:24.043Z  INFO 85 --- [plm-core] [           main] org.casbin.jcasbin                       : Request: [role-designer, ps-default, UPDATE, *, *] ---> true
2026-04-21T14:22:24.043Z  INFO 85 --- [plm-core] [           main] org.casbin.jcasbin                       : Hit Policy: [role-designer, ps-default, UPDATE, *, *]
2026-04-21T14:22:24.043Z  INFO 85 --- [plm-core] [           main] c.p.n.t.internal.PlmTransactionService   : Transaction opened: id=6437437e-da20-43b8-9d06-7fd53450a4b1 owner=user-alice
2026-04-21T14:22:24.054Z  INFO 85 --- [plm-core] [           main] com.plm.node.NodeService                 : Node created: id=4574af01-1a89-41e0-bdd1-7d2df90f1670 type=nt-document user=user-alice
2026-04-21T14:22:24.055Z  INFO 85 --- [plm-core] [           main] org.casbin.jcasbin                       : Request: [role-designer, ps-default, UPDATE, *, *] ---> true
2026-04-21T14:22:24.055Z  INFO 85 --- [plm-core] [           main] org.casbin.jcasbin                       : Hit Policy: [role-designer, ps-default, UPDATE, *, *]
2026-04-21T14:22:24.068Z  INFO 85 --- [plm-core] [           main] c.p.n.t.internal.PlmTransactionService   : Transaction committed: id=6437437e-da20-43b8-9d06-7fd53450a4b1 owner=user-alice versions=1 deferred=0 continuation=null comment='Initial creation'
2026-04-21T14:22:24.072Z  INFO 85 --- [plm-core] [           main] org.casbin.jcasbin                       : Request: [role-designer, ps-default, UPDATE, *, *] ---> true
2026-04-21T14:22:24.072Z  INFO 85 --- [plm-core] [           main] org.casbin.jcasbin                       : Hit Policy: [role-designer, ps-default, UPDATE, *, *]
2026-04-21T14:22:24.073Z  INFO 85 --- [plm-core] [           main] c.p.n.t.internal.PlmTransactionService   : Transaction opened: id=2d2ca66d-e32c-4280-9fd2-fc73cd20c05d owner=user-alice
2026-04-21T14:22:24.077Z  INFO 85 --- [plm-core] [           main] org.casbin.jcasbin                       : Request: [role-designer, ps-default, UPDATE_NODE, nt-document, *] ---> true
2026-04-21T14:22:24.078Z  INFO 85 --- [plm-core] [           main] org.casbin.jcasbin                       : Hit Policy: [role-designer, ps-default, UPDATE_NODE, nt-document, *]
2026-04-21T14:22:24.096Z  INFO 85 --- [plm-core] [           main] c.p.n.version.internal.VersionService    : Version created: node=7e5b1c03-aff9-4f80-83a8-8272924e2db1 v=2 A.2 type=CONTENT tx=2d2ca66d-e32c-4280-9fd2-fc73cd20c05d user=user-alice
2026-04-21T14:22:24.098Z  INFO 85 --- [plm-core] [           main] org.casbin.jcasbin                       : Request: [role-designer, ps-default, UPDATE_NODE, nt-document, *] ---> true
2026-04-21T14:22:24.098Z  INFO 85 --- [plm-core] [           main] org.casbin.jcasbin                       : Hit Policy: [role-designer, ps-default, UPDATE_NODE, nt-document, *]
2026-04-21T14:22:24.122Z  INFO 85 --- [plm-core] [           main] c.p.n.version.internal.VersionService    : Version created: node=4574af01-1a89-41e0-bdd1-7d2df90f1670 v=2 A.2 type=CONTENT tx=2d2ca66d-e32c-4280-9fd2-fc73cd20c05d user=user-alice
]]></system-out>
  </testcase>
  <testcase name="testCommitRequiresComment" classname="com.plm.PlmTransactionTest" time="0.095">
    <system-out><![CDATA[2026-04-21T14:22:24.143Z  INFO 85 --- [plm-core] [           main] org.casbin.jcasbin                       : Request: [role-designer, ps-default, CREATE_NODE, nt-document, *] ---> true
2026-04-21T14:22:24.144Z  INFO 85 --- [plm-core] [           main] org.casbin.jcasbin                       : Hit Policy: [role-designer, ps-default, CREATE_NODE, nt-document, *]
2026-04-21T14:22:24.145Z  INFO 85 --- [plm-core] [           main] org.casbin.jcasbin                       : Request: [role-designer, ps-default, UPDATE, *, *] ---> true
2026-04-21T14:22:24.145Z  INFO 85 --- [plm-core] [           main] org.casbin.jcasbin                       : Hit Policy: [role-designer, ps-default, UPDATE, *, *]
2026-04-21T14:22:24.149Z  INFO 85 --- [plm-core] [           main] org.casbin.jcasbin                       : Request: [role-designer, ps-default, UPDATE, *, *] ---> true
2026-04-21T14:22:24.149Z  INFO 85 --- [plm-core] [           main] org.casbin.jcasbin                       : Hit Policy: [role-designer, ps-default, UPDATE, *, *]
2026-04-21T14:22:24.151Z  INFO 85 --- [plm-core] [           main] c.p.n.t.internal.PlmTransactionService   : Transaction opened: id=cff47c10-23fc-4745-b1fe-de252c6d65ae owner=user-alice
2026-04-21T14:22:24.170Z  INFO 85 --- [plm-core] [           main] com.plm.node.NodeService                 : Node created: id=286d752b-d1f7-49ae-ac5b-7a242bbf6cca type=nt-document user=user-alice
2026-04-21T14:22:24.171Z  INFO 85 --- [plm-core] [           main] org.casbin.jcasbin                       : Request: [role-designer, ps-default, UPDATE, *, *] ---> true
2026-04-21T14:22:24.171Z  INFO 85 --- [plm-core] [           main] org.casbin.jcasbin                       : Hit Policy: [role-designer, ps-default, UPDATE, *, *]
2026-04-21T14:22:24.193Z  INFO 85 --- [plm-core] [           main] c.p.n.t.internal.PlmTransactionService   : Transaction committed: id=cff47c10-23fc-4745-b1fe-de252c6d65ae owner=user-alice versions=1 deferred=0 continuation=null comment='Initial creation'
2026-04-21T14:22:24.195Z  INFO 85 --- [plm-core] [           main] org.casbin.jcasbin                       : Request: [role-designer, ps-default, UPDATE, *, *] ---> true
2026-04-21T14:22:24.195Z  INFO 85 --- [plm-core] [           main] org.casbin.jcasbin                       : Hit Policy: [role-designer, ps-default, UPDATE, *, *]
2026-04-21T14:22:24.196Z  INFO 85 --- [plm-core] [           main] c.p.n.t.internal.PlmTransactionService   : Transaction opened: id=41e6c473-d4fb-427e-8d50-4eda6d4c271c owner=user-alice
2026-04-21T14:22:24.199Z  INFO 85 --- [plm-core] [           main] org.casbin.jcasbin                       : Request: [role-designer, ps-default, UPDATE_NODE, nt-document, *] ---> true
2026-04-21T14:22:24.199Z  INFO 85 --- [plm-core] [           main] org.casbin.jcasbin                       : Hit Policy: [role-designer, ps-default, UPDATE_NODE, nt-document, *]
2026-04-21T14:22:24.220Z  INFO 85 --- [plm-core] [           main] c.p.n.version.internal.VersionService    : Version created: node=286d752b-d1f7-49ae-ac5b-7a242bbf6cca v=2 A.2 type=CONTENT tx=41e6c473-d4fb-427e-8d50-4eda6d4c271c user=user-alice
2026-04-21T14:22:24.221Z  INFO 85 --- [plm-core] [           main] org.casbin.jcasbin                       : Request: [role-designer, ps-default, UPDATE, *, *] ---> true
2026-04-21T14:22:24.221Z  INFO 85 --- [plm-core] [           main] org.casbin.jcasbin                       : Hit Policy: [role-designer, ps-default, UPDATE, *, *]
2026-04-21T14:22:24.223Z  INFO 85 --- [plm-core] [           main] org.casbin.jcasbin                       : Request: [role-designer, ps-default, UPDATE, *, *] ---> true
2026-04-21T14:22:24.223Z  INFO 85 --- [plm-core] [           main] org.casbin.jcasbin                       : Hit Policy: [role-designer, ps-default, UPDATE, *, *]
]]></system-out>
  </testcase>
  <testcase name="testListTransactionsVisibility" classname="com.plm.PlmTransactionTest" time="0.014">
    <system-out><![CDATA[2026-04-21T14:22:24.236Z  INFO 85 --- [plm-core] [           main] org.casbin.jcasbin                       : Request: [role-designer, ps-default, UPDATE, *, *] ---> true
2026-04-21T14:22:24.236Z  INFO 85 --- [plm-core] [           main] org.casbin.jcasbin                       : Hit Policy: [role-designer, ps-default, UPDATE, *, *]
2026-04-21T14:22:24.237Z  INFO 85 --- [plm-core] [           main] c.p.n.t.internal.PlmTransactionService   : Transaction opened: id=885362c9-ef84-4961-834a-a9c9f1235524 owner=user-alice
]]></system-out>
  </testcase>
  <testcase name="testCommittedVersionsVisibleToAll" classname="com.plm.PlmTransactionTest" time="0.095">
    <system-out><![CDATA[2026-04-21T14:22:24.253Z  INFO 85 --- [plm-core] [           main] org.casbin.jcasbin                       : Request: [role-designer, ps-default, CREATE_NODE, nt-document, *] ---> true
2026-04-21T14:22:24.253Z  INFO 85 --- [plm-core] [           main] org.casbin.jcasbin                       : Hit Policy: [role-designer, ps-default, CREATE_NODE, nt-document, *]
2026-04-21T14:22:24.254Z  INFO 85 --- [plm-core] [           main] org.casbin.jcasbin                       : Request: [role-designer, ps-default, UPDATE, *, *] ---> true
2026-04-21T14:22:24.254Z  INFO 85 --- [plm-core] [           main] org.casbin.jcasbin                       : Hit Policy: [role-designer, ps-default, UPDATE, *, *]
2026-04-21T14:22:24.260Z  INFO 85 --- [plm-core] [           main] org.casbin.jcasbin                       : Request: [role-designer, ps-default, UPDATE, *, *] ---> true
2026-04-21T14:22:24.260Z  INFO 85 --- [plm-core] [           main] org.casbin.jcasbin                       : Hit Policy: [role-designer, ps-default, UPDATE, *, *]
2026-04-21T14:22:24.262Z  INFO 85 --- [plm-core] [           main] c.p.n.t.internal.PlmTransactionService   : Transaction opened: id=0ff979fd-5c81-4fd1-8efc-a24aa03a81a1 owner=user-alice
2026-04-21T14:22:24.275Z  INFO 85 --- [plm-core] [           main] com.plm.node.NodeService                 : Node created: id=e9645653-c303-4927-9179-78be02b1e418 type=nt-document user=user-alice
2026-04-21T14:22:24.277Z  INFO 85 --- [plm-core] [           main] org.casbin.jcasbin                       : Request: [role-designer, ps-default, UPDATE, *, *] ---> true
2026-04-21T14:22:24.277Z  INFO 85 --- [plm-core] [           main] org.casbin.jcasbin                       : Hit Policy: [role-designer, ps-default, UPDATE, *, *]
2026-04-21T14:22:24.288Z  INFO 85 --- [plm-core] [           main] c.p.n.t.internal.PlmTransactionService   : Transaction committed: id=0ff979fd-5c81-4fd1-8efc-a24aa03a81a1 owner=user-alice versions=1 deferred=0 continuation=null comment='Initial creation'
2026-04-21T14:22:24.290Z  INFO 85 --- [plm-core] [           main] org.casbin.jcasbin                       : Request: [role-designer, ps-default, UPDATE, *, *] ---> true
2026-04-21T14:22:24.290Z  INFO 85 --- [plm-core] [           main] org.casbin.jcasbin                       : Hit Policy: [role-designer, ps-default, UPDATE, *, *]
2026-04-21T14:22:24.291Z  INFO 85 --- [plm-core] [           main] c.p.n.t.internal.PlmTransactionService   : Transaction opened: id=f9ca1943-72b2-46c9-b842-b033491ccb07 owner=user-alice
2026-04-21T14:22:24.293Z  INFO 85 --- [plm-core] [           main] org.casbin.jcasbin                       : Request: [role-designer, ps-default, UPDATE_NODE, nt-document, *] ---> true
2026-04-21T14:22:24.293Z  INFO 85 --- [plm-core] [           main] org.casbin.jcasbin                       : Hit Policy: [role-designer, ps-default, UPDATE_NODE, nt-document, *]
2026-04-21T14:22:24.312Z  INFO 85 --- [plm-core] [           main] c.p.n.version.internal.VersionService    : Version created: node=e9645653-c303-4927-9179-78be02b1e418 v=2 A.2 type=CONTENT tx=f9ca1943-72b2-46c9-b842-b033491ccb07 user=user-alice
2026-04-21T14:22:24.314Z  INFO 85 --- [plm-core] [           main] org.casbin.jcasbin                       : Request: [role-designer, ps-default, UPDATE, *, *] ---> true
2026-04-21T14:22:24.314Z  INFO 85 --- [plm-core] [           main] org.casbin.jcasbin                       : Hit Policy: [role-designer, ps-default, UPDATE, *, *]
2026-04-21T14:22:24.330Z  INFO 85 --- [plm-core] [           main] c.p.n.t.internal.PlmTransactionService   : Transaction committed: id=f9ca1943-72b2-46c9-b842-b033491ccb07 owner=user-alice versions=1 deferred=0 continuation=null comment='Feature complete'
]]></system-out>
  </testcase>
  <testcase name="testCommit" classname="com.plm.PlmTransactionTest" time="0.092">
    <system-out><![CDATA[2026-04-21T14:22:24.352Z  INFO 85 --- [plm-core] [           main] org.casbin.jcasbin                       : Request: [role-designer, ps-default, CREATE_NODE, nt-document, *] ---> true
2026-04-21T14:22:24.352Z  INFO 85 --- [plm-core] [           main] org.casbin.jcasbin                       : Hit Policy: [role-designer, ps-default, CREATE_NODE, nt-document, *]
2026-04-21T14:22:24.353Z  INFO 85 --- [plm-core] [           main] org.casbin.jcasbin                       : Request: [role-designer, ps-default, UPDATE, *, *] ---> true
2026-04-21T14:22:24.353Z  INFO 85 --- [plm-core] [           main] org.casbin.jcasbin                       : Hit Policy: [role-designer, ps-default, UPDATE, *, *]
2026-04-21T14:22:24.357Z  INFO 85 --- [plm-core] [           main] org.casbin.jcasbin                       : Request: [role-designer, ps-default, UPDATE, *, *] ---> true
2026-04-21T14:22:24.357Z  INFO 85 --- [plm-core] [           main] org.casbin.jcasbin                       : Hit Policy: [role-designer, ps-default, UPDATE, *, *]
2026-04-21T14:22:24.358Z  INFO 85 --- [plm-core] [           main] c.p.n.t.internal.PlmTransactionService   : Transaction opened: id=d0e1ce90-483a-4b14-92b5-056fa22927ea owner=user-alice
2026-04-21T14:22:24.371Z  INFO 85 --- [plm-core] [           main] com.plm.node.NodeService                 : Node created: id=db458021-0ca5-4f9e-b177-652779c6051d type=nt-document user=user-alice
2026-04-21T14:22:24.372Z  INFO 85 --- [plm-core] [           main] org.casbin.jcasbin                       : Request: [role-designer, ps-default, UPDATE, *, *] ---> true
2026-04-21T14:22:24.372Z  INFO 85 --- [plm-core] [           main] org.casbin.jcasbin                       : Hit Policy: [role-designer, ps-default, UPDATE, *, *]
2026-04-21T14:22:24.386Z  INFO 85 --- [plm-core] [           main] c.p.n.t.internal.PlmTransactionService   : Transaction committed: id=d0e1ce90-483a-4b14-92b5-056fa22927ea owner=user-alice versions=1 deferred=0 continuation=null comment='Initial creation'
2026-04-21T14:22:24.388Z  INFO 85 --- [plm-core] [           main] org.casbin.jcasbin                       : Request: [role-designer, ps-default, UPDATE, *, *] ---> true
2026-04-21T14:22:24.388Z  INFO 85 --- [plm-core] [           main] org.casbin.jcasbin                       : Hit Policy: [role-designer, ps-default, UPDATE, *, *]
2026-04-21T14:22:24.388Z  INFO 85 --- [plm-core] [           main] c.p.n.t.internal.PlmTransactionService   : Transaction opened: id=98f63785-754e-4eda-a41d-8cfe0297557b owner=user-alice
2026-04-21T14:22:24.391Z  INFO 85 --- [plm-core] [           main] org.casbin.jcasbin                       : Request: [role-designer, ps-default, UPDATE_NODE, nt-document, *] ---> true
2026-04-21T14:22:24.391Z  INFO 85 --- [plm-core] [           main] org.casbin.jcasbin                       : Hit Policy: [role-designer, ps-default, UPDATE_NODE, nt-document, *]
2026-04-21T14:22:24.408Z  INFO 85 --- [plm-core] [           main] c.p.n.version.internal.VersionService    : Version created: node=db458021-0ca5-4f9e-b177-652779c6051d v=2 A.2 type=CONTENT tx=98f63785-754e-4eda-a41d-8cfe0297557b user=user-alice
2026-04-21T14:22:24.409Z  INFO 85 --- [plm-core] [           main] org.casbin.jcasbin                       : Request: [role-designer, ps-default, UPDATE, *, *] ---> true
2026-04-21T14:22:24.410Z  INFO 85 --- [plm-core] [           main] org.casbin.jcasbin                       : Hit Policy: [role-designer, ps-default, UPDATE, *, *]
2026-04-21T14:22:24.423Z  INFO 85 --- [plm-core] [           main] c.p.n.t.internal.PlmTransactionService   : Transaction committed: id=98f63785-754e-4eda-a41d-8cfe0297557b owner=user-alice versions=1 deferred=0 continuation=null comment='Feature A complete — reviewed and validated'
]]></system-out>
  </testcase>
  <testcase name="testVersionTxStatusOpen" classname="com.plm.PlmTransactionTest" time="0.086">
    <system-out><![CDATA[2026-04-21T14:22:24.448Z  INFO 85 --- [plm-core] [           main] org.casbin.jcasbin                       : Request: [role-designer, ps-default, CREATE_NODE, nt-document, *] ---> true
2026-04-21T14:22:24.448Z  INFO 85 --- [plm-core] [           main] org.casbin.jcasbin                       : Hit Policy: [role-designer, ps-default, CREATE_NODE, nt-document, *]
2026-04-21T14:22:24.449Z  INFO 85 --- [plm-core] [           main] org.casbin.jcasbin                       : Request: [role-designer, ps-default, UPDATE, *, *] ---> true
2026-04-21T14:22:24.449Z  INFO 85 --- [plm-core] [           main] org.casbin.jcasbin                       : Hit Policy: [role-designer, ps-default, UPDATE, *, *]
2026-04-21T14:22:24.455Z  INFO 85 --- [plm-core] [           main] org.casbin.jcasbin                       : Request: [role-designer, ps-default, UPDATE, *, *] ---> true
2026-04-21T14:22:24.455Z  INFO 85 --- [plm-core] [           main] org.casbin.jcasbin                       : Hit Policy: [role-designer, ps-default, UPDATE, *, *]
2026-04-21T14:22:24.456Z  INFO 85 --- [plm-core] [           main] c.p.n.t.internal.PlmTransactionService   : Transaction opened: id=b7bb0bfe-29eb-493c-bec3-1771278d1187 owner=user-alice
2026-04-21T14:22:24.471Z  INFO 85 --- [plm-core] [           main] com.plm.node.NodeService                 : Node created: id=82dfbc0f-086a-4f62-a696-c62f4eb8c149 type=nt-document user=user-alice
2026-04-21T14:22:24.473Z  INFO 85 --- [plm-core] [           main] org.casbin.jcasbin                       : Request: [role-designer, ps-default, UPDATE, *, *] ---> true
2026-04-21T14:22:24.473Z  INFO 85 --- [plm-core] [           main] org.casbin.jcasbin                       : Hit Policy: [role-designer, ps-default, UPDATE, *, *]
2026-04-21T14:22:24.488Z  INFO 85 --- [plm-core] [           main] c.p.n.t.internal.PlmTransactionService   : Transaction committed: id=b7bb0bfe-29eb-493c-bec3-1771278d1187 owner=user-alice versions=1 deferred=0 continuation=null comment='Initial creation'
2026-04-21T14:22:24.490Z  INFO 85 --- [plm-core] [           main] org.casbin.jcasbin                       : Request: [role-designer, ps-default, UPDATE, *, *] ---> true
2026-04-21T14:22:24.491Z  INFO 85 --- [plm-core] [           main] org.casbin.jcasbin                       : Hit Policy: [role-designer, ps-default, UPDATE, *, *]
2026-04-21T14:22:24.491Z  INFO 85 --- [plm-core] [           main] c.p.n.t.internal.PlmTransactionService   : Transaction opened: id=3a17c042-a102-4e93-b057-eb720ab8e778 owner=user-alice
2026-04-21T14:22:24.495Z  INFO 85 --- [plm-core] [           main] org.casbin.jcasbin                       : Request: [role-designer, ps-default, UPDATE_NODE, nt-document, *] ---> true
2026-04-21T14:22:24.496Z  INFO 85 --- [plm-core] [           main] org.casbin.jcasbin                       : Hit Policy: [role-designer, ps-default, UPDATE_NODE, nt-document, *]
2026-04-21T14:22:24.512Z  INFO 85 --- [plm-core] [           main] c.p.n.version.internal.VersionService    : Version created: node=82dfbc0f-086a-4f62-a696-c62f4eb8c149 v=2 A.2 type=CONTENT tx=3a17c042-a102-4e93-b057-eb720ab8e778 user=user-alice
]]></system-out>
  </testcase>
  <testcase name="testRolledBackTxDisappearsFromList" classname="com.plm.PlmTransactionTest" time="0.02">
    <system-out><![CDATA[2026-04-21T14:22:24.535Z  INFO 85 --- [plm-core] [           main] org.casbin.jcasbin                       : Request: [role-designer, ps-default, UPDATE, *, *] ---> true
2026-04-21T14:22:24.536Z  INFO 85 --- [plm-core] [           main] org.casbin.jcasbin                       : Hit Policy: [role-designer, ps-default, UPDATE, *, *]
2026-04-21T14:22:24.537Z  INFO 85 --- [plm-core] [           main] c.p.n.t.internal.PlmTransactionService   : Transaction opened: id=936f2b28-c761-42e6-b895-5c637192b598 owner=user-alice
2026-04-21T14:22:24.537Z  INFO 85 --- [plm-core] [           main] org.casbin.jcasbin                       : Request: [role-designer, ps-default, UPDATE, *, *] ---> true
2026-04-21T14:22:24.537Z  INFO 85 --- [plm-core] [           main] org.casbin.jcasbin                       : Hit Policy: [role-designer, ps-default, UPDATE, *, *]
2026-04-21T14:22:24.543Z  INFO 85 --- [plm-core] [           main] c.p.n.t.internal.PlmTransactionService   : Transaction rolled back and deleted: id=936f2b28-c761-42e6-b895-5c637192b598 owner=user-alice versions=0 attrs=0
]]></system-out>
  </testcase>
</testsuite>